{"level":"info","message":"GET / 404 9 - 0.798 ms"}
{"level":"info","message":"GET /.git/HEAD 404 9 - 0.931 ms"}
{"level":"info","message":"GET /.git/config 404 9 - 0.255 ms"}
{"level":"info","message":"GET /dashboard/.env 404 9 - 0.310 ms"}
{"level":"info","message":"GET /.env 404 9 - 0.768 ms"}
{"level":"info","message":"GET /.git/config 404 9 - 0.247 ms"}
{"level":"info","message":"GET / 404 9 - 0.615 ms"}
{"level":"info","message":"GET / 404 9 - 0.242 ms"}
{"level":"info","message":"GET /.git/config 404 9 - 0.692 ms"}
{"level":"info","message":"GET /.git/config 404 9 - 0.239 ms"}
{"level":"info","message":"GET / 404 9 - 0.959 ms"}
{"level":"info","message":"GET /favicon.ico 404 9 - 0.246 ms"}
{"level":"info","message":"GET /login 404 9 - 0.250 ms"}
{"level":"info","message":"GET /favicon.ico 404 9 - 0.261 ms"}
{"level":"info","message":"GET /ecp/Current/exporttool/microsoft.exchange.ediscovery.exporttool.application 404 9 - 0.890 ms"}
{"level":"info","message":"GET /ab2g 404 9 - 1.015 ms"}
{"level":"info","message":"GET /ab2h 404 9 - 0.268 ms"}
{"level":"info","message":"GET / 404 9 - 0.259 ms"}
{"level":"info","message":"GET /download/powershell/ 404 9 - 0.305 ms"}
{"level":"info","message":"GET /.env 404 9 - 0.271 ms"}
{"level":"info","message":"GET /.env.save 404 9 - 0.332 ms"}
{"level":"info","message":"GET / 404 9 - 0.245 ms"}
{"level":"info","message":"GET /cdn-cgi/trace/cdn-cgi/trace 404 9 - 0.316 ms"}
{"level":"info","message":"GET / 404 9 - 1.072 ms"}
{"level":"info","message":"GET / 404 9 - 0.887 ms"}
{"level":"info","message":"GET /files/.git/config 404 9 - 0.387 ms"}
{"level":"info","message":"GET /.env.ci 404 9 - 0.285 ms"}
{"level":"info","message":"GET /.env.default 404 9 - 0.281 ms"}
{"level":"info","message":"GET /.env.secret 404 9 - 0.257 ms"}
{"level":"info","message":"GET /.env.template 404 9 - 0.321 ms"}
{"level":"info","message":"GET /static../.git/config 404 9 - 0.308 ms"}
{"level":"info","message":"GET /.env.preprod 404 9 - 0.245 ms"}
{"level":"info","message":"GET /.env.prod 404 9 - 0.373 ms"}
{"level":"info","message":"GET /media../.git/config 404 9 - 0.268 ms"}
{"level":"info","message":"GET /admin/.git/config 404 9 - 0.281 ms"}
{"level":"info","message":"GET /config/.git/config 404 9 - 0.272 ms"}
{"level":"info","message":"GET /www/.git/config 404 9 - 0.261 ms"}
{"level":"info","message":"GET /.aws/credentials 404 9 - 0.265 ms"}
{"level":"info","message":"GET /.env.local 404 9 - 0.321 ms"}
{"level":"info","message":"GET /data/.git/config 404 9 - 0.325 ms"}
{"level":"info","message":"GET /server/.git/config 404 9 - 0.267 ms"}
{"level":"info","message":"GET /dev/.git/config 404 9 - 0.273 ms"}
{"level":"info","message":"GET /.env.stage 404 9 - 0.248 ms"}
{"level":"info","message":"GET /prod/.env 404 9 - 3.866 ms"}
{"level":"info","message":"GET /backup/.git/config 404 9 - 0.279 ms"}
{"level":"info","message":"GET /project/.git/config 404 9 - 0.260 ms"}
{"level":"info","message":"GET /settings/.env 404 9 - 0.233 ms"}
{"level":"info","message":"GET /api/.env 404 9 - 0.269 ms"}
{"level":"info","message":"GET /config.json 404 9 - 0.259 ms"}
{"level":"info","message":"GET /docker-compose.prod.yml 404 9 - 0.323 ms"}
{"level":"info","message":"GET /.env.save 404 9 - 0.288 ms"}
{"level":"info","message":"GET /.env.dev.local 404 9 - 0.283 ms"}
{"level":"info","message":"GET /.env.staging.local 404 9 - 0.292 ms"}
{"level":"info","message":"GET /core/.git/config 404 9 - 0.232 ms"}
{"level":"info","message":"GET /.env.backup 404 9 - 0.265 ms"}
{"level":"info","message":"GET /.env_sample 404 9 - 0.317 ms"}
{"level":"info","message":"GET /.env.development.local 404 9 - 0.277 ms"}
{"level":"info","message":"GET /.env.sandbox 404 9 - 0.258 ms"}
{"level":"info","message":"GET /.env.test 404 9 - 0.273 ms"}
{"level":"info","message":"GET /app/.git/config 404 9 - 0.220 ms"}
{"level":"info","message":"GET /config/.env 404 9 - 0.236 ms"}
{"level":"info","message":"GET /cms/.git/config 404 9 - 0.256 ms"}
{"level":"info","message":"GET /src/.git/config 404 9 - 0.355 ms"}
{"level":"info","message":"GET /.env.bak 404 9 - 0.237 ms"}
{"level":"info","message":"GET /.env 404 9 - 0.282 ms"}
{"level":"info","message":"GET /.env.dist 404 9 - 0.284 ms"}
{"level":"info","message":"GET /build/.env 404 9 - 0.234 ms"}
{"level":"info","message":"GET /.env.config 404 9 - 0.233 ms"}
{"level":"info","message":"GET /.env.production 404 9 - 0.295 ms"}
{"level":"info","message":"GET /.env.testing 404 9 - 0.299 ms"}
{"level":"info","message":"GET /.git/config 404 9 - 0.270 ms"}
{"level":"info","message":"GET /assets../.git/config 404 9 - 0.234 ms"}
{"level":"info","message":"GET /.env.dev 404 9 - 0.285 ms"}
{"level":"info","message":"GET /.env.live 404 9 - 0.267 ms"}
{"level":"info","message":"GET /.env.production.local 404 9 - 0.260 ms"}
{"level":"info","message":"GET /configuration/.env 404 9 - 0.254 ms"}
{"level":"info","message":"GET /robots.txt 404 9 - 0.276 ms"}
{"level":"info","message":"GET / 404 9 - 0.275 ms"}
{"level":"info","message":"GET /wp-admin/setup-config.php 404 9 - 0.310 ms"}
{"level":"info","message":"GET /wordpress/wp-admin/setup-config.php 404 9 - 0.245 ms"}
{"level":"info","message":"GET / 404 9 - 3.606 ms"}
{"level":"info","message":"GET / 404 9 - 0.602 ms"}
{"level":"info","message":"GET /favicon.ico 404 9 - 0.436 ms"}
{"level":"info","message":"GET /unvt/VT-open/zxy/UniteStreetMapVector/0/0/0.pbf 304 - - 16.549 ms"}
{"level":"info","message":"GET / 404 9 - 0.511 ms"}
{"level":"info","message":"GET /.env_sample 404 9 - 0.713 ms"}
{"level":"info","message":"GET / 404 9 - 0.397 ms"}
{"level":"info","message":"GET /favicon.ico 404 9 - 0.294 ms"}
{"level":"info","message":"GET /wiki 404 9 - 0.346 ms"}
{"level":"info","message":"GET /favicon.ico 404 9 - 0.449 ms"}
{"level":"info","message":"GET /fapi/v1/ticker/bookTicker?symbol=BTCUSDT 404 9 - 0.331 ms"}
{"level":"info","message":"GET / 404 9 - 0.658 ms"}
{"level":"info","message":"PROPFIND / 404 9 - 0.614 ms"}
{"level":"info","message":"GET /.env 404 9 - 0.298 ms"}
{"level":"info","message":"GET /api/.env 404 9 - 0.261 ms"}
{"level":"info","message":"GET /backend/.env 404 9 - 0.356 ms"}
{"level":"info","message":"GET /admin/.env 404 9 - 0.328 ms"}
{"level":"info","message":"GET /.env.example 404 9 - 0.316 ms"}
{"level":"info","message":"GET /app_dev.php/_profiler/phpinfo 404 9 - 0.238 ms"}
{"level":"info","message":"GET /?phpinfo=-1 404 9 - 0.297 ms"}
{"level":"info","message":"GET /client_secrets.json 404 9 - 0.323 ms"}
{"level":"info","message":"GET /pinfo.php 404 9 - 0.269 ms"}
{"level":"info","message":"GET /misc/.env 404 9 - 0.251 ms"}
{"level":"info","message":"GET /content/.env 404 9 - 0.285 ms"}
{"level":"info","message":"GET /docker/.env 404 9 - 0.278 ms"}
{"level":"info","message":"GET / 404 9 - 0.253 ms"}
{"level":"info","message":"GET /wordpress/wp-admin/setup-config.php 404 9 - 0.239 ms"}
{"level":"info","message":"GET /wp-admin/setup-config.php 404 9 - 0.264 ms"}
{"level":"info","message":"GET /protected/.env 404 9 - 0.239 ms"}
{"level":"info","message":"PROPFIND / 404 9 - 0.238 ms"}
{"level":"info","message":"GET /developmentserver/metadatauploader 404 9 - 1.213 ms"}
{"level":"info","message":"GET / 404 9 - 0.550 ms"}
{"level":"info","message":"GET / 404 9 - 0.381 ms"}
{"level":"info","message":"GET /cdn-cgi/trace/cdn-cgi/trace 404 9 - 0.284 ms"}
{"level":"info","message":"GET / 404 9 - 0.502 ms"}
{"level":"info","message":"GET / 404 9 - 0.324 ms"}
{"level":"info","message":"GET /favicon.ico 404 9 - 0.261 ms"}
{"level":"info","message":"PROPFIND / 404 9 - 0.301 ms"}
{"level":"info","message":"GET /_static/.env 404 9 - 0.355 ms"}
{"level":"info","message":"GET / 404 9 - 0.782 ms"}
{"level":"info","message":"GET /autodiscover/autodiscover.json?@zdi/Powershell 404 9 - 0.736 ms"}
{"level":"info","message":"GET / 404 9 - 0.416 ms"}
{"level":"info","message":"GET /.env 404 9 - 0.643 ms"}
{"level":"info","message":"GET /.git/config 404 9 - 0.236 ms"}
{"level":"info","message":"GET / 404 9 - 0.326 ms"}
{"level":"info","message":"GET /.git/config 404 9 - 0.326 ms"}
{"level":"info","message":"GET / 404 9 - 0.349 ms"}
{"level":"info","message":"GET / 404 9 - 0.240 ms"}
{"level":"info","message":"PROPFIND / 404 9 - 0.282 ms"}
{"level":"info","message":"GET / 404 9 - 0.366 ms"}
{"level":"info","message":"GET / 404 9 - 0.250 ms"}
{"level":"info","message":"GET / 404 9 - 0.666 ms"}
{"level":"info","message":"GET / 404 9 - 0.298 ms"}
{"level":"info","message":"GET /favicon.ico 404 9 - 0.310 ms"}
{"level":"info","message":"GET /api/v2/static/not.found 404 9 - 0.294 ms"}
{"level":"info","message":"GET /api/v2/static/not.found 404 9 - 0.268 ms"}
{"level":"info","message":"GET /remote/logincheck 404 9 - 0.420 ms"}
{"level":"info","message":"GET /remote/logincheck 404 9 - 0.281 ms"}
{"level":"info","message":"GET /fonts/ftnt-icons.woff 404 9 - 0.288 ms"}
{"level":"info","message":"GET /fonts/ftnt-icons.woff 404 9 - 0.257 ms"}
{"level":"info","message":"GET /login?redir=/ng 404 9 - 0.266 ms"}
{"level":"info","message":"GET /login?redir=/ng 404 9 - 0.304 ms"}
{"level":"info","message":"GET /lang/custom/sbin/init 404 9 - 0.311 ms"}
{"level":"info","message":"GET /lang/custom/sbin/init 404 9 - 0.324 ms"}
{"level":"info","message":"GET /static/lang/custom/sbin/init 404 9 - 0.276 ms"}
{"level":"info","message":"GET /static/lang/custom/sbin/init 404 9 - 0.262 ms"}
{"level":"info","message":"GET /lang/legacy/filechecksum 404 9 - 0.286 ms"}
{"level":"info","message":"GET /lang/legacy/filechecksum 404 9 - 0.301 ms"}
{"level":"info","message":"GET /migadmin/lang/legacy/legacy/filechecksum 404 9 - 0.279 ms"}
{"level":"info","message":"GET /migadmin/lang/legacy/legacy/filechecksum 404 9 - 0.284 ms"}
{"level":"info","message":"POST /php-cgi/php-cgi.exe?%ADd+cgi.force_redirect%3D0+%ADd+disable_functions%3D%22%22+%ADd+allow_url_include%3D1+%ADd+auto_prepend_file%3Dphp://input 404 9 - 1.264 ms"}
{"level":"info","message":"GET / 404 9 - 0.348 ms"}
{"level":"info","message":"GET / 404 9 - 0.861 ms"}
{"level":"info","message":"PROPFIND / 404 9 - 0.269 ms"}
{"level":"info","message":"GET /.env 404 9 - 0.278 ms"}
{"level":"info","message":"GET /wp-admin/setup-config.php 404 9 - 1.026 ms"}
{"level":"info","message":"GET /wordpress/wp-admin/setup-config.php 404 9 - 0.315 ms"}
{"level":"info","message":"PROPFIND / 404 9 - 0.741 ms"}
{"level":"info","message":"GET / 404 9 - 0.302 ms"}
{"level":"info","message":"GET / 404 9 - 0.306 ms"}
{"level":"info","message":"GET /favicon.ico 404 9 - 0.326 ms"}
{"level":"info","message":"GET /login 404 9 - 0.323 ms"}
{"level":"info","message":"GET /favicon.ico 404 9 - 0.437 ms"}
{"level":"info","message":"GET / 404 9 - 0.348 ms"}
{"level":"info","message":"GET / 404 9 - 0.331 ms"}
{"level":"info","message":"GET / 404 9 - 0.256 ms"}
{"level":"info","message":"GET /favicon.ico 404 9 - 0.534 ms"}
{"level":"info","message":"GET /security.txt 404 9 - 0.365 ms"}
{"level":"info","message":"GET /favicon.ico 404 9 - 0.344 ms"}
{"level":"info","message":"OPTIONS / 204 0 - 1.052 ms"}
{"level":"info","message":"GET /ZQDm 404 9 - 0.728 ms"}
{"level":"info","message":"GET /WJNn 404 9 - 0.325 ms"}
{"level":"info","message":"GET /aab8 404 9 - 0.315 ms"}
{"level":"info","message":"GET /jquery-3.3.1.slim.min.js 404 9 - 0.272 ms"}
{"level":"info","message":"GET /aab9 404 9 - 0.297 ms"}
{"level":"info","message":"GET /jquery-3.3.2.slim.min.js 404 9 - 0.273 ms"}
{"level":"info","message":"GET / 404 9 - 0.489 ms"}
{"level":"info","message":"GET /download/powershell/ 404 9 - 0.291 ms"}
{"level":"info","message":"GET /ab2g 404 9 - 0.409 ms"}
{"level":"info","message":"GET /ab2h 404 9 - 0.287 ms"}
{"level":"info","message":"GET /?XDEBUG_SESSION_START=phpstorm 404 9 - 0.690 ms"}
{"level":"info","message":"GET / 404 9 - 0.679 ms"}
{"level":"info","message":"PROPFIND / 404 9 - 0.266 ms"}
{"level":"info","message":"GET /portalapi/actuator 404 9 - 0.579 ms"}
{"level":"info","message":"GET / 404 9 - 0.305 ms"}
{"level":"info","message":"GET / 404 9 - 0.303 ms"}
{"level":"info","message":"GET /portalapi/actuator 404 9 - 0.400 ms"}
{"level":"info","message":"GET /.git/config 404 9 - 0.514 ms"}
{"level":"info","message":"GET /owa/auth/logon.aspx 404 9 - 0.315 ms"}
{"level":"info","message":"GET / 404 9 - 0.863 ms"}
{"level":"info","message":"GET / 404 9 - 0.464 ms"}
{"level":"info","message":"GET /.env 404 9 - 0.229 ms"}
{"level":"info","message":"GET / 404 9 - 0.451 ms"}
{"level":"info","message":"GET /fapi/v1/ticker/bookTicker?symbol=BTCUSDT 404 9 - 0.281 ms"}
{"level":"info","message":"PROPFIND / 404 9 - 0.268 ms"}
{"level":"info","message":"GET /.git/config 404 9 - 0.224 ms"}
{"level":"info","message":"GET /production/.env 404 9 - 0.310 ms"}
{"level":"info","message":"GET /owa/auth/x.js 404 9 - 1.210 ms"}
{"level":"info","message":"GET / 404 9 - 0.317 ms"}
{"level":"info","message":"GET / 404 9 - 0.336 ms"}
{"level":"info","message":"GET /favicon.ico 404 9 - 0.322 ms"}
{"level":"info","message":"GET /sitemap.xml 404 9 - 0.339 ms"}
{"level":"info","message":"GET /robots.txt 404 9 - 0.315 ms"}
{"level":"info","message":"GET /actuator/gateway/routes 404 9 - 0.248 ms"}
{"level":"info","message":"GET /.env 404 9 - 0.305 ms"}
{"level":"info","message":"POST / 404 9 - 8.769 ms"}
{"level":"info","message":"PROPFIND / 404 9 - 0.866 ms"}
{"level":"info","message":"GET /pdown 404 9 - 1.254 ms"}
{"level":"info","message":"GET /pdown 404 9 - 0.331 ms"}
{"level":"info","message":"GET / 404 9 - 0.877 ms"}
{"level":"info","message":"GET /.git/config 404 9 - 0.308 ms"}
{"level":"info","message":"PROPFIND / 404 9 - 0.562 ms"}
