{"level":"info","message":"GET /.git/config 404 9 - 0.486 ms"}
{"level":"info","message":"GET / 404 9 - 1.123 ms"}
{"level":"info","message":"POST /hello.world?%ADd+allow_url_include%3d1+%ADd+auto_prepend_file%3dphp://input 404 9 - 3.027 ms"}
{"level":"info","message":"GET /vendor/phpunit/phpunit/src/Util/PHP/eval-stdin.php 404 9 - 0.434 ms"}
{"level":"info","message":"GET /vendor/phpunit/phpunit/Util/PHP/eval-stdin.php 404 9 - 0.279 ms"}
{"level":"info","message":"GET /vendor/phpunit/src/Util/PHP/eval-stdin.php 404 9 - 0.293 ms"}
{"level":"info","message":"GET /vendor/phpunit/Util/PHP/eval-stdin.php 404 9 - 0.290 ms"}
{"level":"info","message":"GET /vendor/phpunit/phpunit/LICENSE/eval-stdin.php 404 9 - 0.263 ms"}
{"level":"info","message":"GET /vendor/vendor/phpunit/phpunit/src/Util/PHP/eval-stdin.php 404 9 - 0.830 ms"}
{"level":"info","message":"GET /phpunit/phpunit/src/Util/PHP/eval-stdin.php 404 9 - 0.290 ms"}
{"level":"info","message":"GET /phpunit/phpunit/Util/PHP/eval-stdin.php 404 9 - 0.298 ms"}
{"level":"info","message":"GET /phpunit/src/Util/PHP/eval-stdin.php 404 9 - 0.260 ms"}
{"level":"info","message":"GET /phpunit/Util/PHP/eval-stdin.php 404 9 - 0.269 ms"}
{"level":"info","message":"GET /lib/phpunit/phpunit/src/Util/PHP/eval-stdin.php 404 9 - 0.286 ms"}
{"level":"info","message":"GET /lib/phpunit/phpunit/Util/PHP/eval-stdin.php 404 9 - 0.269 ms"}
{"level":"info","message":"GET /lib/phpunit/src/Util/PHP/eval-stdin.php 404 9 - 0.264 ms"}
{"level":"info","message":"GET /lib/phpunit/Util/PHP/eval-stdin.php 404 9 - 0.332 ms"}
{"level":"info","message":"GET /lib/vendor/phpunit/phpunit/src/Util/PHP/eval-stdin.php 404 9 - 0.255 ms"}
{"level":"info","message":"GET /laravel/vendor/phpunit/phpunit/src/Util/PHP/eval-stdin.php 404 9 - 0.290 ms"}
{"level":"info","message":"GET /www/vendor/phpunit/phpunit/src/Util/PHP/eval-stdin.php 404 9 - 0.281 ms"}
{"level":"info","message":"GET /ws/vendor/phpunit/phpunit/src/Util/PHP/eval-stdin.php 404 9 - 0.378 ms"}
{"level":"info","message":"GET /yii/vendor/phpunit/phpunit/src/Util/PHP/eval-stdin.php 404 9 - 0.264 ms"}
{"level":"info","message":"GET /zend/vendor/phpunit/phpunit/src/Util/PHP/eval-stdin.php 404 9 - 0.250 ms"}
{"level":"info","message":"GET /ws/ec/vendor/phpunit/phpunit/src/Util/PHP/eval-stdin.php 404 9 - 0.286 ms"}
{"level":"info","message":"GET /V2/vendor/phpunit/phpunit/src/Util/PHP/eval-stdin.php 404 9 - 0.296 ms"}
{"level":"info","message":"GET /tests/vendor/phpunit/phpunit/src/Util/PHP/eval-stdin.php 404 9 - 0.409 ms"}
{"level":"info","message":"GET /test/vendor/phpunit/phpunit/src/Util/PHP/eval-stdin.php 404 9 - 0.309 ms"}
{"level":"info","message":"GET /testing/vendor/phpunit/phpunit/src/Util/PHP/eval-stdin.php 404 9 - 0.259 ms"}
{"level":"info","message":"GET /api/vendor/phpunit/phpunit/src/Util/PHP/eval-stdin.php 404 9 - 0.263 ms"}
{"level":"info","message":"GET /demo/vendor/phpunit/phpunit/src/Util/PHP/eval-stdin.php 404 9 - 0.262 ms"}
{"level":"info","message":"GET /cms/vendor/phpunit/phpunit/src/Util/PHP/eval-stdin.php 404 9 - 0.277 ms"}
{"level":"info","message":"GET /crm/vendor/phpunit/phpunit/src/Util/PHP/eval-stdin.php 404 9 - 0.280 ms"}
{"level":"info","message":"GET /admin/vendor/phpunit/phpunit/src/Util/PHP/eval-stdin.php 404 9 - 0.320 ms"}
{"level":"info","message":"GET /backup/vendor/phpunit/phpunit/src/Util/PHP/eval-stdin.php 404 9 - 0.260 ms"}
{"level":"info","message":"GET /blog/vendor/phpunit/phpunit/src/Util/PHP/eval-stdin.php 404 9 - 0.308 ms"}
{"level":"info","message":"GET /workspace/drupal/vendor/phpunit/phpunit/src/Util/PHP/eval-stdin.php 404 9 - 0.244 ms"}
{"level":"info","message":"GET /panel/vendor/phpunit/phpunit/src/Util/PHP/eval-stdin.php 404 9 - 0.315 ms"}
{"level":"info","message":"GET /public/vendor/phpunit/phpunit/src/Util/PHP/eval-stdin.php 404 9 - 0.252 ms"}
{"level":"info","message":"GET /apps/vendor/phpunit/phpunit/src/Util/PHP/eval-stdin.php 404 9 - 0.311 ms"}
{"level":"info","message":"GET /app/vendor/phpunit/phpunit/src/Util/PHP/eval-stdin.php 404 9 - 0.326 ms"}
{"level":"info","message":"GET /index.php?s=/index/\\think\\app/invokefunction&function=call_user_func_array&vars[0]=md5&vars[1][]=Hello 404 9 - 0.272 ms"}
{"level":"info","message":"GET /public/index.php?s=/index/\\think\\app/invokefunction&function=call_user_func_array&vars[0]=md5&vars[1][]=Hello 404 9 - 0.293 ms"}
{"level":"info","message":"GET /index.php?lang=../../../../../../../../usr/local/lib/php/pearcmd&+config-create+/&/<?echo(md5(\"hi\"));?>+/tmp/index1.php 404 9 - 0.297 ms"}
{"level":"info","message":"GET /index.php?lang=../../../../../../../../tmp/index1 404 9 - 0.306 ms"}
{"level":"info","message":"GET /containers/json 404 9 - 0.213 ms"}
{"level":"info","message":"GET /cgi-bin/luci/;stok=/locale 404 9 - 1.027 ms"}
{"level":"info","message":"GET / 404 9 - 0.406 ms"}
{"level":"info","message":"GET / 404 9 - 0.641 ms"}
{"level":"info","message":"GET /.env 404 9 - 0.377 ms"}
{"level":"info","message":"GET /.git/config 404 9 - 0.275 ms"}
{"level":"info","message":"GET /.env 404 9 - 0.253 ms"}
{"level":"info","message":"GET / 404 9 - 0.295 ms"}
{"level":"info","message":"GET /favicon.ico 404 9 - 0.331 ms"}
{"level":"info","message":"GET /robots.txt 404 9 - 0.269 ms"}
{"level":"info","message":"GET /sitemap.xml 404 9 - 0.227 ms"}
{"level":"info","message":"GET /.env 404 9 - 0.260 ms"}
{"level":"info","message":"GET /api/.env 404 9 - 0.246 ms"}
{"level":"info","message":"GET /backend/.env 404 9 - 0.269 ms"}
{"level":"info","message":"GET /admin/.env 404 9 - 0.325 ms"}
{"level":"info","message":"GET /.env.example 404 9 - 0.244 ms"}
{"level":"info","message":"GET /app_dev.php/_profiler/phpinfo 404 9 - 0.353 ms"}
{"level":"info","message":"GET /?phpinfo=-1 404 9 - 0.312 ms"}
{"level":"info","message":"GET /getcfg.php 404 9 - 0.316 ms"}
{"level":"info","message":"GET /cp/.env 404 9 - 0.282 ms"}
{"level":"info","message":"GET /ads/.env 404 9 - 0.512 ms"}
{"level":"info","message":"GET /config/aws.yml 404 9 - 0.223 ms"}
{"level":"info","message":"GET /staticfiles/.env 404 9 - 0.265 ms"}
{"level":"info","message":"GET /.env 404 9 - 0.581 ms"}
{"level":"info","message":"POST / 404 9 - 1.481 ms"}
{"level":"info","message":"GET / 404 9 - 0.462 ms"}
{"level":"info","message":"GET / 404 9 - 0.434 ms"}
{"level":"info","message":"GET /favicon.ico 404 9 - 0.718 ms"}
{"level":"info","message":"GET /wp-admin/setup-config.php 404 9 - 0.898 ms"}
{"level":"info","message":"GET /wordpress/wp-admin/setup-config.php 404 9 - 0.241 ms"}
{"level":"info","message":"GET /developmentserver/metadatauploader 404 9 - 0.685 ms"}
{"level":"info","message":"GET / 404 9 - 0.347 ms"}
{"level":"info","message":"GET /ab2g 404 9 - 0.513 ms"}
{"level":"info","message":"GET /ab2h 404 9 - 0.272 ms"}
{"level":"info","message":"GET / 404 9 - 0.267 ms"}
{"level":"info","message":"GET /download/powershell/ 404 9 - 0.335 ms"}
{"level":"info","message":"GET / 404 9 - 0.809 ms"}
{"level":"info","message":"GET / 404 9 - 0.929 ms"}
{"level":"info","message":"GET / 404 9 - 0.820 ms"}
{"level":"info","message":"GET /.env 404 9 - 0.371 ms"}
{"level":"info","message":"GET /api/.env 404 9 - 0.320 ms"}
{"level":"info","message":"GET /backend/.env 404 9 - 0.259 ms"}
{"level":"info","message":"GET /admin/.env 404 9 - 0.306 ms"}
{"level":"info","message":"GET /.env.example 404 9 - 0.313 ms"}
{"level":"info","message":"GET /app_dev.php/_profiler/phpinfo 404 9 - 0.255 ms"}
{"level":"info","message":"GET /?phpinfo=-1 404 9 - 0.323 ms"}
{"level":"info","message":"GET /php-info 404 9 - 0.255 ms"}
{"level":"info","message":"GET /services/.env 404 9 - 0.260 ms"}
{"level":"info","message":"GET /config/secrets.yml 404 9 - 0.223 ms"}
{"level":"info","message":"GET /admin/info.php 404 9 - 0.228 ms"}
{"level":"info","message":"GET / 404 9 - 0.445 ms"}
{"level":"info","message":"GET /admin/login.asp 404 9 - 0.729 ms"}
{"level":"info","message":"POST /php-cgi/php-cgi.exe?%ADd+cgi.force_redirect%3D0+%ADd+disable_functions%3D%22%22+%ADd+allow_url_include%3D1+%ADd+auto_prepend_file%3Dphp://input 404 9 - 0.891 ms"}
{"level":"info","message":"GET / 404 9 - 2.773 ms"}
{"level":"info","message":"GET /fapi/v1/ticker/bookTicker?symbol=BTCUSDT 404 9 - 1.011 ms"}
{"level":"info","message":"GET /autodiscover/autodiscover.json?@zdi/Powershell 404 9 - 0.286 ms"}
{"level":"info","message":"GET / 404 9 - 0.376 ms"}
{"level":"info","message":"GET /favicon.ico 404 9 - 0.336 ms"}
{"level":"info","message":"GET / 404 9 - 0.433 ms"}
{"level":"info","message":"GET /wordpress/wp-admin/setup-config.php 404 9 - 0.353 ms"}
{"level":"info","message":"GET /wp-admin/setup-config.php 404 9 - 0.284 ms"}
{"level":"info","message":"GET /favicon.ico 404 9 - 0.539 ms"}
{"level":"info","message":"GET / 404 9 - 0.458 ms"}
{"level":"info","message":"GET / 404 9 - 1.006 ms"}
{"level":"info","message":"GET / 404 9 - 0.939 ms"}
{"level":"info","message":"GET / 404 9 - 0.461 ms"}
{"level":"info","message":"GET / 404 9 - 0.329 ms"}
{"level":"info","message":"GET / 404 9 - 0.965 ms"}
{"level":"info","message":"GET / 404 9 - 0.275 ms"}
{"level":"info","message":"GET / 404 9 - 0.385 ms"}
{"level":"info","message":"GET / 404 9 - 0.860 ms"}
{"level":"info","message":"GET / 404 9 - 1.019 ms"}
{"level":"info","message":"GET / 404 9 - 0.550 ms"}
{"level":"info","message":"GET /.git/HEAD 404 9 - 0.283 ms"}
{"level":"info","message":"GET / 404 9 - 0.185 ms"}
{"level":"info","message":"GET /webui 404 9 - 0.187 ms"}
{"level":"info","message":"GET /?=PHPE9568F36-D428-11d2-A769-00AA001ACF42 404 9 - 0.152 ms"}
{"level":"info","message":"GET /nmaplowercheck1749266140 404 9 - 0.159 ms"}
{"level":"info","message":"GET / 404 9 - 0.137 ms"}
{"level":"info","message":"GET /Portal0000.htm 404 9 - 0.264 ms"}
{"level":"info","message":"POST /sdk 404 9 - 1.158 ms"}
{"level":"info","message":"GET /HNAP1 404 9 - 0.270 ms"}
{"level":"info","message":"GET / 404 9 - 0.185 ms"}
{"level":"info","message":"GET /favicon.ico 404 9 - 0.148 ms"}
{"level":"info","message":"GET /?=PHPB8B5F2A0-3C92-11d3-A3A9-4C7B08C10000 404 9 - 0.405 ms"}
{"level":"info","message":"GET /CSS/Miniweb.css 404 9 - 0.388 ms"}
{"level":"info","message":"GET /__Additional 404 9 - 0.303 ms"}
{"level":"info","message":"HEAD / 404 9 - 0.411 ms"}
{"level":"info","message":"GET /nmaplowercheck1749266140 404 9 - 0.332 ms"}
{"level":"info","message":"GET /login.php 404 9 - 0.225 ms"}
{"level":"info","message":"GET /xNf0 404 9 - 0.165 ms"}
{"level":"info","message":"GET /indice.asp 404 9 - 0.268 ms"}
{"level":"info","message":"GET /webui 404 9 - 0.221 ms"}
{"level":"info","message":"GET /?=PHPE9568F36-D428-11d2-A769-00AA001ACF42 404 9 - 0.183 ms"}
{"level":"info","message":"GET /pools/default/buckets 404 9 - 0.240 ms"}
{"level":"info","message":"GET /dniapi/userInfos 404 9 - 0.223 ms"}
{"level":"info","message":"GET /robots.txt 404 9 - 0.273 ms"}
{"level":"info","message":"GET / 404 9 - 0.159 ms"}
{"level":"info","message":"GET /pools/default/buckets 404 9 - 0.254 ms"}
{"level":"info","message":"GET /pools 404 9 - 0.304 ms"}
{"level":"info","message":"GET /localstart.cgi 404 9 - 0.269 ms"}
{"level":"info","message":"GET /api/v2/about 404 9 - 0.187 ms"}
{"level":"info","message":"POST /scripts/WPnBr.dll 404 9 - 1.606 ms"}
{"level":"info","message":"GET /owa/ 404 9 - 0.204 ms"}
{"level":"info","message":"GET /pools 404 9 - 0.279 ms"}
{"level":"info","message":"GET / 404 9 - 0.245 ms"}
{"level":"info","message":"GET /?=PHPB8B5F2A0-3C92-11d3-A3A9-4C7B08C10000 404 9 - 0.188 ms"}
{"level":"info","message":"GET /health 404 9 - 0.169 ms"}
{"level":"info","message":"GET /webui 404 9 - 0.410 ms"}
{"level":"info","message":"GET /main.jsa 404 9 - 0.177 ms"}
{"level":"info","message":"GET /owa/ 404 9 - 0.172 ms"}
{"level":"info","message":"GET /CSS/Miniweb.css 404 9 - 0.146 ms"}
{"level":"info","message":"POST /scripts/WPnBr.dll 404 9 - 0.204 ms"}
{"level":"info","message":"GET /Portal/Portal.mwsl 404 9 - 0.223 ms"}
{"level":"info","message":"GET /Portal/Portal.mwsl 404 9 - 0.245 ms"}
{"level":"info","message":"GET /user 404 9 - 0.271 ms"}
{"level":"info","message":"GET /indice.aspx 404 9 - 0.197 ms"}
{"level":"info","message":"GET /health 404 9 - 0.305 ms"}
{"level":"info","message":"GET /docs/cplugError.html/ 404 9 - 0.205 ms"}
{"level":"info","message":"GET /docs/cplugError.html/ 404 9 - 0.192 ms"}
{"level":"info","message":"GET /human.aspx?arg12=infotech 404 9 - 0.269 ms"}
{"level":"info","message":"GET /index.asp 404 9 - 0.170 ms"}
{"level":"info","message":"GET / 404 9 - 0.177 ms"}
{"level":"info","message":"GET / 404 9 - 0.125 ms"}
{"level":"info","message":"GET /.git/HEAD 404 9 - 0.327 ms"}
{"level":"info","message":"POST /sdk 404 9 - 0.260 ms"}
{"level":"info","message":"GET /cgi-mod/header_logo.cgi?size=big 404 9 - 0.286 ms"}
{"level":"info","message":"GET /login.php 404 9 - 0.267 ms"}
{"level":"info","message":"GET /dana-cached/hc/HostCheckerInstaller.osx 404 9 - 0.224 ms"}
{"level":"info","message":"GET /admin.shtml 404 9 - 0.159 ms"}
{"level":"info","message":"GET / 404 9 - 0.274 ms"}
{"level":"info","message":"GET /oCZP 404 9 - 0.267 ms"}
{"level":"info","message":"GET /indice.asp 404 9 - 0.224 ms"}
{"level":"info","message":"GET /dniapi/userInfos 404 9 - 0.149 ms"}
{"level":"info","message":"GET /home.html 404 9 - 0.369 ms"}
{"level":"info","message":"GET /dana-na/nc/nc_gina_ver.txt 404 9 - 0.158 ms"}
{"level":"info","message":"GET /HNAP1 404 9 - 0.142 ms"}
{"level":"info","message":"GET /Portal0000.htm 404 9 - 0.134 ms"}
{"level":"info","message":"HEAD / 404 9 - 0.143 ms"}
{"level":"info","message":"GET /cgi-mod/header_logo.cgi?size=big 404 9 - 0.234 ms"}
{"level":"info","message":"GET /api/v2/about 404 9 - 0.247 ms"}
{"level":"info","message":"GET /robots.txt 404 9 - 0.174 ms"}
{"level":"info","message":"GET /+CSCOE+/logon.html 404 9 - 0.309 ms"}
{"level":"info","message":"GET /admin.pl 404 9 - 0.185 ms"}
{"level":"info","message":"GET /__Additional 404 9 - 0.203 ms"}
{"level":"info","message":"GET / 404 9 - 0.225 ms"}
{"level":"info","message":"GET /localstart.cgi 404 9 - 0.158 ms"}
{"level":"info","message":"GET /webui 404 9 - 0.145 ms"}
{"level":"info","message":"GET /CFIDE/componentutils/ 404 9 - 0.286 ms"}
{"level":"info","message":"GET /inicio.asp 404 9 - 0.159 ms"}
{"level":"info","message":"GET /main.jsa 404 9 - 0.308 ms"}
{"level":"info","message":"GET /user 404 9 - 0.228 ms"}
{"level":"info","message":"GET /favicon.ico 404 9 - 0.166 ms"}
{"level":"info","message":"GET /geoserver/index.html 404 9 - 0.218 ms"}
{"level":"info","message":"GET /indice.html 404 9 - 0.256 ms"}
{"level":"info","message":"GET /geoserver/ 404 9 - 0.335 ms"}
{"level":"info","message":"GET /main.php 404 9 - 0.160 ms"}
{"level":"info","message":"GET /human.aspx?arg12=infotech 404 9 - 0.168 ms"}
{"level":"info","message":"GET /indice.aspx 404 9 - 0.167 ms"}
{"level":"info","message":"GET /admin.php 404 9 - 0.275 ms"}
{"level":"info","message":"GET /geoserver/web/wicket/bookmarkable/org.geoserver.web.AboutGeoServerPage 404 9 - 0.164 ms"}
{"level":"info","message":"GET /index.asp 404 9 - 0.171 ms"}
{"level":"info","message":"GET /dana-cached/hc/HostCheckerInstaller.osx 404 9 - 0.133 ms"}
{"level":"info","message":"GET /Account/Login 404 9 - 0.309 ms"}
{"level":"info","message":"GET /admin.jsp 404 9 - 0.180 ms"}
{"level":"info","message":"GET /dana-na/nc/nc_gina_ver.txt 404 9 - 0.192 ms"}
{"level":"info","message":"GET /admin.shtml 404 9 - 0.196 ms"}
{"level":"info","message":"GET /cgi-bin/info.cgi 404 9 - 0.265 ms"}
{"level":"info","message":"GET /indice.jsa 404 9 - 0.185 ms"}
{"level":"info","message":"GET /home.html 404 9 - 0.269 ms"}
{"level":"info","message":"GET /+CSCOE+/logon.html 404 9 - 0.174 ms"}
{"level":"info","message":"GET /xml/info.xml 404 9 - 0.263 ms"}
{"level":"info","message":"GET /base.php 404 9 - 0.235 ms"}
{"level":"info","message":"GET /CFIDE/componentutils/ 404 9 - 0.212 ms"}
{"level":"info","message":"GET /admin.pl 404 9 - 0.184 ms"}
{"level":"info","message":"GET /magento_version 404 9 - 0.217 ms"}
{"level":"info","message":"GET /localstart.jhtml 404 9 - 0.183 ms"}
{"level":"info","message":"GET /geoserver/index.html 404 9 - 0.250 ms"}
{"level":"info","message":"GET /inicio.asp 404 9 - 0.187 ms"}
{"level":"info","message":"GET /api/v1/check-version 404 9 - 0.235 ms"}
{"level":"info","message":"GET /menu.jsa 404 9 - 0.223 ms"}
{"level":"info","message":"GET /indice.html 404 9 - 0.215 ms"}
{"level":"info","message":"GET /geoserver/ 404 9 - 0.152 ms"}
{"level":"info","message":"GET /fog/management/index.php?node=client&sub=logininfo 404 9 - 0.219 ms"}
{"level":"info","message":"GET /indice.jhtml 404 9 - 0.155 ms"}
{"level":"info","message":"GET /geoserver/web/wicket/bookmarkable/org.geoserver.web.AboutGeoServerPage 404 9 - 0.292 ms"}
{"level":"info","message":"GET /main.php 404 9 - 0.159 ms"}
{"level":"info","message":"GET /helpdesk/WebObjects/Helpdesk.woa 404 9 - 0.323 ms"}
{"level":"info","message":"GET /menu.asp 404 9 - 0.228 ms"}
{"level":"info","message":"GET /Account/Login 404 9 - 0.232 ms"}
{"level":"info","message":"GET /admin.php 404 9 - 0.207 ms"}
{"level":"info","message":"GET /cluster/list.query 404 9 - 0.290 ms"}
{"level":"info","message":"GET /cgi-bin/info.cgi 404 9 - 0.263 ms"}
{"level":"info","message":"GET /admin.jsp 404 9 - 0.159 ms"}
{"level":"info","message":"GET /apps/zxtm/login.cgi 404 9 - 0.251 ms"}
{"level":"info","message":"GET /indice.jsa 404 9 - 0.238 ms"}
{"level":"info","message":"GET /api/server/version 404 9 - 0.243 ms"}
{"level":"info","message":"GET /base.php 404 9 - 0.220 ms"}
{"level":"info","message":"GET /administrator/manifests/files/joomla.xml 404 9 - 0.239 ms"}
{"level":"info","message":"GET /xml/info.xml 404 9 - 0.163 ms"}
{"level":"info","message":"GET /localstart.jhtml 404 9 - 0.249 ms"}
{"level":"info","message":"GET /language/en-GB/en-GB.xml 404 9 - 0.311 ms"}
{"level":"info","message":"GET /magento_version 404 9 - 0.184 ms"}
{"level":"info","message":"GET /menu.jsa 404 9 - 0.282 ms"}
{"level":"info","message":"GET /versa/login 404 9 - 0.302 ms"}
{"level":"info","message":"GET /api/v1/check-version 404 9 - 0.235 ms"}
{"level":"info","message":"GET /indice.jhtml 404 9 - 0.287 ms"}
{"level":"info","message":"GET /login.html 404 9 - 0.288 ms"}
{"level":"info","message":"GET /fog/management/index.php?node=client&sub=logininfo 404 9 - 0.183 ms"}
{"level":"info","message":"GET /menu.asp 404 9 - 0.309 ms"}
{"level":"info","message":"GET /p/login/ 404 9 - 0.309 ms"}
{"level":"info","message":"GET /helpdesk/WebObjects/Helpdesk.woa 404 9 - 0.193 ms"}
{"level":"info","message":"GET /menu.shtml 404 9 - 0.279 ms"}
{"level":"info","message":"GET /api/version 404 9 - 0.278 ms"}
{"level":"info","message":"GET /cluster/list.query 404 9 - 0.204 ms"}
{"level":"info","message":"GET /home.pl 404 9 - 0.281 ms"}
{"level":"info","message":"GET /admin.html 404 9 - 0.256 ms"}
{"level":"info","message":"GET /admin.cgi 404 9 - 0.266 ms"}
{"level":"info","message":"GET /home.shtml 404 9 - 0.285 ms"}
{"level":"info","message":"GET /base.jsa 404 9 - 0.260 ms"}
{"level":"info","message":"GET /home.cfm 404 9 - 0.258 ms"}
{"level":"info","message":"GET /admin.cfm 404 9 - 0.264 ms"}
{"level":"info","message":"GET /api/server/version 404 9 - 0.206 ms"}
{"level":"info","message":"GET /status 404 9 - 0.248 ms"}
{"level":"info","message":"GET /administrator/manifests/files/joomla.xml 404 9 - 0.173 ms"}
{"level":"info","message":"GET /localstart.jsp 404 9 - 0.235 ms"}
{"level":"info","message":"GET /info.asp 404 9 - 0.291 ms"}
{"level":"info","message":"GET /language/en-GB/en-GB.xml 404 9 - 0.184 ms"}
{"level":"info","message":"GET /admin.aspx 404 9 - 0.235 ms"}
{"level":"info","message":"GET /cgi-bin/param.cgi?get_device_conf 404 9 - 0.256 ms"}
{"level":"info","message":"GET /versa/login 404 9 - 0.165 ms"}
{"level":"info","message":"GET /main.cgi 404 9 - 0.317 ms"}
{"level":"info","message":"GET /lms/db 404 9 - 0.268 ms"}
{"level":"info","message":"GET /main.html 404 9 - 0.205 ms"}
{"level":"info","message":"GET /login.html 404 9 - 0.261 ms"}
{"level":"info","message":"GET /ext-js/app/common/zld_product_spec.js 404 9 - 0.246 ms"}
{"level":"info","message":"GET /admin.asp 404 9 - 0.275 ms"}
{"level":"info","message":"GET /p/login/ 404 9 - 0.234 ms"}
{"level":"info","message":"GET /base.shtml 404 9 - 0.255 ms"}
{"level":"info","message":"GET /api/version 404 9 - 0.233 ms"}
{"level":"info","message":"GET /base.html 404 9 - 0.306 ms"}
{"level":"info","message":"GET /start.cfm 404 9 - 0.264 ms"}
{"level":"info","message":"GET /portal/ 404 9 - 0.281 ms"}
{"level":"info","message":"GET /base.jsp 404 9 - 0.353 ms"}
{"level":"info","message":"GET /status 404 9 - 0.288 ms"}
{"level":"info","message":"GET /login/login.html 404 9 - 0.297 ms"}
{"level":"info","message":"GET /main.aspx 404 9 - 0.215 ms"}
{"level":"info","message":"GET /info.asp 404 9 - 0.273 ms"}
{"level":"info","message":"GET /allversions 404 9 - 0.276 ms"}
{"level":"info","message":"GET /start.php 404 9 - 0.260 ms"}
{"level":"info","message":"GET /cgi-bin/param.cgi?get_device_conf 404 9 - 0.264 ms"}
{"level":"info","message":"GET /versions 404 9 - 0.373 ms"}
{"level":"info","message":"GET /start.jhtml 404 9 - 0.211 ms"}
{"level":"info","message":"GET /lms/db 404 9 - 0.293 ms"}
{"level":"info","message":"GET /r-seenet/index.php 404 9 - 0.302 ms"}
{"level":"info","message":"GET /base.pl 404 9 - 0.242 ms"}
{"level":"info","message":"GET /ext-js/app/common/zld_product_spec.js 404 9 - 0.246 ms"}
{"level":"info","message":"GET /api/vip/i18n/api/v2/translation/products/vRNIUI/versions/1 404 9 - 0.241 ms"}
{"level":"info","message":"GET /base.cgi 404 9 - 0.206 ms"}
{"level":"info","message":"GET /login/login.html 404 9 - 0.230 ms"}
{"level":"info","message":"GET /tos/index.php?user/login 404 9 - 0.218 ms"}
{"level":"info","message":"GET /allversions 404 9 - 0.279 ms"}
{"level":"info","message":"GET /c/login 404 9 - 0.222 ms"}
{"level":"info","message":"GET / 404 9 - 0.302 ms"}
{"level":"info","message":"GET / 404 9 - 0.248 ms"}
{"level":"info","message":"GET / 404 9 - 0.290 ms"}
{"level":"info","message":"GET / 404 9 - 0.271 ms"}
{"level":"info","message":"GET /.env 404 9 - 0.264 ms"}
{"level":"info","message":"GET /robots.txt 404 9 - 0.296 ms"}
{"level":"info","message":"GET / 404 9 - 0.267 ms"}
{"level":"info","message":"GET /wp-admin/setup-config.php 404 9 - 0.271 ms"}
{"level":"info","message":"GET /wordpress/wp-admin/setup-config.php 404 9 - 0.327 ms"}
{"level":"info","message":"GET / 404 9 - 0.889 ms"}
{"level":"info","message":"GET /webui/ 404 9 - 0.304 ms"}
{"level":"info","message":"GET /favicon.ico 404 9 - 0.260 ms"}
{"level":"info","message":"GET /geoserver/web/ 404 9 - 0.266 ms"}
{"level":"info","message":"GET /.git/config 404 9 - 0.271 ms"}
{"level":"info","message":"GET / 404 9 - 0.305 ms"}
{"level":"info","message":"GET / 404 9 - 0.286 ms"}
{"level":"info","message":"POST /php-cgi/php-cgi.exe?%ADd+cgi.force_redirect%3D0+%ADd+disable_functions%3D%22%22+%ADd+allow_url_include%3D1+%ADd+auto_prepend_file%3Dphp://input 404 9 - 10.758 ms"}
{"level":"info","message":"GET / 404 9 - 0.356 ms"}
{"level":"info","message":"GET /favicon.ico 404 9 - 0.272 ms"}
{"level":"info","message":"GET /security.txt 404 9 - 0.634 ms"}
{"level":"info","message":"GET /favicon.ico 404 9 - 0.274 ms"}
{"level":"info","message":"GET /.env 404 9 - 0.401 ms"}
{"level":"info","message":"GET /.git/config 404 9 - 0.228 ms"}
{"level":"info","message":"GET / 404 9 - 0.222 ms"}
{"level":"info","message":"GET / 404 9 - 0.240 ms"}
{"level":"info","message":"GET / 404 9 - 0.382 ms"}
{"level":"info","message":"GET / 404 9 - 0.264 ms"}
{"level":"info","message":"GET /favicon.ico 404 9 - 0.309 ms"}
{"level":"info","message":"GET /api/v2/static/not.found 404 9 - 0.258 ms"}
{"level":"info","message":"GET /api/v2/static/not.found 404 9 - 0.254 ms"}
{"level":"info","message":"GET /remote/logincheck 404 9 - 0.334 ms"}
{"level":"info","message":"GET /remote/logincheck 404 9 - 0.269 ms"}
{"level":"info","message":"GET /fonts/ftnt-icons.woff 404 9 - 0.299 ms"}
{"level":"info","message":"GET /fonts/ftnt-icons.woff 404 9 - 0.311 ms"}
{"level":"info","message":"GET /login?redir=/ng 404 9 - 0.299 ms"}
{"level":"info","message":"GET /login?redir=/ng 404 9 - 0.311 ms"}
{"level":"info","message":"GET /lang/custom/sbin/init 404 9 - 0.297 ms"}
{"level":"info","message":"GET /lang/custom/sbin/init 404 9 - 0.340 ms"}
{"level":"info","message":"GET /static/lang/custom/sbin/init 404 9 - 0.303 ms"}
{"level":"info","message":"GET /static/lang/custom/sbin/init 404 9 - 0.259 ms"}
{"level":"info","message":"GET /lang/legacy/filechecksum 404 9 - 0.357 ms"}
{"level":"info","message":"GET /lang/legacy/filechecksum 404 9 - 0.242 ms"}
{"level":"info","message":"GET /migadmin/lang/legacy/legacy/filechecksum 404 9 - 0.266 ms"}
{"level":"info","message":"GET /migadmin/lang/legacy/legacy/filechecksum 404 9 - 0.270 ms"}
{"level":"info","message":"GET /cgi-bin/luci/;stok=/locale 404 9 - 0.255 ms"}
{"level":"info","message":"GET / 404 9 - 0.842 ms"}
{"level":"info","message":"GET / 404 9 - 0.895 ms"}
{"level":"info","message":"GET /actuator/health 404 9 - 0.908 ms"}
{"level":"info","message":"GET /?XDEBUG_SESSION_START=phpstorm 404 9 - 1.008 ms"}
{"level":"info","message":"GET / 404 9 - 0.480 ms"}
{"level":"info","message":"GET /favicon.ico 404 9 - 0.317 ms"}
{"level":"info","message":"GET /th-th/home 404 9 - 0.934 ms"}
{"level":"info","message":"GET / 404 9 - 0.471 ms"}
{"level":"info","message":"GET / 404 9 - 0.242 ms"}
{"level":"info","message":"GET / 404 9 - 0.926 ms"}
{"level":"info","message":"GET /owa/auth/logon.aspx 404 9 - 0.871 ms"}
{"level":"info","message":"GET /wp-admin/setup-config.php 404 9 - 0.826 ms"}
{"level":"info","message":"GET /wordpress/wp-admin/setup-config.php 404 9 - 0.259 ms"}
{"level":"info","message":"GET /actuator/gateway/routes 404 9 - 0.787 ms"}
{"level":"info","message":"GET /ab2g 404 9 - 0.701 ms"}
{"level":"info","message":"GET /ab2h 404 9 - 0.252 ms"}
{"level":"info","message":"GET / 404 9 - 0.508 ms"}
{"level":"info","message":"GET /download/powershell/ 404 9 - 0.327 ms"}
{"level":"info","message":"GET /download/powershell/ 404 9 - 0.984 ms"}
{"level":"info","message":"GET /ab2g 404 9 - 0.342 ms"}
{"level":"info","message":"GET /ab2h 404 9 - 0.267 ms"}
{"level":"info","message":"GET / 404 9 - 0.262 ms"}
{"level":"info","message":"GET /fapi/v1/ticker/bookTicker?symbol=BTCUSDT 404 9 - 0.293 ms"}
{"level":"info","message":"GET / 404 9 - 1.010 ms"}
{"level":"info","message":"GET / 404 9 - 0.481 ms"}
{"level":"info","message":"HEAD / 404 9 - 0.381 ms"}
{"level":"info","message":"GET / 404 9 - 0.218 ms"}
{"level":"info","message":"GET /favicon.ico 404 9 - 0.228 ms"}
{"level":"info","message":"GET /favicon.ico 404 9 - 0.366 ms"}
{"level":"info","message":"GET /ads.txt 404 9 - 0.254 ms"}
{"level":"info","message":"GET /app-ads.txt 404 9 - 0.309 ms"}
{"level":"info","message":"GET /sellers.json 404 9 - 0.348 ms"}
{"level":"info","message":"GET /.env 404 9 - 0.744 ms"}
{"level":"info","message":"GET / 404 9 - 0.351 ms"}
{"level":"info","message":"GET / 404 9 - 0.329 ms"}
{"level":"info","message":"GET /favicon.ico 404 9 - 0.255 ms"}
{"level":"info","message":"GET /robots.txt 404 9 - 0.252 ms"}
{"level":"info","message":"GET /.git/config 404 9 - 0.248 ms"}
{"level":"info","message":"GET /my/en-us 404 9 - 0.893 ms"}
{"level":"info","message":"GET / 404 9 - 0.568 ms"}
{"level":"info","message":"GET / 404 9 - 0.307 ms"}
{"level":"info","message":"GET / 404 9 - 0.771 ms"}
{"level":"info","message":"GET / 404 9 - 0.994 ms"}
{"level":"info","message":"GET / 404 9 - 0.259 ms"}
{"level":"info","message":"GET /favicon.ico 404 9 - 0.268 ms"}
{"level":"info","message":"GET /robots.txt 404 9 - 0.330 ms"}
{"level":"info","message":"GET /favicon.ico 404 9 - 0.308 ms"}
{"level":"info","message":"GET /pdown 404 9 - 0.746 ms"}
{"level":"info","message":"GET /pdown 404 9 - 0.225 ms"}
{"level":"info","message":"GET / 404 9 - 0.358 ms"}
{"level":"info","message":"GET / 404 9 - 0.912 ms"}
{"level":"info","message":"GET /favicon.ico 404 9 - 0.278 ms"}
{"level":"info","message":"GET /.well-known/security.txt 404 9 - 2.370 ms"}
{"level":"info","message":"GET /favicon.ico 404 9 - 0.294 ms"}
