{"level":"info","message":"GET /?wc-ajax=get_refreshed_fragments 404 9 - 0.809 ms"}
{"level":"info","message":"GET / 404 9 - 0.283 ms"}
{"level":"info","message":"GET /robots.txt 404 9 - 0.249 ms"}
{"level":"info","message":"GET /sitemap.xml 404 9 - 0.308 ms"}
{"level":"info","message":"GET /.well-known/security.txt 404 9 - 0.277 ms"}
{"level":"info","message":"GET /favicon.ico 404 9 - 0.273 ms"}
{"level":"info","message":"GET / 404 9 - 2.123 ms"}
{"level":"info","message":"GET /remote/login 404 9 - 0.280 ms"}
{"level":"info","message":"GET /login 404 9 - 0.256 ms"}
{"level":"info","message":"GET /.env 404 9 - 0.277 ms"}
{"level":"info","message":"GET /.git/config 404 9 - 0.236 ms"}
{"level":"info","message":"GET /robots.txt 404 9 - 0.396 ms"}
{"level":"info","message":"GET / 404 9 - 0.287 ms"}
{"level":"info","message":"GET / 404 9 - 0.285 ms"}
{"level":"info","message":"GET /app/.env 404 9 - 0.890 ms"}
{"level":"info","message":"GET / 404 9 - 0.695 ms"}
{"level":"info","message":"GET /favicon.ico 404 9 - 0.556 ms"}
{"level":"info","message":"GET /security.txt 404 9 - 0.271 ms"}
{"level":"info","message":"GET /favicon.ico 404 9 - 0.270 ms"}
{"level":"info","message":"GET / 404 9 - 0.800 ms"}
{"level":"info","message":"POST /hello.world?%ADd+allow_url_include%3d1+%ADd+auto_prepend_file%3dphp://input 404 9 - 1.595 ms"}
{"level":"info","message":"GET /vendor/phpunit/phpunit/src/Util/PHP/eval-stdin.php 404 9 - 0.540 ms"}
{"level":"info","message":"GET /vendor/phpunit/phpunit/Util/PHP/eval-stdin.php 404 9 - 0.308 ms"}
{"level":"info","message":"GET /vendor/phpunit/src/Util/PHP/eval-stdin.php 404 9 - 0.328 ms"}
{"level":"info","message":"GET /vendor/phpunit/Util/PHP/eval-stdin.php 404 9 - 0.330 ms"}
{"level":"info","message":"GET /vendor/phpunit/phpunit/LICENSE/eval-stdin.php 404 9 - 0.300 ms"}
{"level":"info","message":"GET /vendor/vendor/phpunit/phpunit/src/Util/PHP/eval-stdin.php 404 9 - 0.320 ms"}
{"level":"info","message":"GET /phpunit/phpunit/src/Util/PHP/eval-stdin.php 404 9 - 0.280 ms"}
{"level":"info","message":"GET /phpunit/phpunit/Util/PHP/eval-stdin.php 404 9 - 0.254 ms"}
{"level":"info","message":"GET /phpunit/src/Util/PHP/eval-stdin.php 404 9 - 0.321 ms"}
{"level":"info","message":"GET /phpunit/Util/PHP/eval-stdin.php 404 9 - 0.356 ms"}
{"level":"info","message":"GET /lib/phpunit/phpunit/src/Util/PHP/eval-stdin.php 404 9 - 0.297 ms"}
{"level":"info","message":"GET /lib/phpunit/phpunit/Util/PHP/eval-stdin.php 404 9 - 0.308 ms"}
{"level":"info","message":"GET /lib/phpunit/src/Util/PHP/eval-stdin.php 404 9 - 0.283 ms"}
{"level":"info","message":"GET /lib/phpunit/Util/PHP/eval-stdin.php 404 9 - 0.331 ms"}
{"level":"info","message":"GET /lib/vendor/phpunit/phpunit/src/Util/PHP/eval-stdin.php 404 9 - 0.283 ms"}
{"level":"info","message":"GET /laravel/vendor/phpunit/phpunit/src/Util/PHP/eval-stdin.php 404 9 - 0.385 ms"}
{"level":"info","message":"GET /www/vendor/phpunit/phpunit/src/Util/PHP/eval-stdin.php 404 9 - 0.341 ms"}
{"level":"info","message":"GET /ws/vendor/phpunit/phpunit/src/Util/PHP/eval-stdin.php 404 9 - 0.281 ms"}
{"level":"info","message":"GET /yii/vendor/phpunit/phpunit/src/Util/PHP/eval-stdin.php 404 9 - 0.262 ms"}
{"level":"info","message":"GET /zend/vendor/phpunit/phpunit/src/Util/PHP/eval-stdin.php 404 9 - 0.287 ms"}
{"level":"info","message":"GET /ws/ec/vendor/phpunit/phpunit/src/Util/PHP/eval-stdin.php 404 9 - 0.291 ms"}
{"level":"info","message":"GET /V2/vendor/phpunit/phpunit/src/Util/PHP/eval-stdin.php 404 9 - 0.260 ms"}
{"level":"info","message":"GET /tests/vendor/phpunit/phpunit/src/Util/PHP/eval-stdin.php 404 9 - 0.296 ms"}
{"level":"info","message":"GET /test/vendor/phpunit/phpunit/src/Util/PHP/eval-stdin.php 404 9 - 0.299 ms"}
{"level":"info","message":"GET /testing/vendor/phpunit/phpunit/src/Util/PHP/eval-stdin.php 404 9 - 0.303 ms"}
{"level":"info","message":"GET /api/vendor/phpunit/phpunit/src/Util/PHP/eval-stdin.php 404 9 - 0.265 ms"}
{"level":"info","message":"GET /demo/vendor/phpunit/phpunit/src/Util/PHP/eval-stdin.php 404 9 - 0.264 ms"}
{"level":"info","message":"GET /cms/vendor/phpunit/phpunit/src/Util/PHP/eval-stdin.php 404 9 - 0.321 ms"}
{"level":"info","message":"GET /crm/vendor/phpunit/phpunit/src/Util/PHP/eval-stdin.php 404 9 - 0.286 ms"}
{"level":"info","message":"GET /admin/vendor/phpunit/phpunit/src/Util/PHP/eval-stdin.php 404 9 - 0.305 ms"}
{"level":"info","message":"GET /backup/vendor/phpunit/phpunit/src/Util/PHP/eval-stdin.php 404 9 - 0.271 ms"}
{"level":"info","message":"GET /blog/vendor/phpunit/phpunit/src/Util/PHP/eval-stdin.php 404 9 - 0.294 ms"}
{"level":"info","message":"GET /workspace/drupal/vendor/phpunit/phpunit/src/Util/PHP/eval-stdin.php 404 9 - 0.260 ms"}
{"level":"info","message":"GET /panel/vendor/phpunit/phpunit/src/Util/PHP/eval-stdin.php 404 9 - 0.389 ms"}
{"level":"info","message":"GET /public/vendor/phpunit/phpunit/src/Util/PHP/eval-stdin.php 404 9 - 0.327 ms"}
{"level":"info","message":"GET /apps/vendor/phpunit/phpunit/src/Util/PHP/eval-stdin.php 404 9 - 0.265 ms"}
{"level":"info","message":"GET /app/vendor/phpunit/phpunit/src/Util/PHP/eval-stdin.php 404 9 - 0.327 ms"}
{"level":"info","message":"GET /index.php?s=/index/\\think\\app/invokefunction&function=call_user_func_array&vars[0]=md5&vars[1][]=Hello 404 9 - 0.285 ms"}
{"level":"info","message":"GET /public/index.php?s=/index/\\think\\app/invokefunction&function=call_user_func_array&vars[0]=md5&vars[1][]=Hello 404 9 - 0.219 ms"}
{"level":"info","message":"GET /index.php?lang=../../../../../../../../usr/local/lib/php/pearcmd&+config-create+/&/<?echo(md5(\"hi\"));?>+/tmp/index1.php 404 9 - 0.253 ms"}
{"level":"info","message":"GET /index.php?lang=../../../../../../../../tmp/index1 404 9 - 0.301 ms"}
{"level":"info","message":"GET /containers/json 404 9 - 0.266 ms"}
{"level":"info","message":"POST /hello.world?%ADd+allow_url_include%3d1+%ADd+auto_prepend_file%3dphp://input 404 9 - 0.845 ms"}
{"level":"info","message":"GET /vendor/phpunit/phpunit/src/Util/PHP/eval-stdin.php 404 9 - 0.270 ms"}
{"level":"info","message":"GET /vendor/phpunit/phpunit/Util/PHP/eval-stdin.php 404 9 - 0.252 ms"}
{"level":"info","message":"GET /vendor/phpunit/src/Util/PHP/eval-stdin.php 404 9 - 0.339 ms"}
{"level":"info","message":"GET /vendor/phpunit/Util/PHP/eval-stdin.php 404 9 - 0.276 ms"}
{"level":"info","message":"GET /vendor/phpunit/phpunit/LICENSE/eval-stdin.php 404 9 - 0.327 ms"}
{"level":"info","message":"GET /vendor/vendor/phpunit/phpunit/src/Util/PHP/eval-stdin.php 404 9 - 0.413 ms"}
{"level":"info","message":"GET /phpunit/phpunit/src/Util/PHP/eval-stdin.php 404 9 - 0.309 ms"}
{"level":"info","message":"GET /phpunit/phpunit/Util/PHP/eval-stdin.php 404 9 - 0.279 ms"}
{"level":"info","message":"GET /phpunit/src/Util/PHP/eval-stdin.php 404 9 - 0.258 ms"}
{"level":"info","message":"GET /phpunit/Util/PHP/eval-stdin.php 404 9 - 0.299 ms"}
{"level":"info","message":"GET /lib/phpunit/phpunit/src/Util/PHP/eval-stdin.php 404 9 - 0.254 ms"}
{"level":"info","message":"GET /lib/phpunit/phpunit/Util/PHP/eval-stdin.php 404 9 - 0.319 ms"}
{"level":"info","message":"GET /lib/phpunit/src/Util/PHP/eval-stdin.php 404 9 - 0.259 ms"}
{"level":"info","message":"GET /lib/phpunit/Util/PHP/eval-stdin.php 404 9 - 0.293 ms"}
{"level":"info","message":"GET /lib/vendor/phpunit/phpunit/src/Util/PHP/eval-stdin.php 404 9 - 0.268 ms"}
{"level":"info","message":"GET /laravel/vendor/phpunit/phpunit/src/Util/PHP/eval-stdin.php 404 9 - 0.265 ms"}
{"level":"info","message":"GET /www/vendor/phpunit/phpunit/src/Util/PHP/eval-stdin.php 404 9 - 0.311 ms"}
{"level":"info","message":"GET /ws/vendor/phpunit/phpunit/src/Util/PHP/eval-stdin.php 404 9 - 0.295 ms"}
{"level":"info","message":"GET /yii/vendor/phpunit/phpunit/src/Util/PHP/eval-stdin.php 404 9 - 0.254 ms"}
{"level":"info","message":"GET /zend/vendor/phpunit/phpunit/src/Util/PHP/eval-stdin.php 404 9 - 0.257 ms"}
{"level":"info","message":"GET /ws/ec/vendor/phpunit/phpunit/src/Util/PHP/eval-stdin.php 404 9 - 0.297 ms"}
{"level":"info","message":"GET /V2/vendor/phpunit/phpunit/src/Util/PHP/eval-stdin.php 404 9 - 0.323 ms"}
{"level":"info","message":"GET /tests/vendor/phpunit/phpunit/src/Util/PHP/eval-stdin.php 404 9 - 3.540 ms"}
{"level":"info","message":"GET /test/vendor/phpunit/phpunit/src/Util/PHP/eval-stdin.php 404 9 - 0.324 ms"}
{"level":"info","message":"GET /testing/vendor/phpunit/phpunit/src/Util/PHP/eval-stdin.php 404 9 - 0.273 ms"}
{"level":"info","message":"GET /api/vendor/phpunit/phpunit/src/Util/PHP/eval-stdin.php 404 9 - 0.448 ms"}
{"level":"info","message":"GET /demo/vendor/phpunit/phpunit/src/Util/PHP/eval-stdin.php 404 9 - 0.320 ms"}
{"level":"info","message":"GET /cms/vendor/phpunit/phpunit/src/Util/PHP/eval-stdin.php 404 9 - 0.278 ms"}
{"level":"info","message":"GET /crm/vendor/phpunit/phpunit/src/Util/PHP/eval-stdin.php 404 9 - 0.271 ms"}
{"level":"info","message":"GET /admin/vendor/phpunit/phpunit/src/Util/PHP/eval-stdin.php 404 9 - 0.308 ms"}
{"level":"info","message":"GET /backup/vendor/phpunit/phpunit/src/Util/PHP/eval-stdin.php 404 9 - 0.275 ms"}
{"level":"info","message":"GET /blog/vendor/phpunit/phpunit/src/Util/PHP/eval-stdin.php 404 9 - 0.290 ms"}
{"level":"info","message":"GET /workspace/drupal/vendor/phpunit/phpunit/src/Util/PHP/eval-stdin.php 404 9 - 0.259 ms"}
{"level":"info","message":"GET /panel/vendor/phpunit/phpunit/src/Util/PHP/eval-stdin.php 404 9 - 0.277 ms"}
{"level":"info","message":"GET /public/vendor/phpunit/phpunit/src/Util/PHP/eval-stdin.php 404 9 - 0.318 ms"}
{"level":"info","message":"GET /apps/vendor/phpunit/phpunit/src/Util/PHP/eval-stdin.php 404 9 - 0.302 ms"}
{"level":"info","message":"GET /app/vendor/phpunit/phpunit/src/Util/PHP/eval-stdin.php 404 9 - 0.285 ms"}
{"level":"info","message":"GET /index.php?s=/index/\\think\\app/invokefunction&function=call_user_func_array&vars[0]=md5&vars[1][]=Hello 404 9 - 0.232 ms"}
{"level":"info","message":"GET /public/index.php?s=/index/\\think\\app/invokefunction&function=call_user_func_array&vars[0]=md5&vars[1][]=Hello 404 9 - 0.230 ms"}
{"level":"info","message":"GET /index.php?lang=../../../../../../../../usr/local/lib/php/pearcmd&+config-create+/&/<?echo(md5(\"hi\"));?>+/tmp/index1.php 404 9 - 0.281 ms"}
{"level":"info","message":"GET /index.php?lang=../../../../../../../../tmp/index1 404 9 - 0.271 ms"}
{"level":"info","message":"GET /containers/json 404 9 - 0.359 ms"}
{"level":"info","message":"GET / 404 9 - 0.791 ms"}
{"level":"info","message":"GET /.env 404 9 - 1.136 ms"}
{"level":"info","message":"GET /api/.env 404 9 - 0.253 ms"}
{"level":"info","message":"GET / 404 9 - 0.999 ms"}
{"level":"info","message":"GET /favicon.ico 404 9 - 0.270 ms"}
{"level":"info","message":"GET / 404 9 - 1.418 ms"}
{"level":"info","message":"GET /developmentserver/metadatauploader 404 9 - 3.432 ms"}
{"level":"info","message":"GET /wp-admin/setup-config.php 404 9 - 0.556 ms"}
{"level":"info","message":"GET / 404 9 - 0.366 ms"}
{"level":"info","message":"GET /wordpress/wp-admin/setup-config.php 404 9 - 0.262 ms"}
{"level":"info","message":"GET /.env 404 9 - 0.745 ms"}
{"level":"info","message":"POST / 404 9 - 10.469 ms"}
{"level":"info","message":"GET / 404 9 - 0.483 ms"}
{"level":"info","message":"GET / 404 9 - 0.327 ms"}
{"level":"info","message":"GET / 404 9 - 0.694 ms"}
{"level":"info","message":"GET /?wc-ajax=get_refreshed_fragments 404 9 - 0.804 ms"}
{"level":"info","message":"POST /v2/vectordb/collections/describe 404 9 - 1.196 ms"}
{"level":"info","message":"GET / 404 9 - 0.289 ms"}
{"level":"info","message":"GET /fapi/v1/ticker/bookTicker?symbol=BTCUSDT 404 9 - 0.344 ms"}
{"level":"info","message":"GET /.env 404 9 - 1.010 ms"}
{"level":"info","message":"GET /robots.txt 404 9 - 0.933 ms"}
{"level":"info","message":"GET / 404 9 - 0.336 ms"}
{"level":"info","message":"GET / 404 9 - 0.873 ms"}
{"level":"info","message":"GET /.git/config 404 9 - 0.348 ms"}
{"level":"info","message":"GET /.aws/credentials 404 9 - 0.611 ms"}
{"level":"info","message":"GET /.env.dev 404 9 - 1.229 ms"}
{"level":"info","message":"GET /download/powershell/ 404 9 - 1.321 ms"}
{"level":"info","message":"GET /ab2g 404 9 - 0.275 ms"}
{"level":"info","message":"GET /ab2h 404 9 - 0.297 ms"}
{"level":"info","message":"GET / 404 9 - 0.307 ms"}
{"level":"info","message":"GET /.env 404 9 - 1.039 ms"}
{"level":"info","message":"GET /.env 404 9 - 0.284 ms"}
{"level":"info","message":"GET / 404 9 - 0.649 ms"}
{"level":"info","message":"GET /version 404 9 - 0.945 ms"}
{"level":"info","message":"GET / 404 9 - 0.932 ms"}
{"level":"info","message":"GET /.env 404 9 - 0.469 ms"}
{"level":"info","message":"GET /.git/config 404 9 - 0.282 ms"}
{"level":"info","message":"GET / 404 9 - 0.855 ms"}
{"level":"info","message":"GET / 404 9 - 0.295 ms"}
{"level":"info","message":"GET /.env 404 9 - 0.271 ms"}
{"level":"info","message":"GET / 404 9 - 0.312 ms"}
{"level":"info","message":"GET / 404 9 - 0.844 ms"}
{"level":"info","message":"GET /wp-admin/setup-config.php 404 9 - 0.598 ms"}
{"level":"info","message":"GET /wordpress/wp-admin/setup-config.php 404 9 - 0.472 ms"}
{"level":"info","message":"GET / 404 9 - 0.836 ms"}
{"level":"info","message":"GET / 404 9 - 0.430 ms"}
{"level":"info","message":"GET / 404 9 - 1.278 ms"}
{"level":"info","message":"GET / 404 9 - 1.181 ms"}
{"level":"info","message":"GET / 404 9 - 0.364 ms"}
{"level":"info","message":"GET /favicon.ico 404 9 - 0.479 ms"}
{"level":"info","message":"GET /.well-known/security.txt 404 9 - 0.251 ms"}
{"level":"info","message":"GET /favicon.ico 404 9 - 0.352 ms"}
{"level":"info","message":"GET / 404 9 - 0.398 ms"}
{"level":"info","message":"GET / 404 9 - 1.094 ms"}
{"level":"info","message":"GET /?XDEBUG_SESSION_START=phpstorm 404 9 - 0.412 ms"}
{"level":"info","message":"GET / 404 9 - 1.060 ms"}
{"level":"info","message":"GET / 404 9 - 0.270 ms"}
{"level":"info","message":"GET /manage/account/login 404 9 - 0.307 ms"}
{"level":"info","message":"GET /admin/index.html 404 9 - 0.289 ms"}
{"level":"info","message":"GET / 404 9 - 0.285 ms"}
{"level":"info","message":"GET /cgi-bin/login.cgi 404 9 - 0.250 ms"}
{"level":"info","message":"GET /login.htm 404 9 - 0.274 ms"}
{"level":"info","message":"GET /login.jsp 404 9 - 0.273 ms"}
{"level":"info","message":"GET /login 404 9 - 1.190 ms"}
{"level":"info","message":"GET /remote/login 404 9 - 0.254 ms"}
{"level":"info","message":"GET /wp-admin/setup-config.php 404 9 - 0.884 ms"}
{"level":"info","message":"GET /wordpress/wp-admin/setup-config.php 404 9 - 0.243 ms"}
{"level":"info","message":"GET / 404 9 - 0.411 ms"}
{"level":"info","message":"GET / 404 9 - 0.269 ms"}
{"level":"info","message":"GET /favicon.ico 404 9 - 0.268 ms"}
{"level":"info","message":"GET /api/v2/static/not.found 404 9 - 0.265 ms"}
{"level":"info","message":"GET /api/v2/static/not.found 404 9 - 0.291 ms"}
{"level":"info","message":"GET /remote/logincheck 404 9 - 0.266 ms"}
{"level":"info","message":"GET /remote/logincheck 404 9 - 0.321 ms"}
{"level":"info","message":"GET /fonts/ftnt-icons.woff 404 9 - 0.316 ms"}
{"level":"info","message":"GET /fonts/ftnt-icons.woff 404 9 - 0.266 ms"}
{"level":"info","message":"GET /login?redir=/ng 404 9 - 0.280 ms"}
{"level":"info","message":"GET /login?redir=/ng 404 9 - 0.238 ms"}
{"level":"info","message":"GET /lang/custom/sbin/init 404 9 - 0.307 ms"}
{"level":"info","message":"GET /lang/custom/sbin/init 404 9 - 0.316 ms"}
{"level":"info","message":"GET /static/lang/custom/sbin/init 404 9 - 0.317 ms"}
{"level":"info","message":"GET /static/lang/custom/sbin/init 404 9 - 0.328 ms"}
{"level":"info","message":"GET /lang/legacy/filechecksum 404 9 - 0.267 ms"}
{"level":"info","message":"GET /lang/legacy/filechecksum 404 9 - 0.250 ms"}
{"level":"info","message":"GET /migadmin/lang/legacy/legacy/filechecksum 404 9 - 0.305 ms"}
{"level":"info","message":"GET /migadmin/lang/legacy/legacy/filechecksum 404 9 - 0.289 ms"}
{"level":"info","message":"GET /.env 404 9 - 0.311 ms"}
{"level":"info","message":"GET /.env 404 9 - 0.790 ms"}
{"level":"info","message":"GET /actuator/gateway/routes 404 9 - 0.270 ms"}
{"level":"info","message":"GET / 404 9 - 0.238 ms"}
{"level":"info","message":"GET /phpinfo.php 404 9 - 0.227 ms"}
{"level":"info","message":"GET /phpinfo 404 9 - 0.149 ms"}
{"level":"info","message":"GET /test.php 404 9 - 0.127 ms"}
{"level":"info","message":"GET /info.php 404 9 - 0.126 ms"}
{"level":"info","message":"GET /php_info.php 404 9 - 0.187 ms"}
{"level":"info","message":"GET /server_info.php 404 9 - 0.125 ms"}
{"level":"info","message":"GET /wp-config.php 404 9 - 0.161 ms"}
{"level":"info","message":"GET /_profiler/phpinfo 404 9 - 0.128 ms"}
{"level":"info","message":"GET / 404 9 - 0.291 ms"}
{"level":"info","message":"GET /next/.env 404 9 - 0.224 ms"}
{"level":"info","message":"GET /.env 404 9 - 0.159 ms"}
{"level":"info","message":"GET /config/.env 404 9 - 0.216 ms"}
{"level":"info","message":"GET /.env.production 404 9 - 0.166 ms"}
{"level":"info","message":"GET /.env.local 404 9 - 0.147 ms"}
{"level":"info","message":"GET /api/shared/config/config.env 404 9 - 0.132 ms"}
{"level":"info","message":"GET /api/.env 404 9 - 0.684 ms"}
{"level":"info","message":"GET /symfony/.env 404 9 - 0.132 ms"}
{"level":"info","message":"GET /django/.env 404 9 - 0.131 ms"}
{"level":"info","message":"GET /flask/.env 404 9 - 0.134 ms"}
{"level":"info","message":"GET /nuxt/.env 404 9 - 0.305 ms"}
{"level":"info","message":"GET /react/.env 404 9 - 0.168 ms"}
{"level":"info","message":"GET /.env.save 404 9 - 0.145 ms"}
{"level":"info","message":"GET /core/.env 404 9 - 0.154 ms"}
{"level":"info","message":"GET /cp/.env 404 9 - 0.141 ms"}
{"level":"info","message":"GET /conf/.env 404 9 - 0.150 ms"}
{"level":"info","message":"GET /server/.env 404 9 - 0.131 ms"}
{"level":"info","message":"GET /crm/.env 404 9 - 0.143 ms"}
{"level":"info","message":"GET / 404 9 - 0.284 ms"}
{"level":"info","message":"GET /db.sql 404 9 - 0.257 ms"}
{"level":"info","message":"GET / 404 9 - 0.193 ms"}
{"level":"info","message":"GET /api.sql 404 9 - 0.158 ms"}
{"level":"info","message":"GET /backup.zip 404 9 - 0.153 ms"}
{"level":"info","message":"GET /register/ 404 9 - 0.128 ms"}
{"level":"info","message":"GET /contact/ 404 9 - 0.130 ms"}
{"level":"info","message":"GET /.aws/credentials 404 9 - 0.130 ms"}
{"level":"info","message":"GET /test.zip 404 9 - 0.144 ms"}
{"level":"info","message":"GET /backup.sql 404 9 - 0.135 ms"}
{"level":"info","message":"GET /config.sh 404 9 - 0.192 ms"}
{"level":"info","message":"GET /api.csv 404 9 - 0.258 ms"}
{"level":"info","message":"GET /karma.conf.json 404 9 - 0.170 ms"}
{"level":"info","message":"GET /.git/config 404 9 - 0.138 ms"}
{"level":"info","message":"GET /.gitconfig 404 9 - 0.136 ms"}
{"level":"info","message":"GET /config.js 404 9 - 0.133 ms"}
{"level":"info","message":"GET /js/config.js 404 9 - 0.137 ms"}
{"level":"info","message":"GET /docker-compose.yml 404 9 - 0.135 ms"}
{"level":"info","message":"GET /docker-compose.yaml 404 9 - 0.131 ms"}
{"level":"info","message":"GET /index.js 404 9 - 0.142 ms"}
{"level":"info","message":"GET /.AWS_/credentials 404 9 - 0.151 ms"}
{"level":"info","message":"GET /settings.py 404 9 - 0.238 ms"}
{"level":"info","message":"GET /ses.sh 404 9 - 0.180 ms"}
{"level":"info","message":"GET /send-ses.sh 404 9 - 0.160 ms"}
{"level":"info","message":"GET /signup/ 404 9 - 0.149 ms"}
{"level":"info","message":"GET /robots.txt 404 9 - 0.126 ms"}
{"level":"info","message":"GET /sitemap.xml 404 9 - 0.129 ms"}
{"level":"info","message":"GET /web.config 404 9 - 0.125 ms"}
{"level":"info","message":"GET /wp-config.php 404 9 - 0.167 ms"}
{"level":"info","message":"GET /config.php.old 404 9 - 0.127 ms"}
{"level":"info","message":"GET /wp-config.php.bak 404 9 - 0.128 ms"}
{"level":"info","message":"GET /config.properties 404 9 - 0.261 ms"}
{"level":"info","message":"GET / 404 9 - 0.226 ms"}
{"level":"info","message":"GET /fapi/v1/ticker/bookTicker?symbol=BTCUSDT 404 9 - 0.228 ms"}
{"level":"info","message":"GET / 404 9 - 0.277 ms"}
{"level":"info","message":"GET /webui/ 404 9 - 0.348 ms"}
{"level":"info","message":"GET / 404 9 - 0.979 ms"}
{"level":"info","message":"GET /favicon.ico 404 9 - 0.364 ms"}
{"level":"info","message":"GET / 404 9 - 0.228 ms"}
{"level":"info","message":"GET /geoserver/web/ 404 9 - 0.363 ms"}
{"level":"info","message":"GET /.git/config 404 9 - 0.479 ms"}
{"level":"info","message":"GET / 404 9 - 0.516 ms"}
{"level":"info","message":"GET /robots.txt 404 9 - 0.301 ms"}
{"level":"info","message":"GET /sitemap.xml 404 9 - 0.262 ms"}
{"level":"info","message":"GET /.well-known/security.txt 404 9 - 0.265 ms"}
{"level":"info","message":"GET /favicon.ico 404 9 - 0.256 ms"}
{"level":"info","message":"GET / 404 9 - 0.304 ms"}
{"level":"info","message":"GET /robots.txt 404 9 - 0.318 ms"}
{"level":"info","message":"GET /sitemap.xml 404 9 - 0.239 ms"}
{"level":"info","message":"GET /.well-known/security.txt 404 9 - 0.230 ms"}
{"level":"info","message":"GET /favicon.ico 404 9 - 0.230 ms"}
{"level":"info","message":"GET /_profiler/phpinfo 404 9 - 0.266 ms"}
{"level":"info","message":"GET / 404 9 - 0.285 ms"}
{"level":"info","message":"GET /_profiler/phpinfo 404 9 - 0.982 ms"}
{"level":"info","message":"GET /_profiler/phpinfo 404 9 - 0.472 ms"}
{"level":"info","message":"GET /pdown 404 9 - 0.769 ms"}
{"level":"info","message":"GET /pdown 404 9 - 0.242 ms"}
{"level":"info","message":"GET /.env 404 9 - 0.839 ms"}
{"level":"info","message":"POST /php-cgi/php-cgi.exe?%ADd+cgi.force_redirect%3D0+%ADd+disable_functions%3D%22%22+%ADd+allow_url_include%3D1+%ADd+auto_prepend_file%3Dphp://input 404 9 - 1.811 ms"}
{"level":"info","message":"GET /.git/config 404 9 - 0.280 ms"}
{"level":"info","message":"GET / 404 9 - 0.423 ms"}
{"level":"info","message":"GET / 404 9 - 0.309 ms"}
{"level":"info","message":"GET / 404 9 - 0.269 ms"}
{"level":"info","message":"GET /favicon.ico 404 9 - 0.281 ms"}
{"level":"info","message":"GET /favicon.ico 404 9 - 0.288 ms"}
{"level":"info","message":"GET / 404 9 - 0.422 ms"}
